2017-02-28 15:32:51 INFO [org.quartz.simpl.SimpleThreadPool] Job execution threads will use class loader of thread: RMI TCP Connection(3)-127.0.0.1
2017-02-28 15:32:51 INFO [org.quartz.core.SchedulerSignalerImpl] Initialized Scheduler Signaller of type: class org.quartz.core.SchedulerSignalerImpl
2017-02-28 15:32:51 INFO [org.quartz.core.QuartzScheduler] Quartz Scheduler v.1.7.3 created.
2017-02-28 15:32:51 INFO [org.quartz.simpl.RAMJobStore] RAMJobStore initialized.
2017-02-28 15:32:51 INFO [org.quartz.impl.StdSchedulerFactory] Quartz scheduler 'DefaultQuartzScheduler' initialized from default resource file in Quartz package: 'quartz.properties'
2017-02-28 15:32:51 INFO [org.quartz.impl.StdSchedulerFactory] Quartz scheduler version: 1.7.3
2017-02-28 15:32:52 INFO [org.quartz.utils.UpdateChecker] New update(s) found: 1.8.5 [http://www.terracotta.org/kit/reflector?kitID=default&pageID=QuartzChangeLog]
2017-02-28 15:32:52 INFO [org.springframework.web.servlet.DispatcherServlet] FrameworkServlet 'springMVC': initialization started
2017-02-28 15:32:52 INFO [org.springframework.web.context.support.XmlWebApplicationContext] Refreshing WebApplicationContext for namespace 'springMVC-servlet': startup date [Tue Feb 28 15:32:52 CST 2017]; root of context hierarchy
2017-02-28 15:32:53 INFO [org.springframework.beans.factory.xml.XmlBeanDefinitionReader] Loading XML bean definitions from class path resource [springmvc-servlet.xml]
2017-02-28 15:32:53 INFO [org.springframework.beans.factory.xml.XmlBeanDefinitionReader] Loading XML bean definitions from class path resource [mysql-config.xml]
2017-02-28 15:32:53 INFO [org.springframework.beans.factory.xml.XmlBeanDefinitionReader] Loading XML bean definitions from class path resource [redis-config.xml]
2017-02-28 15:32:53 INFO [org.springframework.beans.factory.config.PropertyPlaceholderConfigurer] Loading properties file from class path resource [system.properties]
2017-02-28 15:32:53 INFO [org.springframework.context.support.PropertySourcesPlaceholderConfigurer] Loading properties file from class path resource [system.properties]
2017-02-28 15:32:54 INFO [com.alibaba.druid.pool.DruidDataSource] {dataSource-1} inited
2017-02-28 15:32:54 INFO [org.springframework.web.servlet.mvc.method.annotation.RequestMappingHandlerMapping] Mapped "{[/rob/beacon/message],methods=[GET]}" onto public java.lang.String com.ictwsn.rob.beacon.BeaconAction.welcome(javax.servlet.http.HttpServletRequest,javax.servlet.http.HttpServletResponse,java.lang.String) throws java.io.IOException,javax.servlet.ServletException
2017-02-28 15:32:54 INFO [org.springframework.web.servlet.mvc.method.annotation.RequestMappingHandlerMapping] Mapped "{[/user/create],methods=[POST]}" onto public java.lang.String com.ictwsn.test.action.UserAction.createUser(javax.servlet.http.HttpServletRequest,javax.servlet.http.HttpServletResponse,com.ictwsn.test.bean.UserBean)
2017-02-28 15:32:54 INFO [org.springframework.web.servlet.mvc.method.annotation.RequestMappingHandlerMapping] Mapped "{[/springmvcupload]}" onto public java.lang.String com.ictwsn.utils.ToolAction.upload2(javax.servlet.http.HttpServletRequest,javax.servlet.http.HttpServletResponse) throws java.lang.IllegalStateException,java.io.IOException
2017-02-28 15:32:54 INFO [org.springframework.web.servlet.mvc.method.annotation.RequestMappingHandlerMapping] Mapped "{[/generalupdate]}" onto public java.lang.String com.ictwsn.utils.ToolAction.addUser(org.springframework.web.multipart.commons.CommonsMultipartFile[],javax.servlet.http.HttpServletRequest)
2017-02-28 15:32:54 INFO [org.springframework.web.servlet.mvc.method.annotation.RequestMappingHandlerMapping] Mapped "{[/wx.do],methods=[GET]}" onto public java.lang.String com.ictwsn.utils.wechat.WechatAction.createUser(javax.servlet.http.HttpServletRequest,javax.servlet.http.HttpServletResponse) throws javax.servlet.ServletException,java.io.IOException
2017-02-28 15:32:54 INFO [org.springframework.web.servlet.mvc.method.annotation.RequestMappingHandlerMapping] Mapped "{[/welcome.do]}" onto public java.lang.String com.ictwsn.WelcomeAction.welcome()
2017-02-28 15:32:54 INFO [org.springframework.web.servlet.mvc.method.annotation.RequestMappingHandlerAdapter] Looking for @ControllerAdvice: WebApplicationContext for namespace 'springMVC-servlet': startup date [Tue Feb 28 15:32:52 CST 2017]; root of context hierarchy
2017-02-28 15:32:54 INFO [org.springframework.web.servlet.mvc.method.annotation.RequestMappingHandlerAdapter] Looking for @ControllerAdvice: WebApplicationContext for namespace 'springMVC-servlet': startup date [Tue Feb 28 15:32:52 CST 2017]; root of context hierarchy
2017-02-28 15:32:54 INFO [org.springframework.web.servlet.mvc.annotation.DefaultAnnotationHandlerMapping] Mapped URL path [/rob/beacon/message] onto handler 'beaconAction'
2017-02-28 15:32:54 INFO [org.springframework.web.servlet.mvc.annotation.DefaultAnnotationHandlerMapping] Mapped URL path [/rob/beacon/message.*] onto handler 'beaconAction'
2017-02-28 15:32:54 INFO [org.springframework.web.servlet.mvc.annotation.DefaultAnnotationHandlerMapping] Mapped URL path [/rob/beacon/message/] onto handler 'beaconAction'
2017-02-28 15:32:54 INFO [org.springframework.web.servlet.mvc.annotation.DefaultAnnotationHandlerMapping] Mapped URL path [/user/create] onto handler 'userAction'
2017-02-28 15:32:54 INFO [org.springframework.web.servlet.mvc.annotation.DefaultAnnotationHandlerMapping] Mapped URL path [/user/create.*] onto handler 'userAction'
2017-02-28 15:32:54 INFO [org.springframework.web.servlet.mvc.annotation.DefaultAnnotationHandlerMapping] Mapped URL path [/user/create/] onto handler 'userAction'
2017-02-28 15:32:54 INFO [org.springframework.web.servlet.mvc.annotation.DefaultAnnotationHandlerMapping] Mapped URL path [/springmvcupload] onto handler 'toolAction'
2017-02-28 15:32:54 INFO [org.springframework.web.servlet.mvc.annotation.DefaultAnnotationHandlerMapping] Mapped URL path [/springmvcupload.*] onto handler 'toolAction'
2017-02-28 15:32:54 INFO [org.springframework.web.servlet.mvc.annotation.DefaultAnnotationHandlerMapping] Mapped URL path [/springmvcupload/] onto handler 'toolAction'
2017-02-28 15:32:54 INFO [org.springframework.web.servlet.mvc.annotation.DefaultAnnotationHandlerMapping] Mapped URL path [/generalupdate] onto handler 'toolAction'
2017-02-28 15:32:54 INFO [org.springframework.web.servlet.mvc.annotation.DefaultAnnotationHandlerMapping] Mapped URL path [/generalupdate.*] onto handler 'toolAction'
2017-02-28 15:32:54 INFO [org.springframework.web.servlet.mvc.annotation.DefaultAnnotationHandlerMapping] Mapped URL path [/generalupdate/] onto handler 'toolAction'
2017-02-28 15:32:54 INFO [org.springframework.web.servlet.mvc.annotation.DefaultAnnotationHandlerMapping] Mapped URL path [/wx.do] onto handler 'wechatAction'
2017-02-28 15:32:54 INFO [org.springframework.web.servlet.mvc.annotation.DefaultAnnotationHandlerMapping] Mapped URL path [/welcome.do] onto handler 'welcomeAction'
2017-02-28 15:32:54 INFO [org.quartz.core.SchedulerSignalerImpl] Initialized Scheduler Signaller of type: class org.quartz.core.SchedulerSignalerImpl
2017-02-28 15:32:54 INFO [org.quartz.core.QuartzScheduler] Quartz Scheduler v.1.7.3 created.
2017-02-28 15:32:54 INFO [org.quartz.simpl.RAMJobStore] RAMJobStore initialized.
2017-02-28 15:32:54 INFO [org.quartz.impl.StdSchedulerFactory] Quartz scheduler 'startQuartz' initialized from an externally provided properties instance.
2017-02-28 15:32:54 INFO [org.quartz.impl.StdSchedulerFactory] Quartz scheduler version: 1.7.3
2017-02-28 15:32:54 INFO [org.quartz.core.QuartzScheduler] JobFactory set to: org.springframework.scheduling.quartz.AdaptableJobFactory@7228a1b
2017-02-28 15:32:54 INFO [org.springframework.context.support.DefaultLifecycleProcessor] Starting beans in phase 2147483647
2017-02-28 15:32:54 INFO [org.springframework.scheduling.quartz.SchedulerFactoryBean] Starting Quartz Scheduler now
2017-02-28 15:32:54 INFO [org.quartz.core.QuartzScheduler] Scheduler startQuartz_$_NON_CLUSTERED started.
2017-02-28 15:32:54 INFO [com.ictwsn.utils.InitialConfiguration] 初始化语音文件夹
2017-02-28 15:32:55 INFO [com.ictwsn.utils.InitialConfiguration] spring容易初始化完毕================================================
2017-02-28 15:32:55 INFO [org.springframework.web.servlet.DispatcherServlet] FrameworkServlet 'springMVC': initialization completed in 2062 ms
2017-02-28 15:32:55 INFO [org.quartz.utils.UpdateChecker] New update(s) found: 1.8.5 [http://www.terracotta.org/kit/reflector?kitID=default&pageID=QuartzChangeLog]
2017-02-28 15:36:16 INFO [org.springframework.web.context.support.XmlWebApplicationContext] Closing WebApplicationContext for namespace 'springMVC-servlet': startup date [Tue Feb 28 15:32:52 CST 2017]; root of context hierarchy
2017-02-28 15:36:16 INFO [org.springframework.context.support.DefaultLifecycleProcessor] Stopping beans in phase 2147483647
2017-02-28 15:36:16 INFO [org.quartz.core.QuartzScheduler] Scheduler startQuartz_$_NON_CLUSTERED paused.
2017-02-28 15:36:16 INFO [org.springframework.scheduling.quartz.SchedulerFactoryBean] Shutting down Quartz Scheduler
2017-02-28 15:36:16 INFO [org.quartz.core.QuartzScheduler] Scheduler startQuartz_$_NON_CLUSTERED shutting down.
2017-02-28 15:36:16 INFO [org.quartz.core.QuartzScheduler] Scheduler startQuartz_$_NON_CLUSTERED paused.
2017-02-28 15:36:16 INFO [org.quartz.core.QuartzScheduler] Scheduler startQuartz_$_NON_CLUSTERED shutdown complete.
2017-02-28 15:36:16 INFO [com.alibaba.druid.pool.DruidDataSource] {dataSource-1} closed
2017-02-28 15:36:35 INFO [org.quartz.simpl.SimpleThreadPool] Job execution threads will use class loader of thread: RMI TCP Connection(3)-127.0.0.1
2017-02-28 15:36:35 INFO [org.quartz.core.SchedulerSignalerImpl] Initialized Scheduler Signaller of type: class org.quartz.core.SchedulerSignalerImpl
2017-02-28 15:36:35 INFO [org.quartz.core.QuartzScheduler] Quartz Scheduler v.1.7.3 created.
2017-02-28 15:36:35 INFO [org.quartz.simpl.RAMJobStore] RAMJobStore initialized.
2017-02-28 15:36:35 INFO [org.quartz.impl.StdSchedulerFactory] Quartz scheduler 'DefaultQuartzScheduler' initialized from default resource file in Quartz package: 'quartz.properties'
2017-02-28 15:36:35 INFO [org.quartz.impl.StdSchedulerFactory] Quartz scheduler version: 1.7.3
2017-02-28 15:36:36 INFO [org.quartz.utils.UpdateChecker] New update(s) found: 1.8.5 [http://www.terracotta.org/kit/reflector?kitID=default&pageID=QuartzChangeLog]
2017-02-28 15:36:36 INFO [org.springframework.web.servlet.DispatcherServlet] FrameworkServlet 'springMVC': initialization started
2017-02-28 15:36:36 INFO [org.springframework.web.context.support.XmlWebApplicationContext] Refreshing WebApplicationContext for namespace 'springMVC-servlet': startup date [Tue Feb 28 15:36:36 CST 2017]; root of context hierarchy
2017-02-28 15:36:37 INFO [org.springframework.beans.factory.xml.XmlBeanDefinitionReader] Loading XML bean definitions from class path resource [springmvc-servlet.xml]
2017-02-28 15:36:37 INFO [org.springframework.beans.factory.xml.XmlBeanDefinitionReader] Loading XML bean definitions from class path resource [mysql-config.xml]
2017-02-28 15:36:37 INFO [org.springframework.beans.factory.xml.XmlBeanDefinitionReader] Loading XML bean definitions from class path resource [redis-config.xml]
2017-02-28 15:36:37 INFO [org.springframework.beans.factory.config.PropertyPlaceholderConfigurer] Loading properties file from class path resource [system.properties]
2017-02-28 15:36:37 INFO [org.springframework.context.support.PropertySourcesPlaceholderConfigurer] Loading properties file from class path resource [system.properties]
2017-02-28 15:36:38 INFO [com.alibaba.druid.pool.DruidDataSource] {dataSource-1} inited
2017-02-28 15:36:38 INFO [org.springframework.web.servlet.mvc.method.annotation.RequestMappingHandlerMapping] Mapped "{[/rob/beacon/message],methods=[GET]}" onto public java.lang.String com.ictwsn.rob.beacon.BeaconAction.welcome(javax.servlet.http.HttpServletRequest,javax.servlet.http.HttpServletResponse,java.lang.String) throws java.io.IOException,javax.servlet.ServletException
2017-02-28 15:36:38 INFO [org.springframework.web.servlet.mvc.method.annotation.RequestMappingHandlerMapping] Mapped "{[/user/create],methods=[POST]}" onto public java.lang.String com.ictwsn.test.action.UserAction.createUser(javax.servlet.http.HttpServletRequest,javax.servlet.http.HttpServletResponse,com.ictwsn.test.bean.UserBean)
2017-02-28 15:36:38 INFO [org.springframework.web.servlet.mvc.method.annotation.RequestMappingHandlerMapping] Mapped "{[/generalupdate]}" onto public java.lang.String com.ictwsn.utils.ToolAction.addUser(org.springframework.web.multipart.commons.CommonsMultipartFile[],javax.servlet.http.HttpServletRequest)
2017-02-28 15:36:38 INFO [org.springframework.web.servlet.mvc.method.annotation.RequestMappingHandlerMapping] Mapped "{[/springmvcupload]}" onto public java.lang.String com.ictwsn.utils.ToolAction.upload2(javax.servlet.http.HttpServletRequest,javax.servlet.http.HttpServletResponse) throws java.lang.IllegalStateException,java.io.IOException
2017-02-28 15:36:38 INFO [org.springframework.web.servlet.mvc.method.annotation.RequestMappingHandlerMapping] Mapped "{[/wx.do],methods=[GET]}" onto public java.lang.String com.ictwsn.utils.wechat.WechatAction.createUser(javax.servlet.http.HttpServletRequest,javax.servlet.http.HttpServletResponse) throws javax.servlet.ServletException,java.io.IOException
2017-02-28 15:36:38 INFO [org.springframework.web.servlet.mvc.method.annotation.RequestMappingHandlerMapping] Mapped "{[/welcome.do]}" onto public java.lang.String com.ictwsn.WelcomeAction.welcome()
2017-02-28 15:36:38 INFO [org.springframework.web.servlet.mvc.method.annotation.RequestMappingHandlerAdapter] Looking for @ControllerAdvice: WebApplicationContext for namespace 'springMVC-servlet': startup date [Tue Feb 28 15:36:36 CST 2017]; root of context hierarchy
2017-02-28 15:36:38 INFO [org.springframework.web.servlet.mvc.method.annotation.RequestMappingHandlerAdapter] Looking for @ControllerAdvice: WebApplicationContext for namespace 'springMVC-servlet': startup date [Tue Feb 28 15:36:36 CST 2017]; root of context hierarchy
2017-02-28 15:36:38 INFO [org.springframework.web.servlet.mvc.annotation.DefaultAnnotationHandlerMapping] Mapped URL path [/rob/beacon/message] onto handler 'beaconAction'
2017-02-28 15:36:38 INFO [org.springframework.web.servlet.mvc.annotation.DefaultAnnotationHandlerMapping] Mapped URL path [/rob/beacon/message.*] onto handler 'beaconAction'
2017-02-28 15:36:38 INFO [org.springframework.web.servlet.mvc.annotation.DefaultAnnotationHandlerMapping] Mapped URL path [/rob/beacon/message/] onto handler 'beaconAction'
2017-02-28 15:36:38 INFO [org.springframework.web.servlet.mvc.annotation.DefaultAnnotationHandlerMapping] Mapped URL path [/user/create] onto handler 'userAction'
2017-02-28 15:36:38 INFO [org.springframework.web.servlet.mvc.annotation.DefaultAnnotationHandlerMapping] Mapped URL path [/user/create.*] onto handler 'userAction'
2017-02-28 15:36:38 INFO [org.springframework.web.servlet.mvc.annotation.DefaultAnnotationHandlerMapping] Mapped URL path [/user/create/] onto handler 'userAction'
2017-02-28 15:36:38 INFO [org.springframework.web.servlet.mvc.annotation.DefaultAnnotationHandlerMapping] Mapped URL path [/generalupdate] onto handler 'toolAction'
2017-02-28 15:36:38 INFO [org.springframework.web.servlet.mvc.annotation.DefaultAnnotationHandlerMapping] Mapped URL path [/generalupdate.*] onto handler 'toolAction'
2017-02-28 15:36:38 INFO [org.springframework.web.servlet.mvc.annotation.DefaultAnnotationHandlerMapping] Mapped URL path [/generalupdate/] onto handler 'toolAction'
2017-02-28 15:36:38 INFO [org.springframework.web.servlet.mvc.annotation.DefaultAnnotationHandlerMapping] Mapped URL path [/springmvcupload] onto handler 'toolAction'
2017-02-28 15:36:38 INFO [org.springframework.web.servlet.mvc.annotation.DefaultAnnotationHandlerMapping] Mapped URL path [/springmvcupload.*] onto handler 'toolAction'
2017-02-28 15:36:38 INFO [org.springframework.web.servlet.mvc.annotation.DefaultAnnotationHandlerMapping] Mapped URL path [/springmvcupload/] onto handler 'toolAction'
2017-02-28 15:36:38 INFO [org.springframework.web.servlet.mvc.annotation.DefaultAnnotationHandlerMapping] Mapped URL path [/wx.do] onto handler 'wechatAction'
2017-02-28 15:36:38 INFO [org.springframework.web.servlet.mvc.annotation.DefaultAnnotationHandlerMapping] Mapped URL path [/welcome.do] onto handler 'welcomeAction'
2017-02-28 15:36:38 INFO [org.quartz.core.SchedulerSignalerImpl] Initialized Scheduler Signaller of type: class org.quartz.core.SchedulerSignalerImpl
2017-02-28 15:36:38 INFO [org.quartz.core.QuartzScheduler] Quartz Scheduler v.1.7.3 created.
2017-02-28 15:36:38 INFO [org.quartz.simpl.RAMJobStore] RAMJobStore initialized.
2017-02-28 15:36:38 INFO [org.quartz.impl.StdSchedulerFactory] Quartz scheduler 'startQuartz' initialized from an externally provided properties instance.
2017-02-28 15:36:38 INFO [org.quartz.impl.StdSchedulerFactory] Quartz scheduler version: 1.7.3
2017-02-28 15:36:38 INFO [org.quartz.core.QuartzScheduler] JobFactory set to: org.springframework.scheduling.quartz.AdaptableJobFactory@5b64d934
2017-02-28 15:36:38 INFO [org.springframework.context.support.DefaultLifecycleProcessor] Starting beans in phase 2147483647
2017-02-28 15:36:38 INFO [org.springframework.scheduling.quartz.SchedulerFactoryBean] Starting Quartz Scheduler now
2017-02-28 15:36:38 INFO [org.quartz.core.QuartzScheduler] Scheduler startQuartz_$_NON_CLUSTERED started.
2017-02-28 15:36:38 INFO [com.ictwsn.utils.InitialConfiguration] 初始化语音文件夹===
2017-02-28 15:36:39 INFO [com.ictwsn.utils.InitialConfiguration] E:/document/audio/beacon不存在，已创建
2017-02-28 15:36:39 INFO [com.ictwsn.utils.InitialConfiguration] E:/document/audio/story不存在，已创建
2017-02-28 15:36:39 INFO [com.ictwsn.utils.InitialConfiguration] E:/document/audio/music不存在，已创建
2017-02-28 15:36:39 INFO [com.ictwsn.utils.InitialConfiguration] 语音文件夹创建完毕！
2017-02-28 15:36:39 INFO [com.ictwsn.utils.InitialConfiguration] spring容器初始化完毕================================================
2017-02-28 15:36:39 INFO [org.springframework.web.servlet.DispatcherServlet] FrameworkServlet 'springMVC': initialization completed in 2122 ms
2017-02-28 15:36:39 INFO [org.quartz.utils.UpdateChecker] New update(s) found: 1.8.5 [http://www.terracotta.org/kit/reflector?kitID=default&pageID=QuartzChangeLog]
2017-02-28 15:37:19 INFO [org.springframework.web.context.support.XmlWebApplicationContext] Closing WebApplicationContext for namespace 'springMVC-servlet': startup date [Tue Feb 28 15:36:36 CST 2017]; root of context hierarchy
2017-02-28 15:37:19 INFO [org.springframework.context.support.DefaultLifecycleProcessor] Stopping beans in phase 2147483647
2017-02-28 15:37:19 INFO [org.quartz.core.QuartzScheduler] Scheduler startQuartz_$_NON_CLUSTERED paused.
2017-02-28 15:37:19 INFO [org.springframework.scheduling.quartz.SchedulerFactoryBean] Shutting down Quartz Scheduler
2017-02-28 15:37:19 INFO [org.quartz.core.QuartzScheduler] Scheduler startQuartz_$_NON_CLUSTERED shutting down.
2017-02-28 15:37:19 INFO [org.quartz.core.QuartzScheduler] Scheduler startQuartz_$_NON_CLUSTERED paused.
2017-02-28 15:37:19 INFO [org.quartz.core.QuartzScheduler] Scheduler startQuartz_$_NON_CLUSTERED shutdown complete.
2017-02-28 15:37:19 INFO [com.alibaba.druid.pool.DruidDataSource] {dataSource-1} closed
2017-02-28 15:41:25 INFO [org.quartz.simpl.SimpleThreadPool] Job execution threads will use class loader of thread: RMI TCP Connection(3)-127.0.0.1
2017-02-28 15:41:26 INFO [org.quartz.core.SchedulerSignalerImpl] Initialized Scheduler Signaller of type: class org.quartz.core.SchedulerSignalerImpl
2017-02-28 15:41:26 INFO [org.quartz.core.QuartzScheduler] Quartz Scheduler v.1.7.3 created.
2017-02-28 15:41:26 INFO [org.quartz.simpl.RAMJobStore] RAMJobStore initialized.
2017-02-28 15:41:26 INFO [org.quartz.impl.StdSchedulerFactory] Quartz scheduler 'DefaultQuartzScheduler' initialized from default resource file in Quartz package: 'quartz.properties'
2017-02-28 15:41:26 INFO [org.quartz.impl.StdSchedulerFactory] Quartz scheduler version: 1.7.3
2017-02-28 15:41:26 INFO [org.quartz.utils.UpdateChecker] New update(s) found: 1.8.5 [http://www.terracotta.org/kit/reflector?kitID=default&pageID=QuartzChangeLog]
2017-02-28 15:41:27 INFO [org.springframework.web.servlet.DispatcherServlet] FrameworkServlet 'springMVC': initialization started
2017-02-28 15:41:27 INFO [org.springframework.web.context.support.XmlWebApplicationContext] Refreshing WebApplicationContext for namespace 'springMVC-servlet': startup date [Tue Feb 28 15:41:27 CST 2017]; root of context hierarchy
2017-02-28 15:41:27 INFO [org.springframework.beans.factory.xml.XmlBeanDefinitionReader] Loading XML bean definitions from class path resource [springmvc-servlet.xml]
2017-02-28 15:41:27 INFO [org.springframework.beans.factory.xml.XmlBeanDefinitionReader] Loading XML bean definitions from class path resource [mysql-config.xml]
2017-02-28 15:41:27 INFO [org.springframework.beans.factory.xml.XmlBeanDefinitionReader] Loading XML bean definitions from class path resource [redis-config.xml]
2017-02-28 15:41:27 INFO [org.springframework.beans.factory.config.PropertyPlaceholderConfigurer] Loading properties file from class path resource [system.properties]
2017-02-28 15:41:27 INFO [org.springframework.context.support.PropertySourcesPlaceholderConfigurer] Loading properties file from class path resource [system.properties]
2017-02-28 15:41:28 INFO [com.alibaba.druid.pool.DruidDataSource] {dataSource-1} inited
2017-02-28 15:41:28 INFO [org.springframework.web.servlet.mvc.method.annotation.RequestMappingHandlerMapping] Mapped "{[/rob/beacon/message],methods=[GET]}" onto public java.lang.String com.ictwsn.rob.beacon.BeaconAction.welcome(javax.servlet.http.HttpServletRequest,javax.servlet.http.HttpServletResponse,java.lang.String) throws java.io.IOException,javax.servlet.ServletException
2017-02-28 15:41:28 INFO [org.springframework.web.servlet.mvc.method.annotation.RequestMappingHandlerMapping] Mapped "{[/user/create],methods=[POST]}" onto public java.lang.String com.ictwsn.test.action.UserAction.createUser(javax.servlet.http.HttpServletRequest,javax.servlet.http.HttpServletResponse,com.ictwsn.test.bean.UserBean)
2017-02-28 15:41:28 INFO [org.springframework.web.servlet.mvc.method.annotation.RequestMappingHandlerMapping] Mapped "{[/springmvcupload]}" onto public java.lang.String com.ictwsn.utils.ToolAction.upload2(javax.servlet.http.HttpServletRequest,javax.servlet.http.HttpServletResponse) throws java.lang.IllegalStateException,java.io.IOException
2017-02-28 15:41:28 INFO [org.springframework.web.servlet.mvc.method.annotation.RequestMappingHandlerMapping] Mapped "{[/generalupdate]}" onto public java.lang.String com.ictwsn.utils.ToolAction.addUser(org.springframework.web.multipart.commons.CommonsMultipartFile[],javax.servlet.http.HttpServletRequest)
2017-02-28 15:41:28 INFO [org.springframework.web.servlet.mvc.method.annotation.RequestMappingHandlerMapping] Mapped "{[/wx.do],methods=[GET]}" onto public java.lang.String com.ictwsn.utils.wechat.WechatAction.createUser(javax.servlet.http.HttpServletRequest,javax.servlet.http.HttpServletResponse) throws javax.servlet.ServletException,java.io.IOException
2017-02-28 15:41:28 INFO [org.springframework.web.servlet.mvc.method.annotation.RequestMappingHandlerMapping] Mapped "{[/welcome.do]}" onto public java.lang.String com.ictwsn.WelcomeAction.welcome()
2017-02-28 15:41:28 INFO [org.springframework.web.servlet.mvc.method.annotation.RequestMappingHandlerAdapter] Looking for @ControllerAdvice: WebApplicationContext for namespace 'springMVC-servlet': startup date [Tue Feb 28 15:41:27 CST 2017]; root of context hierarchy
2017-02-28 15:41:28 INFO [org.springframework.web.servlet.mvc.method.annotation.RequestMappingHandlerAdapter] Looking for @ControllerAdvice: WebApplicationContext for namespace 'springMVC-servlet': startup date [Tue Feb 28 15:41:27 CST 2017]; root of context hierarchy
2017-02-28 15:41:28 INFO [org.springframework.web.servlet.mvc.annotation.DefaultAnnotationHandlerMapping] Mapped URL path [/rob/beacon/message] onto handler 'beaconAction'
2017-02-28 15:41:28 INFO [org.springframework.web.servlet.mvc.annotation.DefaultAnnotationHandlerMapping] Mapped URL path [/rob/beacon/message.*] onto handler 'beaconAction'
2017-02-28 15:41:28 INFO [org.springframework.web.servlet.mvc.annotation.DefaultAnnotationHandlerMapping] Mapped URL path [/rob/beacon/message/] onto handler 'beaconAction'
2017-02-28 15:41:28 INFO [org.springframework.web.servlet.mvc.annotation.DefaultAnnotationHandlerMapping] Mapped URL path [/user/create] onto handler 'userAction'
2017-02-28 15:41:28 INFO [org.springframework.web.servlet.mvc.annotation.DefaultAnnotationHandlerMapping] Mapped URL path [/user/create.*] onto handler 'userAction'
2017-02-28 15:41:28 INFO [org.springframework.web.servlet.mvc.annotation.DefaultAnnotationHandlerMapping] Mapped URL path [/user/create/] onto handler 'userAction'
2017-02-28 15:41:28 INFO [org.springframework.web.servlet.mvc.annotation.DefaultAnnotationHandlerMapping] Mapped URL path [/springmvcupload] onto handler 'toolAction'
2017-02-28 15:41:28 INFO [org.springframework.web.servlet.mvc.annotation.DefaultAnnotationHandlerMapping] Mapped URL path [/springmvcupload.*] onto handler 'toolAction'
2017-02-28 15:41:28 INFO [org.springframework.web.servlet.mvc.annotation.DefaultAnnotationHandlerMapping] Mapped URL path [/springmvcupload/] onto handler 'toolAction'
2017-02-28 15:41:28 INFO [org.springframework.web.servlet.mvc.annotation.DefaultAnnotationHandlerMapping] Mapped URL path [/generalupdate] onto handler 'toolAction'
2017-02-28 15:41:28 INFO [org.springframework.web.servlet.mvc.annotation.DefaultAnnotationHandlerMapping] Mapped URL path [/generalupdate.*] onto handler 'toolAction'
2017-02-28 15:41:28 INFO [org.springframework.web.servlet.mvc.annotation.DefaultAnnotationHandlerMapping] Mapped URL path [/generalupdate/] onto handler 'toolAction'
2017-02-28 15:41:28 INFO [org.springframework.web.servlet.mvc.annotation.DefaultAnnotationHandlerMapping] Mapped URL path [/wx.do] onto handler 'wechatAction'
2017-02-28 15:41:28 INFO [org.springframework.web.servlet.mvc.annotation.DefaultAnnotationHandlerMapping] Mapped URL path [/welcome.do] onto handler 'welcomeAction'
2017-02-28 15:41:28 INFO [org.quartz.core.SchedulerSignalerImpl] Initialized Scheduler Signaller of type: class org.quartz.core.SchedulerSignalerImpl
2017-02-28 15:41:28 INFO [org.quartz.core.QuartzScheduler] Quartz Scheduler v.1.7.3 created.
2017-02-28 15:41:28 INFO [org.quartz.simpl.RAMJobStore] RAMJobStore initialized.
2017-02-28 15:41:28 INFO [org.quartz.impl.StdSchedulerFactory] Quartz scheduler 'startQuartz' initialized from an externally provided properties instance.
2017-02-28 15:41:28 INFO [org.quartz.impl.StdSchedulerFactory] Quartz scheduler version: 1.7.3
2017-02-28 15:41:28 INFO [org.quartz.core.QuartzScheduler] JobFactory set to: org.springframework.scheduling.quartz.AdaptableJobFactory@3fb6dfc7
2017-02-28 15:41:29 INFO [org.springframework.context.support.DefaultLifecycleProcessor] Starting beans in phase 2147483647
2017-02-28 15:41:29 INFO [org.springframework.scheduling.quartz.SchedulerFactoryBean] Starting Quartz Scheduler now
2017-02-28 15:41:29 INFO [org.quartz.core.QuartzScheduler] Scheduler startQuartz_$_NON_CLUSTERED started.
2017-02-28 15:41:29 INFO [com.ictwsn.utils.InitialConfiguration] 初始化语音文件夹===
2017-02-28 15:41:29 INFO [com.ictwsn.utils.InitialConfiguration] 语音文件夹创建完毕！
2017-02-28 15:41:29 INFO [com.ictwsn.utils.InitialConfiguration] spring容器初始化完毕================================================
2017-02-28 15:41:29 INFO [org.springframework.web.servlet.DispatcherServlet] FrameworkServlet 'springMVC': initialization completed in 2139 ms
2017-02-28 15:41:29 INFO [org.quartz.utils.UpdateChecker] New update(s) found: 1.8.5 [http://www.terracotta.org/kit/reflector?kitID=default&pageID=QuartzChangeLog]
2017-02-28 15:41:46 WARN [org.springframework.web.servlet.PageNotFound] No mapping found for HTTP request with URI [/favicon.ico] in DispatcherServlet with name 'springMVC'
2017-02-28 15:43:55 INFO [com.ictwsn.utils.Tools] E:/document/audio/beacon/sofa不存在，已创建
2017-02-28 15:43:55 INFO [com.ictwsn.rob.beacon.BeaconTool] 音频文件:sofa-1.mp3不存在，正在合成语音...
2017-02-28 15:43:56 INFO [com.ictwsn.rob.beacon.BeaconTool] 语音合成完毕
2017-02-28 15:46:04 INFO [org.springframework.web.context.support.XmlWebApplicationContext] Closing WebApplicationContext for namespace 'springMVC-servlet': startup date [Tue Feb 28 15:41:27 CST 2017]; root of context hierarchy
2017-02-28 15:46:04 INFO [org.springframework.context.support.DefaultLifecycleProcessor] Stopping beans in phase 2147483647
2017-02-28 15:46:04 INFO [org.quartz.core.QuartzScheduler] Scheduler startQuartz_$_NON_CLUSTERED paused.
2017-02-28 15:46:04 INFO [org.springframework.scheduling.quartz.SchedulerFactoryBean] Shutting down Quartz Scheduler
2017-02-28 15:46:04 INFO [org.quartz.core.QuartzScheduler] Scheduler startQuartz_$_NON_CLUSTERED shutting down.
2017-02-28 15:46:04 INFO [org.quartz.core.QuartzScheduler] Scheduler startQuartz_$_NON_CLUSTERED paused.
2017-02-28 15:46:04 INFO [org.quartz.core.QuartzScheduler] Scheduler startQuartz_$_NON_CLUSTERED shutdown complete.
2017-02-28 15:46:04 INFO [com.alibaba.druid.pool.DruidDataSource] {dataSource-1} closed
