2017-03-27 14:52:25 INFO [org.quartz.simpl.SimpleThreadPool] Job execution threads will use class loader of thread: RMI TCP Connection(3)-127.0.0.1
2017-03-27 14:52:25 INFO [org.quartz.core.SchedulerSignalerImpl] Initialized Scheduler Signaller of type: class org.quartz.core.SchedulerSignalerImpl
2017-03-27 14:52:25 INFO [org.quartz.core.QuartzScheduler] Quartz Scheduler v.1.7.3 created.
2017-03-27 14:52:25 INFO [org.quartz.simpl.RAMJobStore] RAMJobStore initialized.
2017-03-27 14:52:25 INFO [org.quartz.impl.StdSchedulerFactory] Quartz scheduler 'DefaultQuartzScheduler' initialized from default resource file in Quartz package: 'quartz.properties'
2017-03-27 14:52:25 INFO [org.quartz.impl.StdSchedulerFactory] Quartz scheduler version: 1.7.3
2017-03-27 14:52:26 INFO [org.quartz.utils.UpdateChecker] New update(s) found: 1.8.5 [http://www.terracotta.org/kit/reflector?kitID=default&pageID=QuartzChangeLog]
2017-03-27 14:52:27 INFO [org.springframework.web.servlet.DispatcherServlet] FrameworkServlet 'springMVC': initialization started
2017-03-27 14:52:27 INFO [org.springframework.web.context.support.XmlWebApplicationContext] Refreshing WebApplicationContext for namespace 'springMVC-servlet': startup date [Mon Mar 27 14:52:27 CST 2017]; root of context hierarchy
2017-03-27 14:52:27 INFO [org.springframework.beans.factory.xml.XmlBeanDefinitionReader] Loading XML bean definitions from class path resource [springmvc-servlet.xml]
2017-03-27 14:52:27 INFO [org.springframework.beans.factory.xml.XmlBeanDefinitionReader] Loading XML bean definitions from class path resource [mysql-config.xml]
2017-03-27 14:52:27 INFO [org.springframework.beans.factory.xml.XmlBeanDefinitionReader] Loading XML bean definitions from class path resource [redis-config.xml]
2017-03-27 14:52:27 INFO [org.springframework.beans.factory.config.PropertyPlaceholderConfigurer] Loading properties file from class path resource [system.properties]
2017-03-27 14:52:27 INFO [org.springframework.context.support.PropertySourcesPlaceholderConfigurer] Loading properties file from class path resource [system.properties]
2017-03-27 14:52:28 INFO [com.alibaba.druid.pool.DruidDataSource] {dataSource-1} inited
2017-03-27 14:52:29 INFO [org.springframework.web.servlet.mvc.method.annotation.RequestMappingHandlerMapping] Mapped "{[/rob/beacon],methods=[GET]}" onto public java.lang.String com.ictwsn.rob.beacon.BeaconAction.beaconScenario(javax.servlet.http.HttpServletRequest,javax.servlet.http.HttpServletResponse,java.lang.String,java.lang.String,int,java.lang.String) throws java.io.IOException,javax.servlet.ServletException
2017-03-27 14:52:29 INFO [org.springframework.web.servlet.mvc.method.annotation.RequestMappingHandlerMapping] Mapped "{[/user/create],methods=[POST]}" onto public java.lang.String com.ictwsn.test.action.UserAction.createUser(javax.servlet.http.HttpServletRequest,javax.servlet.http.HttpServletResponse,com.ictwsn.test.bean.UserBean)
2017-03-27 14:52:29 INFO [org.springframework.web.servlet.mvc.method.annotation.RequestMappingHandlerMapping] Mapped "{[/generalupdate]}" onto public java.lang.String com.ictwsn.utils.tools.ToolAction.addUser(org.springframework.web.multipart.commons.CommonsMultipartFile[],javax.servlet.http.HttpServletRequest)
2017-03-27 14:52:29 INFO [org.springframework.web.servlet.mvc.method.annotation.RequestMappingHandlerMapping] Mapped "{[/springmvcupload]}" onto public java.lang.String com.ictwsn.utils.tools.ToolAction.upload2(javax.servlet.http.HttpServletRequest,javax.servlet.http.HttpServletResponse) throws java.lang.IllegalStateException,java.io.IOException
2017-03-27 14:52:29 INFO [org.springframework.web.servlet.mvc.method.annotation.RequestMappingHandlerMapping] Mapped "{[/web/cust/sch.do]}" onto public java.lang.String com.ictwsn.web.custom.CustomAction.SchServlet(javax.servlet.http.HttpServletRequest,javax.servlet.http.HttpServletResponse) throws javax.servlet.ServletException,java.io.IOException
2017-03-27 14:52:29 INFO [org.springframework.web.servlet.mvc.method.annotation.RequestMappingHandlerMapping] Mapped "{[/web/cust/schdel.do]}" onto public java.lang.String com.ictwsn.web.custom.CustomAction.SchdelServlet(javax.servlet.http.HttpServletRequest,javax.servlet.http.HttpServletResponse) throws javax.servlet.ServletException,java.io.IOException
2017-03-27 14:52:29 INFO [org.springframework.web.servlet.mvc.method.annotation.RequestMappingHandlerMapping] Mapped "{[/web/record/audiodel.do]}" onto public java.lang.String com.ictwsn.web.record.RecordAction.AudiodelServlet(javax.servlet.http.HttpServletRequest,javax.servlet.http.HttpServletResponse) throws javax.servlet.ServletException,java.io.IOException
2017-03-27 14:52:29 INFO [org.springframework.web.servlet.mvc.method.annotation.RequestMappingHandlerMapping] Mapped "{[/wx.do],methods=[GET]}" onto public java.lang.String com.ictwsn.web.WechatAction.wechatVerification(javax.servlet.http.HttpServletRequest,javax.servlet.http.HttpServletResponse) throws javax.servlet.ServletException,java.io.IOException
2017-03-27 14:52:29 INFO [org.springframework.web.servlet.mvc.method.annotation.RequestMappingHandlerMapping] Mapped "{[/wx.do],methods=[POST]}" onto public java.lang.String com.ictwsn.web.WechatAction.userRecord(javax.servlet.http.HttpServletRequest,javax.servlet.http.HttpServletResponse) throws javax.servlet.ServletException,java.io.IOException
2017-03-27 14:52:29 INFO [org.springframework.web.servlet.mvc.method.annotation.RequestMappingHandlerMapping] Mapped "{[/welcome.do]}" onto public java.lang.String com.ictwsn.WelcomeAction.welcome()
2017-03-27 14:52:29 INFO [org.springframework.web.servlet.mvc.method.annotation.RequestMappingHandlerAdapter] Looking for @ControllerAdvice: WebApplicationContext for namespace 'springMVC-servlet': startup date [Mon Mar 27 14:52:27 CST 2017]; root of context hierarchy
2017-03-27 14:52:29 INFO [org.springframework.web.servlet.mvc.method.annotation.RequestMappingHandlerAdapter] Looking for @ControllerAdvice: WebApplicationContext for namespace 'springMVC-servlet': startup date [Mon Mar 27 14:52:27 CST 2017]; root of context hierarchy
2017-03-27 14:52:29 INFO [org.springframework.web.servlet.mvc.annotation.DefaultAnnotationHandlerMapping] Mapped URL path [/rob/beacon] onto handler 'beaconAction'
2017-03-27 14:52:29 INFO [org.springframework.web.servlet.mvc.annotation.DefaultAnnotationHandlerMapping] Mapped URL path [/rob/beacon.*] onto handler 'beaconAction'
2017-03-27 14:52:29 INFO [org.springframework.web.servlet.mvc.annotation.DefaultAnnotationHandlerMapping] Mapped URL path [/rob/beacon/] onto handler 'beaconAction'
2017-03-27 14:52:29 INFO [org.springframework.web.servlet.mvc.annotation.DefaultAnnotationHandlerMapping] Mapped URL path [/user/create] onto handler 'userAction'
2017-03-27 14:52:29 INFO [org.springframework.web.servlet.mvc.annotation.DefaultAnnotationHandlerMapping] Mapped URL path [/user/create.*] onto handler 'userAction'
2017-03-27 14:52:29 INFO [org.springframework.web.servlet.mvc.annotation.DefaultAnnotationHandlerMapping] Mapped URL path [/user/create/] onto handler 'userAction'
2017-03-27 14:52:29 INFO [org.springframework.web.servlet.mvc.annotation.DefaultAnnotationHandlerMapping] Mapped URL path [/generalupdate] onto handler 'toolAction'
2017-03-27 14:52:29 INFO [org.springframework.web.servlet.mvc.annotation.DefaultAnnotationHandlerMapping] Mapped URL path [/generalupdate.*] onto handler 'toolAction'
2017-03-27 14:52:29 INFO [org.springframework.web.servlet.mvc.annotation.DefaultAnnotationHandlerMapping] Mapped URL path [/generalupdate/] onto handler 'toolAction'
2017-03-27 14:52:29 INFO [org.springframework.web.servlet.mvc.annotation.DefaultAnnotationHandlerMapping] Mapped URL path [/springmvcupload] onto handler 'toolAction'
2017-03-27 14:52:29 INFO [org.springframework.web.servlet.mvc.annotation.DefaultAnnotationHandlerMapping] Mapped URL path [/springmvcupload.*] onto handler 'toolAction'
2017-03-27 14:52:29 INFO [org.springframework.web.servlet.mvc.annotation.DefaultAnnotationHandlerMapping] Mapped URL path [/springmvcupload/] onto handler 'toolAction'
2017-03-27 14:52:29 INFO [org.springframework.web.servlet.mvc.annotation.DefaultAnnotationHandlerMapping] Mapped URL path [/web/cust/sch.do] onto handler 'customAction'
2017-03-27 14:52:29 INFO [org.springframework.web.servlet.mvc.annotation.DefaultAnnotationHandlerMapping] Mapped URL path [/web/cust/schdel.do] onto handler 'customAction'
2017-03-27 14:52:29 INFO [org.springframework.web.servlet.mvc.annotation.DefaultAnnotationHandlerMapping] Mapped URL path [/web/record/audiodel.do] onto handler 'recordAction'
2017-03-27 14:52:29 INFO [org.springframework.web.servlet.mvc.annotation.DefaultAnnotationHandlerMapping] Mapped URL path [/wx.do] onto handler 'wechatAction'
2017-03-27 14:52:29 INFO [org.springframework.web.servlet.mvc.annotation.DefaultAnnotationHandlerMapping] Mapped URL path [/welcome.do] onto handler 'welcomeAction'
2017-03-27 14:52:29 INFO [org.quartz.core.SchedulerSignalerImpl] Initialized Scheduler Signaller of type: class org.quartz.core.SchedulerSignalerImpl
2017-03-27 14:52:29 INFO [org.quartz.core.QuartzScheduler] Quartz Scheduler v.1.7.3 created.
2017-03-27 14:52:29 INFO [org.quartz.simpl.RAMJobStore] RAMJobStore initialized.
2017-03-27 14:52:29 INFO [org.quartz.impl.StdSchedulerFactory] Quartz scheduler 'startQuartz' initialized from an externally provided properties instance.
2017-03-27 14:52:29 INFO [org.quartz.impl.StdSchedulerFactory] Quartz scheduler version: 1.7.3
2017-03-27 14:52:29 INFO [org.quartz.core.QuartzScheduler] JobFactory set to: org.springframework.scheduling.quartz.AdaptableJobFactory@dfb133a
2017-03-27 14:52:29 INFO [org.springframework.context.support.DefaultLifecycleProcessor] Starting beans in phase 2147483647
2017-03-27 14:52:29 INFO [org.springframework.scheduling.quartz.SchedulerFactoryBean] Starting Quartz Scheduler now
2017-03-27 14:52:29 INFO [org.quartz.core.QuartzScheduler] Scheduler startQuartz_$_NON_CLUSTERED started.
2017-03-27 14:52:29 INFO [com.ictwsn.utils.tools.InitialConfiguration] 初始化语音文件夹===
2017-03-27 14:52:29 INFO [com.ictwsn.utils.tools.InitialConfiguration] 语音文件夹创建完毕！
2017-03-27 14:52:29 INFO [com.ictwsn.utils.tools.InitialConfiguration] spring容器初始化完毕================================================
2017-03-27 14:52:29 INFO [org.springframework.web.servlet.DispatcherServlet] FrameworkServlet 'springMVC': initialization completed in 2573 ms
2017-03-27 14:52:29 INFO [org.quartz.utils.UpdateChecker] New update(s) found: 1.8.5 [http://www.terracotta.org/kit/reflector?kitID=default&pageID=QuartzChangeLog]
2017-03-27 14:54:50 INFO [org.springframework.web.context.support.XmlWebApplicationContext] Closing WebApplicationContext for namespace 'springMVC-servlet': startup date [Mon Mar 27 14:52:27 CST 2017]; root of context hierarchy
2017-03-27 14:54:50 INFO [org.springframework.context.support.DefaultLifecycleProcessor] Stopping beans in phase 2147483647
2017-03-27 14:54:50 INFO [org.quartz.core.QuartzScheduler] Scheduler startQuartz_$_NON_CLUSTERED paused.
2017-03-27 14:54:50 INFO [org.springframework.scheduling.quartz.SchedulerFactoryBean] Shutting down Quartz Scheduler
2017-03-27 14:54:50 INFO [org.quartz.core.QuartzScheduler] Scheduler startQuartz_$_NON_CLUSTERED shutting down.
2017-03-27 14:54:50 INFO [org.quartz.core.QuartzScheduler] Scheduler startQuartz_$_NON_CLUSTERED paused.
2017-03-27 14:54:50 INFO [org.quartz.core.QuartzScheduler] Scheduler startQuartz_$_NON_CLUSTERED shutdown complete.
2017-03-27 14:54:50 INFO [com.alibaba.druid.pool.DruidDataSource] {dataSource-1} closed
2017-03-27 14:55:10 INFO [org.quartz.simpl.SimpleThreadPool] Job execution threads will use class loader of thread: RMI TCP Connection(3)-127.0.0.1
2017-03-27 14:55:10 INFO [org.quartz.core.SchedulerSignalerImpl] Initialized Scheduler Signaller of type: class org.quartz.core.SchedulerSignalerImpl
2017-03-27 14:55:10 INFO [org.quartz.core.QuartzScheduler] Quartz Scheduler v.1.7.3 created.
2017-03-27 14:55:10 INFO [org.quartz.simpl.RAMJobStore] RAMJobStore initialized.
2017-03-27 14:55:10 INFO [org.quartz.impl.StdSchedulerFactory] Quartz scheduler 'DefaultQuartzScheduler' initialized from default resource file in Quartz package: 'quartz.properties'
2017-03-27 14:55:10 INFO [org.quartz.impl.StdSchedulerFactory] Quartz scheduler version: 1.7.3
2017-03-27 14:55:10 WARN [net.bull.javamelody] exception while reading counters data from files in E:\tomcat\apache-tomcat-7.0.53\temp\javamelody\_PC-201612081402
java.io.EOFException
	at java.util.zip.GZIPInputStream.readUByte(GZIPInputStream.java:268)
	at java.util.zip.GZIPInputStream.readUShort(GZIPInputStream.java:258)
	at java.util.zip.GZIPInputStream.readHeader(GZIPInputStream.java:164)
	at java.util.zip.GZIPInputStream.<init>(GZIPInputStream.java:79)
	at java.util.zip.GZIPInputStream.<init>(GZIPInputStream.java:91)
	at net.bull.javamelody.CounterStorage.readFromFile(CounterStorage.java:106)
	at net.bull.javamelody.Counter.readFromFile(Counter.java:901)
	at net.bull.javamelody.Collector.<init>(Collector.java:110)
	at net.bull.javamelody.FilterContext.<init>(FilterContext.java:102)
	at net.bull.javamelody.MonitoringFilter.init(MonitoringFilter.java:112)
	at org.apache.catalina.core.ApplicationFilterConfig.initFilter(ApplicationFilterConfig.java:279)
	at org.apache.catalina.core.ApplicationFilterConfig.getFilter(ApplicationFilterConfig.java:260)
	at org.apache.catalina.core.ApplicationFilterConfig.<init>(ApplicationFilterConfig.java:105)
	at org.apache.catalina.core.StandardContext.filterStart(StandardContext.java:4809)
	at org.apache.catalina.core.StandardContext.startInternal(StandardContext.java:5485)
	at org.apache.catalina.util.LifecycleBase.start(LifecycleBase.java:150)
	at org.apache.catalina.core.ContainerBase.addChildInternal(ContainerBase.java:901)
	at org.apache.catalina.core.ContainerBase.addChild(ContainerBase.java:877)
	at org.apache.catalina.core.StandardHost.addChild(StandardHost.java:632)
	at org.apache.catalina.startup.HostConfig.manageApp(HostConfig.java:1740)
	at sun.reflect.NativeMethodAccessorImpl.invoke0(Native Method)
	at sun.reflect.NativeMethodAccessorImpl.invoke(NativeMethodAccessorImpl.java:62)
	at sun.reflect.DelegatingMethodAccessorImpl.invoke(DelegatingMethodAccessorImpl.java:43)
	at java.lang.reflect.Method.invoke(Method.java:498)
	at org.apache.tomcat.util.modeler.BaseModelMBean.invoke(BaseModelMBean.java:301)
	at com.sun.jmx.interceptor.DefaultMBeanServerInterceptor.invoke(DefaultMBeanServerInterceptor.java:819)
	at com.sun.jmx.mbeanserver.JmxMBeanServer.invoke(JmxMBeanServer.java:801)
	at org.apache.catalina.mbeans.MBeanFactory.createStandardContext(MBeanFactory.java:618)
	at org.apache.catalina.mbeans.MBeanFactory.createStandardContext(MBeanFactory.java:565)
	at sun.reflect.NativeMethodAccessorImpl.invoke0(Native Method)
	at sun.reflect.NativeMethodAccessorImpl.invoke(NativeMethodAccessorImpl.java:62)
	at sun.reflect.DelegatingMethodAccessorImpl.invoke(DelegatingMethodAccessorImpl.java:43)
	at java.lang.reflect.Method.invoke(Method.java:498)
	at org.apache.tomcat.util.modeler.BaseModelMBean.invoke(BaseModelMBean.java:301)
	at com.sun.jmx.interceptor.DefaultMBeanServerInterceptor.invoke(DefaultMBeanServerInterceptor.java:819)
	at com.sun.jmx.mbeanserver.JmxMBeanServer.invoke(JmxMBeanServer.java:801)
	at javax.management.remote.rmi.RMIConnectionImpl.doOperation(RMIConnectionImpl.java:1468)
	at javax.management.remote.rmi.RMIConnectionImpl.access$300(RMIConnectionImpl.java:76)
	at javax.management.remote.rmi.RMIConnectionImpl$PrivilegedOperation.run(RMIConnectionImpl.java:1309)
	at javax.management.remote.rmi.RMIConnectionImpl.doPrivilegedOperation(RMIConnectionImpl.java:1401)
	at javax.management.remote.rmi.RMIConnectionImpl.invoke(RMIConnectionImpl.java:829)
	at sun.reflect.NativeMethodAccessorImpl.invoke0(Native Method)
	at sun.reflect.NativeMethodAccessorImpl.invoke(NativeMethodAccessorImpl.java:62)
	at sun.reflect.DelegatingMethodAccessorImpl.invoke(DelegatingMethodAccessorImpl.java:43)
	at java.lang.reflect.Method.invoke(Method.java:498)
	at sun.rmi.server.UnicastServerRef.dispatch(UnicastServerRef.java:324)
	at sun.rmi.transport.Transport$1.run(Transport.java:200)
	at sun.rmi.transport.Transport$1.run(Transport.java:197)
	at java.security.AccessController.doPrivileged(Native Method)
	at sun.rmi.transport.Transport.serviceCall(Transport.java:196)
	at sun.rmi.transport.tcp.TCPTransport.handleMessages(TCPTransport.java:568)
	at sun.rmi.transport.tcp.TCPTransport$ConnectionHandler.run0(TCPTransport.java:826)
	at sun.rmi.transport.tcp.TCPTransport$ConnectionHandler.lambda$run$0(TCPTransport.java:683)
	at java.security.AccessController.doPrivileged(Native Method)
	at sun.rmi.transport.tcp.TCPTransport$ConnectionHandler.run(TCPTransport.java:682)
	at java.util.concurrent.ThreadPoolExecutor.runWorker(ThreadPoolExecutor.java:1142)
	at java.util.concurrent.ThreadPoolExecutor$Worker.run(ThreadPoolExecutor.java:617)
	at java.lang.Thread.run(Thread.java:745)
2017-03-27 14:55:10 INFO [org.quartz.utils.UpdateChecker] New update(s) found: 1.8.5 [http://www.terracotta.org/kit/reflector?kitID=default&pageID=QuartzChangeLog]
2017-03-27 14:55:10 INFO [org.springframework.web.servlet.DispatcherServlet] FrameworkServlet 'springMVC': initialization started
2017-03-27 14:55:10 INFO [org.springframework.web.context.support.XmlWebApplicationContext] Refreshing WebApplicationContext for namespace 'springMVC-servlet': startup date [Mon Mar 27 14:55:10 CST 2017]; root of context hierarchy
2017-03-27 14:55:10 INFO [org.springframework.beans.factory.xml.XmlBeanDefinitionReader] Loading XML bean definitions from class path resource [springmvc-servlet.xml]
2017-03-27 14:55:11 INFO [org.springframework.beans.factory.xml.XmlBeanDefinitionReader] Loading XML bean definitions from class path resource [mysql-config.xml]
2017-03-27 14:55:11 INFO [org.springframework.beans.factory.xml.XmlBeanDefinitionReader] Loading XML bean definitions from class path resource [redis-config.xml]
2017-03-27 14:55:11 INFO [org.springframework.beans.factory.config.PropertyPlaceholderConfigurer] Loading properties file from class path resource [system.properties]
2017-03-27 14:55:11 INFO [org.springframework.context.support.PropertySourcesPlaceholderConfigurer] Loading properties file from class path resource [system.properties]
2017-03-27 14:55:11 INFO [com.alibaba.druid.pool.DruidDataSource] {dataSource-1} inited
2017-03-27 14:55:12 INFO [org.springframework.web.servlet.mvc.method.annotation.RequestMappingHandlerMapping] Mapped "{[/rob/beacon],methods=[GET]}" onto public java.lang.String com.ictwsn.rob.beacon.BeaconAction.beaconScenario(javax.servlet.http.HttpServletRequest,javax.servlet.http.HttpServletResponse,java.lang.String,java.lang.String,int,java.lang.String) throws java.io.IOException,javax.servlet.ServletException
2017-03-27 14:55:12 INFO [org.springframework.web.servlet.mvc.method.annotation.RequestMappingHandlerMapping] Mapped "{[/user/create],methods=[POST]}" onto public java.lang.String com.ictwsn.test.action.UserAction.createUser(javax.servlet.http.HttpServletRequest,javax.servlet.http.HttpServletResponse,com.ictwsn.test.bean.UserBean)
2017-03-27 14:55:12 INFO [org.springframework.web.servlet.mvc.method.annotation.RequestMappingHandlerMapping] Mapped "{[/springmvcupload]}" onto public java.lang.String com.ictwsn.utils.tools.ToolAction.upload2(javax.servlet.http.HttpServletRequest,javax.servlet.http.HttpServletResponse) throws java.lang.IllegalStateException,java.io.IOException
2017-03-27 14:55:12 INFO [org.springframework.web.servlet.mvc.method.annotation.RequestMappingHandlerMapping] Mapped "{[/generalupdate]}" onto public java.lang.String com.ictwsn.utils.tools.ToolAction.addUser(org.springframework.web.multipart.commons.CommonsMultipartFile[],javax.servlet.http.HttpServletRequest)
2017-03-27 14:55:12 INFO [org.springframework.web.servlet.mvc.method.annotation.RequestMappingHandlerMapping] Mapped "{[/web/cust/sch.do]}" onto public java.lang.String com.ictwsn.web.custom.CustomAction.SchServlet(javax.servlet.http.HttpServletRequest,javax.servlet.http.HttpServletResponse) throws javax.servlet.ServletException,java.io.IOException
2017-03-27 14:55:12 INFO [org.springframework.web.servlet.mvc.method.annotation.RequestMappingHandlerMapping] Mapped "{[/web/cust/schdel.do]}" onto public java.lang.String com.ictwsn.web.custom.CustomAction.SchdelServlet(javax.servlet.http.HttpServletRequest,javax.servlet.http.HttpServletResponse) throws javax.servlet.ServletException,java.io.IOException
2017-03-27 14:55:12 INFO [org.springframework.web.servlet.mvc.method.annotation.RequestMappingHandlerMapping] Mapped "{[/web/record/audiodel.do]}" onto public java.lang.String com.ictwsn.web.record.RecordAction.AudiodelServlet(javax.servlet.http.HttpServletRequest,javax.servlet.http.HttpServletResponse) throws javax.servlet.ServletException,java.io.IOException
2017-03-27 14:55:12 INFO [org.springframework.web.servlet.mvc.method.annotation.RequestMappingHandlerMapping] Mapped "{[/wx.do],methods=[GET]}" onto public java.lang.String com.ictwsn.web.WechatAction.wechatVerification(javax.servlet.http.HttpServletRequest,javax.servlet.http.HttpServletResponse) throws javax.servlet.ServletException,java.io.IOException
2017-03-27 14:55:12 INFO [org.springframework.web.servlet.mvc.method.annotation.RequestMappingHandlerMapping] Mapped "{[/wx.do],methods=[POST]}" onto public java.lang.String com.ictwsn.web.WechatAction.userRecord(javax.servlet.http.HttpServletRequest,javax.servlet.http.HttpServletResponse) throws javax.servlet.ServletException,java.io.IOException
2017-03-27 14:55:12 INFO [org.springframework.web.servlet.mvc.method.annotation.RequestMappingHandlerMapping] Mapped "{[/welcome.do]}" onto public java.lang.String com.ictwsn.WelcomeAction.welcome()
2017-03-27 14:55:12 INFO [org.springframework.web.servlet.mvc.method.annotation.RequestMappingHandlerAdapter] Looking for @ControllerAdvice: WebApplicationContext for namespace 'springMVC-servlet': startup date [Mon Mar 27 14:55:10 CST 2017]; root of context hierarchy
2017-03-27 14:55:12 INFO [org.springframework.web.servlet.mvc.method.annotation.RequestMappingHandlerAdapter] Looking for @ControllerAdvice: WebApplicationContext for namespace 'springMVC-servlet': startup date [Mon Mar 27 14:55:10 CST 2017]; root of context hierarchy
2017-03-27 14:55:12 INFO [org.springframework.web.servlet.mvc.annotation.DefaultAnnotationHandlerMapping] Mapped URL path [/rob/beacon] onto handler 'beaconAction'
2017-03-27 14:55:12 INFO [org.springframework.web.servlet.mvc.annotation.DefaultAnnotationHandlerMapping] Mapped URL path [/rob/beacon.*] onto handler 'beaconAction'
2017-03-27 14:55:12 INFO [org.springframework.web.servlet.mvc.annotation.DefaultAnnotationHandlerMapping] Mapped URL path [/rob/beacon/] onto handler 'beaconAction'
2017-03-27 14:55:12 INFO [org.springframework.web.servlet.mvc.annotation.DefaultAnnotationHandlerMapping] Mapped URL path [/user/create] onto handler 'userAction'
2017-03-27 14:55:12 INFO [org.springframework.web.servlet.mvc.annotation.DefaultAnnotationHandlerMapping] Mapped URL path [/user/create.*] onto handler 'userAction'
2017-03-27 14:55:12 INFO [org.springframework.web.servlet.mvc.annotation.DefaultAnnotationHandlerMapping] Mapped URL path [/user/create/] onto handler 'userAction'
2017-03-27 14:55:12 INFO [org.springframework.web.servlet.mvc.annotation.DefaultAnnotationHandlerMapping] Mapped URL path [/springmvcupload] onto handler 'toolAction'
2017-03-27 14:55:12 INFO [org.springframework.web.servlet.mvc.annotation.DefaultAnnotationHandlerMapping] Mapped URL path [/springmvcupload.*] onto handler 'toolAction'
2017-03-27 14:55:12 INFO [org.springframework.web.servlet.mvc.annotation.DefaultAnnotationHandlerMapping] Mapped URL path [/springmvcupload/] onto handler 'toolAction'
2017-03-27 14:55:12 INFO [org.springframework.web.servlet.mvc.annotation.DefaultAnnotationHandlerMapping] Mapped URL path [/generalupdate] onto handler 'toolAction'
2017-03-27 14:55:12 INFO [org.springframework.web.servlet.mvc.annotation.DefaultAnnotationHandlerMapping] Mapped URL path [/generalupdate.*] onto handler 'toolAction'
2017-03-27 14:55:12 INFO [org.springframework.web.servlet.mvc.annotation.DefaultAnnotationHandlerMapping] Mapped URL path [/generalupdate/] onto handler 'toolAction'
2017-03-27 14:55:12 INFO [org.springframework.web.servlet.mvc.annotation.DefaultAnnotationHandlerMapping] Mapped URL path [/web/cust/sch.do] onto handler 'customAction'
2017-03-27 14:55:12 INFO [org.springframework.web.servlet.mvc.annotation.DefaultAnnotationHandlerMapping] Mapped URL path [/web/cust/schdel.do] onto handler 'customAction'
2017-03-27 14:55:12 INFO [org.springframework.web.servlet.mvc.annotation.DefaultAnnotationHandlerMapping] Mapped URL path [/web/record/audiodel.do] onto handler 'recordAction'
2017-03-27 14:55:12 INFO [org.springframework.web.servlet.mvc.annotation.DefaultAnnotationHandlerMapping] Mapped URL path [/wx.do] onto handler 'wechatAction'
2017-03-27 14:55:12 INFO [org.springframework.web.servlet.mvc.annotation.DefaultAnnotationHandlerMapping] Mapped URL path [/welcome.do] onto handler 'welcomeAction'
2017-03-27 14:55:12 INFO [org.quartz.core.SchedulerSignalerImpl] Initialized Scheduler Signaller of type: class org.quartz.core.SchedulerSignalerImpl
2017-03-27 14:55:12 INFO [org.quartz.core.QuartzScheduler] Quartz Scheduler v.1.7.3 created.
2017-03-27 14:55:12 INFO [org.quartz.simpl.RAMJobStore] RAMJobStore initialized.
2017-03-27 14:55:12 INFO [org.quartz.impl.StdSchedulerFactory] Quartz scheduler 'startQuartz' initialized from an externally provided properties instance.
2017-03-27 14:55:12 INFO [org.quartz.impl.StdSchedulerFactory] Quartz scheduler version: 1.7.3
2017-03-27 14:55:12 INFO [org.quartz.core.QuartzScheduler] JobFactory set to: org.springframework.scheduling.quartz.AdaptableJobFactory@7f941c9c
2017-03-27 14:55:12 INFO [org.springframework.context.support.DefaultLifecycleProcessor] Starting beans in phase 2147483647
2017-03-27 14:55:12 INFO [org.springframework.scheduling.quartz.SchedulerFactoryBean] Starting Quartz Scheduler now
2017-03-27 14:55:12 INFO [org.quartz.core.QuartzScheduler] Scheduler startQuartz_$_NON_CLUSTERED started.
2017-03-27 14:55:12 INFO [com.ictwsn.utils.tools.InitialConfiguration] 初始化语音文件夹===
2017-03-27 14:55:12 INFO [com.ictwsn.utils.tools.InitialConfiguration] 语音文件夹创建完毕！
2017-03-27 14:55:12 INFO [com.ictwsn.utils.tools.InitialConfiguration] spring容器初始化完毕================================================
2017-03-27 14:55:12 INFO [org.springframework.web.servlet.DispatcherServlet] FrameworkServlet 'springMVC': initialization completed in 2010 ms
2017-03-27 14:55:13 INFO [org.quartz.utils.UpdateChecker] New update(s) found: 1.8.5 [http://www.terracotta.org/kit/reflector?kitID=default&pageID=QuartzChangeLog]
2017-03-27 14:57:26 INFO [org.springframework.web.context.support.XmlWebApplicationContext] Closing WebApplicationContext for namespace 'springMVC-servlet': startup date [Mon Mar 27 14:55:10 CST 2017]; root of context hierarchy
2017-03-27 14:57:26 INFO [org.springframework.context.support.DefaultLifecycleProcessor] Stopping beans in phase 2147483647
2017-03-27 14:57:26 INFO [org.quartz.core.QuartzScheduler] Scheduler startQuartz_$_NON_CLUSTERED paused.
2017-03-27 14:57:26 INFO [org.springframework.scheduling.quartz.SchedulerFactoryBean] Shutting down Quartz Scheduler
2017-03-27 14:57:26 INFO [org.quartz.core.QuartzScheduler] Scheduler startQuartz_$_NON_CLUSTERED shutting down.
2017-03-27 14:57:26 INFO [org.quartz.core.QuartzScheduler] Scheduler startQuartz_$_NON_CLUSTERED paused.
2017-03-27 14:57:26 INFO [org.quartz.core.QuartzScheduler] Scheduler startQuartz_$_NON_CLUSTERED shutdown complete.
2017-03-27 14:57:26 INFO [com.alibaba.druid.pool.DruidDataSource] {dataSource-1} closed
2017-03-27 14:57:56 INFO [org.quartz.simpl.SimpleThreadPool] Job execution threads will use class loader of thread: RMI TCP Connection(3)-127.0.0.1
2017-03-27 14:57:56 INFO [org.quartz.core.SchedulerSignalerImpl] Initialized Scheduler Signaller of type: class org.quartz.core.SchedulerSignalerImpl
2017-03-27 14:57:56 INFO [org.quartz.core.QuartzScheduler] Quartz Scheduler v.1.7.3 created.
2017-03-27 14:57:56 INFO [org.quartz.simpl.RAMJobStore] RAMJobStore initialized.
2017-03-27 14:57:56 INFO [org.quartz.impl.StdSchedulerFactory] Quartz scheduler 'DefaultQuartzScheduler' initialized from default resource file in Quartz package: 'quartz.properties'
2017-03-27 14:57:56 INFO [org.quartz.impl.StdSchedulerFactory] Quartz scheduler version: 1.7.3
2017-03-27 14:57:57 INFO [org.springframework.web.servlet.DispatcherServlet] FrameworkServlet 'springMVC': initialization started
2017-03-27 14:57:57 INFO [org.springframework.web.context.support.XmlWebApplicationContext] Refreshing WebApplicationContext for namespace 'springMVC-servlet': startup date [Mon Mar 27 14:57:57 CST 2017]; root of context hierarchy
2017-03-27 14:57:57 INFO [org.springframework.beans.factory.xml.XmlBeanDefinitionReader] Loading XML bean definitions from class path resource [springmvc-servlet.xml]
2017-03-27 14:57:57 INFO [org.springframework.beans.factory.xml.XmlBeanDefinitionReader] Loading XML bean definitions from class path resource [mysql-config.xml]
2017-03-27 14:57:57 INFO [org.springframework.beans.factory.xml.XmlBeanDefinitionReader] Loading XML bean definitions from class path resource [redis-config.xml]
2017-03-27 14:57:57 INFO [org.springframework.beans.factory.config.PropertyPlaceholderConfigurer] Loading properties file from class path resource [system.properties]
2017-03-27 14:57:57 INFO [org.springframework.context.support.PropertySourcesPlaceholderConfigurer] Loading properties file from class path resource [system.properties]
2017-03-27 14:57:58 INFO [com.alibaba.druid.pool.DruidDataSource] {dataSource-1} inited
2017-03-27 14:57:58 INFO [org.springframework.web.servlet.mvc.method.annotation.RequestMappingHandlerMapping] Mapped "{[/rob/beacon],methods=[GET]}" onto public java.lang.String com.ictwsn.rob.beacon.BeaconAction.beaconScenario(javax.servlet.http.HttpServletRequest,javax.servlet.http.HttpServletResponse,java.lang.String,java.lang.String,int,java.lang.String) throws java.io.IOException,javax.servlet.ServletException
2017-03-27 14:57:58 INFO [org.springframework.web.servlet.mvc.method.annotation.RequestMappingHandlerMapping] Mapped "{[/user/create],methods=[POST]}" onto public java.lang.String com.ictwsn.test.action.UserAction.createUser(javax.servlet.http.HttpServletRequest,javax.servlet.http.HttpServletResponse,com.ictwsn.test.bean.UserBean)
2017-03-27 14:57:58 INFO [org.springframework.web.servlet.mvc.method.annotation.RequestMappingHandlerMapping] Mapped "{[/generalupdate]}" onto public java.lang.String com.ictwsn.utils.tools.ToolAction.addUser(org.springframework.web.multipart.commons.CommonsMultipartFile[],javax.servlet.http.HttpServletRequest)
2017-03-27 14:57:58 INFO [org.springframework.web.servlet.mvc.method.annotation.RequestMappingHandlerMapping] Mapped "{[/springmvcupload]}" onto public java.lang.String com.ictwsn.utils.tools.ToolAction.upload2(javax.servlet.http.HttpServletRequest,javax.servlet.http.HttpServletResponse) throws java.lang.IllegalStateException,java.io.IOException
2017-03-27 14:57:58 INFO [org.springframework.web.servlet.mvc.method.annotation.RequestMappingHandlerMapping] Mapped "{[/web/cust/sch.do]}" onto public java.lang.String com.ictwsn.web.custom.CustomAction.SchServlet(javax.servlet.http.HttpServletRequest,javax.servlet.http.HttpServletResponse) throws javax.servlet.ServletException,java.io.IOException
2017-03-27 14:57:58 INFO [org.springframework.web.servlet.mvc.method.annotation.RequestMappingHandlerMapping] Mapped "{[/web/cust/schdel.do]}" onto public java.lang.String com.ictwsn.web.custom.CustomAction.SchdelServlet(javax.servlet.http.HttpServletRequest,javax.servlet.http.HttpServletResponse) throws javax.servlet.ServletException,java.io.IOException
2017-03-27 14:57:58 INFO [org.springframework.web.servlet.mvc.method.annotation.RequestMappingHandlerMapping] Mapped "{[/web/record/audiodel.do]}" onto public java.lang.String com.ictwsn.web.record.RecordAction.AudiodelServlet(javax.servlet.http.HttpServletRequest,javax.servlet.http.HttpServletResponse) throws javax.servlet.ServletException,java.io.IOException
2017-03-27 14:57:58 INFO [org.springframework.web.servlet.mvc.method.annotation.RequestMappingHandlerMapping] Mapped "{[/wx.do],methods=[POST]}" onto public java.lang.String com.ictwsn.web.WechatAction.userRecord(javax.servlet.http.HttpServletRequest,javax.servlet.http.HttpServletResponse) throws javax.servlet.ServletException,java.io.IOException
2017-03-27 14:57:58 INFO [org.springframework.web.servlet.mvc.method.annotation.RequestMappingHandlerMapping] Mapped "{[/wx.do],methods=[GET]}" onto public java.lang.String com.ictwsn.web.WechatAction.wechatVerification(javax.servlet.http.HttpServletRequest,javax.servlet.http.HttpServletResponse) throws javax.servlet.ServletException,java.io.IOException
2017-03-27 14:57:58 INFO [org.springframework.web.servlet.mvc.method.annotation.RequestMappingHandlerMapping] Mapped "{[/welcome.do]}" onto public java.lang.String com.ictwsn.WelcomeAction.welcome()
2017-03-27 14:57:58 INFO [org.springframework.web.servlet.mvc.method.annotation.RequestMappingHandlerAdapter] Looking for @ControllerAdvice: WebApplicationContext for namespace 'springMVC-servlet': startup date [Mon Mar 27 14:57:57 CST 2017]; root of context hierarchy
2017-03-27 14:57:58 INFO [org.springframework.web.servlet.mvc.method.annotation.RequestMappingHandlerAdapter] Looking for @ControllerAdvice: WebApplicationContext for namespace 'springMVC-servlet': startup date [Mon Mar 27 14:57:57 CST 2017]; root of context hierarchy
2017-03-27 14:57:58 INFO [org.springframework.web.servlet.mvc.annotation.DefaultAnnotationHandlerMapping] Mapped URL path [/rob/beacon] onto handler 'beaconAction'
2017-03-27 14:57:58 INFO [org.springframework.web.servlet.mvc.annotation.DefaultAnnotationHandlerMapping] Mapped URL path [/rob/beacon.*] onto handler 'beaconAction'
2017-03-27 14:57:58 INFO [org.springframework.web.servlet.mvc.annotation.DefaultAnnotationHandlerMapping] Mapped URL path [/rob/beacon/] onto handler 'beaconAction'
2017-03-27 14:57:58 INFO [org.springframework.web.servlet.mvc.annotation.DefaultAnnotationHandlerMapping] Mapped URL path [/user/create] onto handler 'userAction'
2017-03-27 14:57:58 INFO [org.springframework.web.servlet.mvc.annotation.DefaultAnnotationHandlerMapping] Mapped URL path [/user/create.*] onto handler 'userAction'
2017-03-27 14:57:58 INFO [org.springframework.web.servlet.mvc.annotation.DefaultAnnotationHandlerMapping] Mapped URL path [/user/create/] onto handler 'userAction'
2017-03-27 14:57:58 INFO [org.springframework.web.servlet.mvc.annotation.DefaultAnnotationHandlerMapping] Mapped URL path [/generalupdate] onto handler 'toolAction'
2017-03-27 14:57:58 INFO [org.springframework.web.servlet.mvc.annotation.DefaultAnnotationHandlerMapping] Mapped URL path [/generalupdate.*] onto handler 'toolAction'
2017-03-27 14:57:58 INFO [org.springframework.web.servlet.mvc.annotation.DefaultAnnotationHandlerMapping] Mapped URL path [/generalupdate/] onto handler 'toolAction'
2017-03-27 14:57:58 INFO [org.springframework.web.servlet.mvc.annotation.DefaultAnnotationHandlerMapping] Mapped URL path [/springmvcupload] onto handler 'toolAction'
2017-03-27 14:57:58 INFO [org.springframework.web.servlet.mvc.annotation.DefaultAnnotationHandlerMapping] Mapped URL path [/springmvcupload.*] onto handler 'toolAction'
2017-03-27 14:57:58 INFO [org.springframework.web.servlet.mvc.annotation.DefaultAnnotationHandlerMapping] Mapped URL path [/springmvcupload/] onto handler 'toolAction'
2017-03-27 14:57:58 INFO [org.springframework.web.servlet.mvc.annotation.DefaultAnnotationHandlerMapping] Mapped URL path [/web/cust/sch.do] onto handler 'customAction'
2017-03-27 14:57:58 INFO [org.springframework.web.servlet.mvc.annotation.DefaultAnnotationHandlerMapping] Mapped URL path [/web/cust/schdel.do] onto handler 'customAction'
2017-03-27 14:57:58 INFO [org.springframework.web.servlet.mvc.annotation.DefaultAnnotationHandlerMapping] Mapped URL path [/web/record/audiodel.do] onto handler 'recordAction'
2017-03-27 14:57:58 INFO [org.springframework.web.servlet.mvc.annotation.DefaultAnnotationHandlerMapping] Mapped URL path [/wx.do] onto handler 'wechatAction'
2017-03-27 14:57:58 INFO [org.springframework.web.servlet.mvc.annotation.DefaultAnnotationHandlerMapping] Mapped URL path [/welcome.do] onto handler 'welcomeAction'
2017-03-27 14:57:58 INFO [org.quartz.core.SchedulerSignalerImpl] Initialized Scheduler Signaller of type: class org.quartz.core.SchedulerSignalerImpl
2017-03-27 14:57:58 INFO [org.quartz.core.QuartzScheduler] Quartz Scheduler v.1.7.3 created.
2017-03-27 14:57:58 INFO [org.quartz.simpl.RAMJobStore] RAMJobStore initialized.
2017-03-27 14:57:58 INFO [org.quartz.impl.StdSchedulerFactory] Quartz scheduler 'startQuartz' initialized from an externally provided properties instance.
2017-03-27 14:57:58 INFO [org.quartz.impl.StdSchedulerFactory] Quartz scheduler version: 1.7.3
2017-03-27 14:57:58 INFO [org.quartz.core.QuartzScheduler] JobFactory set to: org.springframework.scheduling.quartz.AdaptableJobFactory@786c6fd9
2017-03-27 14:57:58 INFO [org.springframework.context.support.DefaultLifecycleProcessor] Starting beans in phase 2147483647
2017-03-27 14:57:58 INFO [org.springframework.scheduling.quartz.SchedulerFactoryBean] Starting Quartz Scheduler now
2017-03-27 14:57:58 INFO [org.quartz.core.QuartzScheduler] Scheduler startQuartz_$_NON_CLUSTERED started.
2017-03-27 14:57:58 INFO [com.ictwsn.utils.tools.InitialConfiguration] 初始化语音文件夹===
2017-03-27 14:57:58 INFO [com.ictwsn.utils.tools.InitialConfiguration] 语音文件夹创建完毕！
2017-03-27 14:57:58 INFO [com.ictwsn.utils.tools.InitialConfiguration] spring容器初始化完毕================================================
2017-03-27 14:57:58 INFO [org.springframework.web.servlet.DispatcherServlet] FrameworkServlet 'springMVC': initialization completed in 1739 ms
2017-03-27 14:57:59 INFO [org.quartz.utils.UpdateChecker] New update(s) found: 1.8.5 [http://www.terracotta.org/kit/reflector?kitID=default&pageID=QuartzChangeLog]
2017-03-27 14:59:08 INFO [org.springframework.web.context.support.XmlWebApplicationContext] Closing WebApplicationContext for namespace 'springMVC-servlet': startup date [Mon Mar 27 14:57:57 CST 2017]; root of context hierarchy
2017-03-27 14:59:08 INFO [org.springframework.context.support.DefaultLifecycleProcessor] Stopping beans in phase 2147483647
2017-03-27 14:59:08 INFO [org.quartz.core.QuartzScheduler] Scheduler startQuartz_$_NON_CLUSTERED paused.
2017-03-27 14:59:08 INFO [org.springframework.scheduling.quartz.SchedulerFactoryBean] Shutting down Quartz Scheduler
2017-03-27 14:59:08 INFO [org.quartz.core.QuartzScheduler] Scheduler startQuartz_$_NON_CLUSTERED shutting down.
2017-03-27 14:59:08 INFO [org.quartz.core.QuartzScheduler] Scheduler startQuartz_$_NON_CLUSTERED paused.
2017-03-27 14:59:08 INFO [org.quartz.core.QuartzScheduler] Scheduler startQuartz_$_NON_CLUSTERED shutdown complete.
2017-03-27 14:59:08 INFO [com.alibaba.druid.pool.DruidDataSource] {dataSource-1} closed
2017-03-27 14:59:28 INFO [org.quartz.simpl.SimpleThreadPool] Job execution threads will use class loader of thread: RMI TCP Connection(3)-127.0.0.1
2017-03-27 14:59:28 INFO [org.quartz.core.SchedulerSignalerImpl] Initialized Scheduler Signaller of type: class org.quartz.core.SchedulerSignalerImpl
2017-03-27 14:59:28 INFO [org.quartz.core.QuartzScheduler] Quartz Scheduler v.1.7.3 created.
2017-03-27 14:59:28 INFO [org.quartz.simpl.RAMJobStore] RAMJobStore initialized.
2017-03-27 14:59:28 INFO [org.quartz.impl.StdSchedulerFactory] Quartz scheduler 'DefaultQuartzScheduler' initialized from default resource file in Quartz package: 'quartz.properties'
2017-03-27 14:59:28 INFO [org.quartz.impl.StdSchedulerFactory] Quartz scheduler version: 1.7.3
2017-03-27 14:59:29 INFO [org.quartz.utils.UpdateChecker] New update(s) found: 1.8.5 [http://www.terracotta.org/kit/reflector?kitID=default&pageID=QuartzChangeLog]
2017-03-27 14:59:29 INFO [org.springframework.web.servlet.DispatcherServlet] FrameworkServlet 'springMVC': initialization started
2017-03-27 14:59:29 INFO [org.springframework.web.context.support.XmlWebApplicationContext] Refreshing WebApplicationContext for namespace 'springMVC-servlet': startup date [Mon Mar 27 14:59:29 CST 2017]; root of context hierarchy
2017-03-27 14:59:29 INFO [org.springframework.beans.factory.xml.XmlBeanDefinitionReader] Loading XML bean definitions from class path resource [springmvc-servlet.xml]
2017-03-27 14:59:30 INFO [org.springframework.beans.factory.xml.XmlBeanDefinitionReader] Loading XML bean definitions from class path resource [mysql-config.xml]
2017-03-27 14:59:30 INFO [org.springframework.beans.factory.xml.XmlBeanDefinitionReader] Loading XML bean definitions from class path resource [redis-config.xml]
2017-03-27 14:59:30 INFO [org.springframework.beans.factory.config.PropertyPlaceholderConfigurer] Loading properties file from class path resource [system.properties]
2017-03-27 14:59:30 INFO [org.springframework.context.support.PropertySourcesPlaceholderConfigurer] Loading properties file from class path resource [system.properties]
2017-03-27 14:59:30 INFO [com.alibaba.druid.pool.DruidDataSource] {dataSource-1} inited
2017-03-27 14:59:31 INFO [org.springframework.web.servlet.mvc.method.annotation.RequestMappingHandlerMapping] Mapped "{[/rob/beacon],methods=[GET]}" onto public java.lang.String com.ictwsn.rob.beacon.BeaconAction.beaconScenario(javax.servlet.http.HttpServletRequest,javax.servlet.http.HttpServletResponse,java.lang.String,java.lang.String,int,java.lang.String) throws java.io.IOException,javax.servlet.ServletException
2017-03-27 14:59:31 INFO [org.springframework.web.servlet.mvc.method.annotation.RequestMappingHandlerMapping] Mapped "{[/user/create],methods=[POST]}" onto public java.lang.String com.ictwsn.test.action.UserAction.createUser(javax.servlet.http.HttpServletRequest,javax.servlet.http.HttpServletResponse,com.ictwsn.test.bean.UserBean)
2017-03-27 14:59:31 INFO [org.springframework.web.servlet.mvc.method.annotation.RequestMappingHandlerMapping] Mapped "{[/springmvcupload]}" onto public java.lang.String com.ictwsn.utils.tools.ToolAction.upload2(javax.servlet.http.HttpServletRequest,javax.servlet.http.HttpServletResponse) throws java.lang.IllegalStateException,java.io.IOException
2017-03-27 14:59:31 INFO [org.springframework.web.servlet.mvc.method.annotation.RequestMappingHandlerMapping] Mapped "{[/generalupdate]}" onto public java.lang.String com.ictwsn.utils.tools.ToolAction.addUser(org.springframework.web.multipart.commons.CommonsMultipartFile[],javax.servlet.http.HttpServletRequest)
2017-03-27 14:59:31 INFO [org.springframework.web.servlet.mvc.method.annotation.RequestMappingHandlerMapping] Mapped "{[/web/cust/sch.do]}" onto public java.lang.String com.ictwsn.web.custom.CustomAction.SchServlet(javax.servlet.http.HttpServletRequest,javax.servlet.http.HttpServletResponse) throws javax.servlet.ServletException,java.io.IOException
2017-03-27 14:59:31 INFO [org.springframework.web.servlet.mvc.method.annotation.RequestMappingHandlerMapping] Mapped "{[/web/cust/schdel.do]}" onto public java.lang.String com.ictwsn.web.custom.CustomAction.SchdelServlet(javax.servlet.http.HttpServletRequest,javax.servlet.http.HttpServletResponse) throws javax.servlet.ServletException,java.io.IOException
2017-03-27 14:59:31 INFO [org.springframework.web.servlet.mvc.method.annotation.RequestMappingHandlerMapping] Mapped "{[/web/record/audiodel.do]}" onto public java.lang.String com.ictwsn.web.record.RecordAction.AudiodelServlet(javax.servlet.http.HttpServletRequest,javax.servlet.http.HttpServletResponse) throws javax.servlet.ServletException,java.io.IOException
2017-03-27 14:59:31 INFO [org.springframework.web.servlet.mvc.method.annotation.RequestMappingHandlerMapping] Mapped "{[/wx.do],methods=[POST]}" onto public java.lang.String com.ictwsn.web.WechatAction.userRecord(javax.servlet.http.HttpServletRequest,javax.servlet.http.HttpServletResponse) throws javax.servlet.ServletException,java.io.IOException
2017-03-27 14:59:31 INFO [org.springframework.web.servlet.mvc.method.annotation.RequestMappingHandlerMapping] Mapped "{[/wx.do],methods=[GET]}" onto public java.lang.String com.ictwsn.web.WechatAction.wechatVerification(javax.servlet.http.HttpServletRequest,javax.servlet.http.HttpServletResponse) throws javax.servlet.ServletException,java.io.IOException
2017-03-27 14:59:31 INFO [org.springframework.web.servlet.mvc.method.annotation.RequestMappingHandlerMapping] Mapped "{[/welcome.do]}" onto public java.lang.String com.ictwsn.WelcomeAction.welcome()
2017-03-27 14:59:31 INFO [org.springframework.web.servlet.mvc.method.annotation.RequestMappingHandlerAdapter] Looking for @ControllerAdvice: WebApplicationContext for namespace 'springMVC-servlet': startup date [Mon Mar 27 14:59:29 CST 2017]; root of context hierarchy
2017-03-27 14:59:31 INFO [org.springframework.web.servlet.mvc.method.annotation.RequestMappingHandlerAdapter] Looking for @ControllerAdvice: WebApplicationContext for namespace 'springMVC-servlet': startup date [Mon Mar 27 14:59:29 CST 2017]; root of context hierarchy
2017-03-27 14:59:31 INFO [org.springframework.web.servlet.mvc.annotation.DefaultAnnotationHandlerMapping] Mapped URL path [/rob/beacon] onto handler 'beaconAction'
2017-03-27 14:59:31 INFO [org.springframework.web.servlet.mvc.annotation.DefaultAnnotationHandlerMapping] Mapped URL path [/rob/beacon.*] onto handler 'beaconAction'
2017-03-27 14:59:31 INFO [org.springframework.web.servlet.mvc.annotation.DefaultAnnotationHandlerMapping] Mapped URL path [/rob/beacon/] onto handler 'beaconAction'
2017-03-27 14:59:31 INFO [org.springframework.web.servlet.mvc.annotation.DefaultAnnotationHandlerMapping] Mapped URL path [/user/create] onto handler 'userAction'
2017-03-27 14:59:31 INFO [org.springframework.web.servlet.mvc.annotation.DefaultAnnotationHandlerMapping] Mapped URL path [/user/create.*] onto handler 'userAction'
2017-03-27 14:59:31 INFO [org.springframework.web.servlet.mvc.annotation.DefaultAnnotationHandlerMapping] Mapped URL path [/user/create/] onto handler 'userAction'
2017-03-27 14:59:31 INFO [org.springframework.web.servlet.mvc.annotation.DefaultAnnotationHandlerMapping] Mapped URL path [/springmvcupload] onto handler 'toolAction'
2017-03-27 14:59:31 INFO [org.springframework.web.servlet.mvc.annotation.DefaultAnnotationHandlerMapping] Mapped URL path [/springmvcupload.*] onto handler 'toolAction'
2017-03-27 14:59:31 INFO [org.springframework.web.servlet.mvc.annotation.DefaultAnnotationHandlerMapping] Mapped URL path [/springmvcupload/] onto handler 'toolAction'
2017-03-27 14:59:31 INFO [org.springframework.web.servlet.mvc.annotation.DefaultAnnotationHandlerMapping] Mapped URL path [/generalupdate] onto handler 'toolAction'
2017-03-27 14:59:31 INFO [org.springframework.web.servlet.mvc.annotation.DefaultAnnotationHandlerMapping] Mapped URL path [/generalupdate.*] onto handler 'toolAction'
2017-03-27 14:59:31 INFO [org.springframework.web.servlet.mvc.annotation.DefaultAnnotationHandlerMapping] Mapped URL path [/generalupdate/] onto handler 'toolAction'
2017-03-27 14:59:31 INFO [org.springframework.web.servlet.mvc.annotation.DefaultAnnotationHandlerMapping] Mapped URL path [/web/cust/sch.do] onto handler 'customAction'
2017-03-27 14:59:31 INFO [org.springframework.web.servlet.mvc.annotation.DefaultAnnotationHandlerMapping] Mapped URL path [/web/cust/schdel.do] onto handler 'customAction'
2017-03-27 14:59:31 INFO [org.springframework.web.servlet.mvc.annotation.DefaultAnnotationHandlerMapping] Mapped URL path [/web/record/audiodel.do] onto handler 'recordAction'
2017-03-27 14:59:31 INFO [org.springframework.web.servlet.mvc.annotation.DefaultAnnotationHandlerMapping] Mapped URL path [/wx.do] onto handler 'wechatAction'
2017-03-27 14:59:31 INFO [org.springframework.web.servlet.mvc.annotation.DefaultAnnotationHandlerMapping] Mapped URL path [/welcome.do] onto handler 'welcomeAction'
2017-03-27 14:59:31 INFO [org.quartz.core.SchedulerSignalerImpl] Initialized Scheduler Signaller of type: class org.quartz.core.SchedulerSignalerImpl
2017-03-27 14:59:31 INFO [org.quartz.core.QuartzScheduler] Quartz Scheduler v.1.7.3 created.
2017-03-27 14:59:31 INFO [org.quartz.simpl.RAMJobStore] RAMJobStore initialized.
2017-03-27 14:59:31 INFO [org.quartz.impl.StdSchedulerFactory] Quartz scheduler 'startQuartz' initialized from an externally provided properties instance.
2017-03-27 14:59:31 INFO [org.quartz.impl.StdSchedulerFactory] Quartz scheduler version: 1.7.3
2017-03-27 14:59:31 INFO [org.quartz.core.QuartzScheduler] JobFactory set to: org.springframework.scheduling.quartz.AdaptableJobFactory@356225a1
2017-03-27 14:59:31 INFO [org.springframework.context.support.DefaultLifecycleProcessor] Starting beans in phase 2147483647
2017-03-27 14:59:31 INFO [org.springframework.scheduling.quartz.SchedulerFactoryBean] Starting Quartz Scheduler now
2017-03-27 14:59:31 INFO [org.quartz.core.QuartzScheduler] Scheduler startQuartz_$_NON_CLUSTERED started.
2017-03-27 14:59:31 INFO [com.ictwsn.utils.tools.InitialConfiguration] 初始化语音文件夹===
2017-03-27 14:59:31 INFO [com.ictwsn.utils.tools.InitialConfiguration] 语音文件夹创建完毕！
2017-03-27 14:59:31 INFO [com.ictwsn.utils.tools.InitialConfiguration] spring容器初始化完毕================================================
2017-03-27 14:59:31 INFO [org.springframework.web.servlet.DispatcherServlet] FrameworkServlet 'springMVC': initialization completed in 1874 ms
2017-03-27 14:59:31 INFO [org.quartz.utils.UpdateChecker] New update(s) found: 1.8.5 [http://www.terracotta.org/kit/reflector?kitID=default&pageID=QuartzChangeLog]
2017-03-27 14:59:39 INFO [com.ictwsn.utils.tools.Tools] E:/document/audio/beacon/sports-place不存在，已创建
2017-03-27 14:59:39 INFO [com.ictwsn.rob.beacon.BeaconTool] 音频文件:sports-place-2.mp3不存在，正在合成语音...
2017-03-27 14:59:40 INFO [com.ictwsn.rob.beacon.BeaconTool] 语音合成完毕
2017-03-27 15:03:40 INFO [org.springframework.web.context.support.XmlWebApplicationContext] Closing WebApplicationContext for namespace 'springMVC-servlet': startup date [Mon Mar 27 14:59:29 CST 2017]; root of context hierarchy
2017-03-27 15:03:40 INFO [org.springframework.context.support.DefaultLifecycleProcessor] Stopping beans in phase 2147483647
2017-03-27 15:03:40 INFO [org.quartz.core.QuartzScheduler] Scheduler startQuartz_$_NON_CLUSTERED paused.
2017-03-27 15:03:40 INFO [org.springframework.scheduling.quartz.SchedulerFactoryBean] Shutting down Quartz Scheduler
2017-03-27 15:03:40 INFO [org.quartz.core.QuartzScheduler] Scheduler startQuartz_$_NON_CLUSTERED shutting down.
2017-03-27 15:03:40 INFO [org.quartz.core.QuartzScheduler] Scheduler startQuartz_$_NON_CLUSTERED paused.
2017-03-27 15:03:40 INFO [org.quartz.core.QuartzScheduler] Scheduler startQuartz_$_NON_CLUSTERED shutdown complete.
2017-03-27 15:03:40 INFO [com.alibaba.druid.pool.DruidDataSource] {dataSource-1} closed
2017-03-27 15:04:19 INFO [org.quartz.simpl.SimpleThreadPool] Job execution threads will use class loader of thread: RMI TCP Connection(3)-127.0.0.1
2017-03-27 15:04:19 INFO [org.quartz.core.SchedulerSignalerImpl] Initialized Scheduler Signaller of type: class org.quartz.core.SchedulerSignalerImpl
2017-03-27 15:04:19 INFO [org.quartz.core.QuartzScheduler] Quartz Scheduler v.1.7.3 created.
2017-03-27 15:04:19 INFO [org.quartz.simpl.RAMJobStore] RAMJobStore initialized.
2017-03-27 15:04:19 INFO [org.quartz.impl.StdSchedulerFactory] Quartz scheduler 'DefaultQuartzScheduler' initialized from default resource file in Quartz package: 'quartz.properties'
2017-03-27 15:04:19 INFO [org.quartz.impl.StdSchedulerFactory] Quartz scheduler version: 1.7.3
2017-03-27 15:04:20 INFO [org.quartz.utils.UpdateChecker] New update(s) found: 1.8.5 [http://www.terracotta.org/kit/reflector?kitID=default&pageID=QuartzChangeLog]
2017-03-27 15:04:20 INFO [org.springframework.web.servlet.DispatcherServlet] FrameworkServlet 'springMVC': initialization started
2017-03-27 15:04:20 INFO [org.springframework.web.context.support.XmlWebApplicationContext] Refreshing WebApplicationContext for namespace 'springMVC-servlet': startup date [Mon Mar 27 15:04:20 CST 2017]; root of context hierarchy
2017-03-27 15:04:20 INFO [org.springframework.beans.factory.xml.XmlBeanDefinitionReader] Loading XML bean definitions from class path resource [springmvc-servlet.xml]
2017-03-27 15:04:21 INFO [org.springframework.beans.factory.xml.XmlBeanDefinitionReader] Loading XML bean definitions from class path resource [mysql-config.xml]
2017-03-27 15:04:21 INFO [org.springframework.beans.factory.xml.XmlBeanDefinitionReader] Loading XML bean definitions from class path resource [redis-config.xml]
2017-03-27 15:04:21 INFO [org.springframework.beans.factory.config.PropertyPlaceholderConfigurer] Loading properties file from class path resource [system.properties]
2017-03-27 15:04:21 INFO [org.springframework.context.support.PropertySourcesPlaceholderConfigurer] Loading properties file from class path resource [system.properties]
2017-03-27 15:04:21 INFO [com.alibaba.druid.pool.DruidDataSource] {dataSource-1} inited
2017-03-27 15:04:22 INFO [org.springframework.web.servlet.mvc.method.annotation.RequestMappingHandlerMapping] Mapped "{[/rob/beacon],methods=[GET]}" onto public java.lang.String com.ictwsn.rob.beacon.BeaconAction.beaconScenario(javax.servlet.http.HttpServletRequest,javax.servlet.http.HttpServletResponse,java.lang.String,java.lang.String,int,java.lang.String) throws java.io.IOException,javax.servlet.ServletException
2017-03-27 15:04:22 INFO [org.springframework.web.servlet.mvc.method.annotation.RequestMappingHandlerMapping] Mapped "{[/user/create],methods=[POST]}" onto public java.lang.String com.ictwsn.test.action.UserAction.createUser(javax.servlet.http.HttpServletRequest,javax.servlet.http.HttpServletResponse,com.ictwsn.test.bean.UserBean)
2017-03-27 15:04:22 INFO [org.springframework.web.servlet.mvc.method.annotation.RequestMappingHandlerMapping] Mapped "{[/springmvcupload]}" onto public java.lang.String com.ictwsn.utils.tools.ToolAction.upload2(javax.servlet.http.HttpServletRequest,javax.servlet.http.HttpServletResponse) throws java.lang.IllegalStateException,java.io.IOException
2017-03-27 15:04:22 INFO [org.springframework.web.servlet.mvc.method.annotation.RequestMappingHandlerMapping] Mapped "{[/generalupdate]}" onto public java.lang.String com.ictwsn.utils.tools.ToolAction.addUser(org.springframework.web.multipart.commons.CommonsMultipartFile[],javax.servlet.http.HttpServletRequest)
2017-03-27 15:04:22 INFO [org.springframework.web.servlet.mvc.method.annotation.RequestMappingHandlerMapping] Mapped "{[/web/cust/schdel.do]}" onto public java.lang.String com.ictwsn.web.custom.CustomAction.SchdelServlet(javax.servlet.http.HttpServletRequest,javax.servlet.http.HttpServletResponse) throws javax.servlet.ServletException,java.io.IOException
2017-03-27 15:04:22 INFO [org.springframework.web.servlet.mvc.method.annotation.RequestMappingHandlerMapping] Mapped "{[/web/cust/sch.do]}" onto public java.lang.String com.ictwsn.web.custom.CustomAction.SchServlet(javax.servlet.http.HttpServletRequest,javax.servlet.http.HttpServletResponse) throws javax.servlet.ServletException,java.io.IOException
2017-03-27 15:04:22 INFO [org.springframework.web.servlet.mvc.method.annotation.RequestMappingHandlerMapping] Mapped "{[/web/record/audiodel.do]}" onto public java.lang.String com.ictwsn.web.record.RecordAction.AudiodelServlet(javax.servlet.http.HttpServletRequest,javax.servlet.http.HttpServletResponse) throws javax.servlet.ServletException,java.io.IOException
2017-03-27 15:04:22 INFO [org.springframework.web.servlet.mvc.method.annotation.RequestMappingHandlerMapping] Mapped "{[/wx.do],methods=[GET]}" onto public java.lang.String com.ictwsn.web.WechatAction.wechatVerification(javax.servlet.http.HttpServletRequest,javax.servlet.http.HttpServletResponse) throws javax.servlet.ServletException,java.io.IOException
2017-03-27 15:04:22 INFO [org.springframework.web.servlet.mvc.method.annotation.RequestMappingHandlerMapping] Mapped "{[/wx.do],methods=[POST]}" onto public java.lang.String com.ictwsn.web.WechatAction.userRecord(javax.servlet.http.HttpServletRequest,javax.servlet.http.HttpServletResponse) throws javax.servlet.ServletException,java.io.IOException
2017-03-27 15:04:22 INFO [org.springframework.web.servlet.mvc.method.annotation.RequestMappingHandlerMapping] Mapped "{[/welcome.do]}" onto public java.lang.String com.ictwsn.WelcomeAction.welcome()
2017-03-27 15:04:22 INFO [org.springframework.web.servlet.mvc.method.annotation.RequestMappingHandlerAdapter] Looking for @ControllerAdvice: WebApplicationContext for namespace 'springMVC-servlet': startup date [Mon Mar 27 15:04:20 CST 2017]; root of context hierarchy
2017-03-27 15:04:22 INFO [org.springframework.web.servlet.mvc.method.annotation.RequestMappingHandlerAdapter] Looking for @ControllerAdvice: WebApplicationContext for namespace 'springMVC-servlet': startup date [Mon Mar 27 15:04:20 CST 2017]; root of context hierarchy
2017-03-27 15:04:22 INFO [org.springframework.web.servlet.mvc.annotation.DefaultAnnotationHandlerMapping] Mapped URL path [/rob/beacon] onto handler 'beaconAction'
2017-03-27 15:04:22 INFO [org.springframework.web.servlet.mvc.annotation.DefaultAnnotationHandlerMapping] Mapped URL path [/rob/beacon.*] onto handler 'beaconAction'
2017-03-27 15:04:22 INFO [org.springframework.web.servlet.mvc.annotation.DefaultAnnotationHandlerMapping] Mapped URL path [/rob/beacon/] onto handler 'beaconAction'
2017-03-27 15:04:22 INFO [org.springframework.web.servlet.mvc.annotation.DefaultAnnotationHandlerMapping] Mapped URL path [/user/create] onto handler 'userAction'
2017-03-27 15:04:22 INFO [org.springframework.web.servlet.mvc.annotation.DefaultAnnotationHandlerMapping] Mapped URL path [/user/create.*] onto handler 'userAction'
2017-03-27 15:04:22 INFO [org.springframework.web.servlet.mvc.annotation.DefaultAnnotationHandlerMapping] Mapped URL path [/user/create/] onto handler 'userAction'
2017-03-27 15:04:22 INFO [org.springframework.web.servlet.mvc.annotation.DefaultAnnotationHandlerMapping] Mapped URL path [/springmvcupload] onto handler 'toolAction'
2017-03-27 15:04:22 INFO [org.springframework.web.servlet.mvc.annotation.DefaultAnnotationHandlerMapping] Mapped URL path [/springmvcupload.*] onto handler 'toolAction'
2017-03-27 15:04:22 INFO [org.springframework.web.servlet.mvc.annotation.DefaultAnnotationHandlerMapping] Mapped URL path [/springmvcupload/] onto handler 'toolAction'
2017-03-27 15:04:22 INFO [org.springframework.web.servlet.mvc.annotation.DefaultAnnotationHandlerMapping] Mapped URL path [/generalupdate] onto handler 'toolAction'
2017-03-27 15:04:22 INFO [org.springframework.web.servlet.mvc.annotation.DefaultAnnotationHandlerMapping] Mapped URL path [/generalupdate.*] onto handler 'toolAction'
2017-03-27 15:04:22 INFO [org.springframework.web.servlet.mvc.annotation.DefaultAnnotationHandlerMapping] Mapped URL path [/generalupdate/] onto handler 'toolAction'
2017-03-27 15:04:22 INFO [org.springframework.web.servlet.mvc.annotation.DefaultAnnotationHandlerMapping] Mapped URL path [/web/cust/schdel.do] onto handler 'customAction'
2017-03-27 15:04:22 INFO [org.springframework.web.servlet.mvc.annotation.DefaultAnnotationHandlerMapping] Mapped URL path [/web/cust/sch.do] onto handler 'customAction'
2017-03-27 15:04:22 INFO [org.springframework.web.servlet.mvc.annotation.DefaultAnnotationHandlerMapping] Mapped URL path [/web/record/audiodel.do] onto handler 'recordAction'
2017-03-27 15:04:22 INFO [org.springframework.web.servlet.mvc.annotation.DefaultAnnotationHandlerMapping] Mapped URL path [/wx.do] onto handler 'wechatAction'
2017-03-27 15:04:22 INFO [org.springframework.web.servlet.mvc.annotation.DefaultAnnotationHandlerMapping] Mapped URL path [/welcome.do] onto handler 'welcomeAction'
2017-03-27 15:04:22 INFO [org.quartz.core.SchedulerSignalerImpl] Initialized Scheduler Signaller of type: class org.quartz.core.SchedulerSignalerImpl
2017-03-27 15:04:22 INFO [org.quartz.core.QuartzScheduler] Quartz Scheduler v.1.7.3 created.
2017-03-27 15:04:22 INFO [org.quartz.simpl.RAMJobStore] RAMJobStore initialized.
2017-03-27 15:04:22 INFO [org.quartz.impl.StdSchedulerFactory] Quartz scheduler 'startQuartz' initialized from an externally provided properties instance.
2017-03-27 15:04:22 INFO [org.quartz.impl.StdSchedulerFactory] Quartz scheduler version: 1.7.3
2017-03-27 15:04:22 INFO [org.quartz.core.QuartzScheduler] JobFactory set to: org.springframework.scheduling.quartz.AdaptableJobFactory@57024346
2017-03-27 15:04:22 INFO [org.springframework.context.support.DefaultLifecycleProcessor] Starting beans in phase 2147483647
2017-03-27 15:04:22 INFO [org.springframework.scheduling.quartz.SchedulerFactoryBean] Starting Quartz Scheduler now
2017-03-27 15:04:22 INFO [org.quartz.core.QuartzScheduler] Scheduler startQuartz_$_NON_CLUSTERED started.
2017-03-27 15:04:22 INFO [com.ictwsn.utils.tools.InitialConfiguration] 初始化语音文件夹===
2017-03-27 15:04:22 INFO [com.ictwsn.utils.tools.InitialConfiguration] 语音文件夹创建完毕！
2017-03-27 15:04:22 INFO [com.ictwsn.utils.tools.InitialConfiguration] spring容器初始化完毕================================================
2017-03-27 15:04:22 INFO [org.springframework.web.servlet.DispatcherServlet] FrameworkServlet 'springMVC': initialization completed in 2007 ms
2017-03-27 15:04:23 INFO [org.quartz.utils.UpdateChecker] New update(s) found: 1.8.5 [http://www.terracotta.org/kit/reflector?kitID=default&pageID=QuartzChangeLog]
2017-03-27 15:04:30 INFO [com.ictwsn.rob.beacon.BeaconTool] 音频文件:sofa-2.mp3不存在，正在合成语音...
2017-03-27 15:04:31 INFO [com.ictwsn.rob.beacon.BeaconTool] 语音合成完毕
2017-03-27 15:24:02 WARN [org.springframework.web.servlet.PageNotFound] No mapping found for HTTP request with URI [/announce.php] in DispatcherServlet with name 'springMVC'
2017-03-27 15:24:02 WARN [org.springframework.web.servlet.PageNotFound] No mapping found for HTTP request with URI [/announce] in DispatcherServlet with name 'springMVC'
2017-03-27 15:24:02 WARN [org.springframework.web.servlet.PageNotFound] No mapping found for HTTP request with URI [/announce] in DispatcherServlet with name 'springMVC'
2017-03-27 15:24:02 WARN [org.springframework.web.servlet.PageNotFound] No mapping found for HTTP request with URI [/announce.php] in DispatcherServlet with name 'springMVC'
2017-03-27 16:15:00 INFO [com.ictwsn.utils.timer.Job] 定时任务开始
2017-03-27 18:41:44 WARN [org.springframework.web.servlet.PageNotFound] No mapping found for HTTP request with URI [/announce.php] in DispatcherServlet with name 'springMVC'
2017-03-27 18:41:44 WARN [org.springframework.web.servlet.PageNotFound] No mapping found for HTTP request with URI [/announce] in DispatcherServlet with name 'springMVC'
2017-03-27 18:41:44 WARN [org.springframework.web.servlet.PageNotFound] No mapping found for HTTP request with URI [/announce] in DispatcherServlet with name 'springMVC'
2017-03-27 18:41:44 WARN [org.springframework.web.servlet.PageNotFound] No mapping found for HTTP request with URI [/announce.php] in DispatcherServlet with name 'springMVC'
