2017-03-28 19:59:16 INFO [org.quartz.simpl.SimpleThreadPool] Job execution threads will use class loader of thread: RMI TCP Connection(3)-127.0.0.1
2017-03-28 19:59:16 INFO [org.quartz.core.SchedulerSignalerImpl] Initialized Scheduler Signaller of type: class org.quartz.core.SchedulerSignalerImpl
2017-03-28 19:59:16 INFO [org.quartz.core.QuartzScheduler] Quartz Scheduler v.1.7.3 created.
2017-03-28 19:59:16 INFO [org.quartz.simpl.RAMJobStore] RAMJobStore initialized.
2017-03-28 19:59:16 INFO [org.quartz.impl.StdSchedulerFactory] Quartz scheduler 'DefaultQuartzScheduler' initialized from default resource file in Quartz package: 'quartz.properties'
2017-03-28 19:59:16 INFO [org.quartz.impl.StdSchedulerFactory] Quartz scheduler version: 1.7.3
2017-03-28 19:59:16 INFO [org.quartz.utils.UpdateChecker] New update(s) found: 1.8.5 [http://www.terracotta.org/kit/reflector?kitID=default&pageID=QuartzChangeLog]
2017-03-28 19:59:18 INFO [org.springframework.web.servlet.DispatcherServlet] FrameworkServlet 'springMVC': initialization started
2017-03-28 19:59:18 INFO [org.springframework.web.context.support.XmlWebApplicationContext] Refreshing WebApplicationContext for namespace 'springMVC-servlet': startup date [Tue Mar 28 19:59:18 CST 2017]; root of context hierarchy
2017-03-28 19:59:18 INFO [org.springframework.beans.factory.xml.XmlBeanDefinitionReader] Loading XML bean definitions from class path resource [springmvc-servlet.xml]
2017-03-28 19:59:18 INFO [org.springframework.beans.factory.xml.XmlBeanDefinitionReader] Loading XML bean definitions from class path resource [mysql-config.xml]
2017-03-28 19:59:18 INFO [org.springframework.beans.factory.xml.XmlBeanDefinitionReader] Loading XML bean definitions from class path resource [redis-config.xml]
2017-03-28 19:59:18 INFO [org.springframework.beans.factory.config.PropertyPlaceholderConfigurer] Loading properties file from class path resource [system.properties]
2017-03-28 19:59:18 INFO [org.springframework.context.support.PropertySourcesPlaceholderConfigurer] Loading properties file from class path resource [system.properties]
2017-03-28 19:59:19 INFO [com.alibaba.druid.pool.DruidDataSource] {dataSource-1} inited
2017-03-28 19:59:20 INFO [org.springframework.web.servlet.mvc.method.annotation.RequestMappingHandlerMapping] Mapped "{[/rob/beacon],methods=[GET]}" onto public java.lang.String com.ictwsn.rob.beacon.BeaconAction.beaconScenario(javax.servlet.http.HttpServletRequest,javax.servlet.http.HttpServletResponse,java.lang.String,java.lang.String,int,java.lang.String) throws java.io.IOException,javax.servlet.ServletException
2017-03-28 19:59:20 INFO [org.springframework.web.servlet.mvc.method.annotation.RequestMappingHandlerMapping] Mapped "{[/user/create],methods=[POST]}" onto public java.lang.String com.ictwsn.test.action.UserAction.createUser(javax.servlet.http.HttpServletRequest,javax.servlet.http.HttpServletResponse,com.ictwsn.test.bean.UserBean)
2017-03-28 19:59:20 INFO [org.springframework.web.servlet.mvc.method.annotation.RequestMappingHandlerMapping] Mapped "{[/springmvcupload]}" onto public java.lang.String com.ictwsn.utils.tools.ToolAction.upload2(javax.servlet.http.HttpServletRequest,javax.servlet.http.HttpServletResponse) throws java.lang.IllegalStateException,java.io.IOException
2017-03-28 19:59:20 INFO [org.springframework.web.servlet.mvc.method.annotation.RequestMappingHandlerMapping] Mapped "{[/generalupdate]}" onto public java.lang.String com.ictwsn.utils.tools.ToolAction.addUser(org.springframework.web.multipart.commons.CommonsMultipartFile[],javax.servlet.http.HttpServletRequest)
2017-03-28 19:59:20 INFO [org.springframework.web.servlet.mvc.method.annotation.RequestMappingHandlerMapping] Mapped "{[/web/cust/schdel.do]}" onto public java.lang.String com.ictwsn.web.custom.CustomAction.SchdelServlet(javax.servlet.http.HttpServletRequest,javax.servlet.http.HttpServletResponse) throws javax.servlet.ServletException,java.io.IOException
2017-03-28 19:59:20 INFO [org.springframework.web.servlet.mvc.method.annotation.RequestMappingHandlerMapping] Mapped "{[/web/cust/sch.do]}" onto public java.lang.String com.ictwsn.web.custom.CustomAction.SchServlet(javax.servlet.http.HttpServletRequest,javax.servlet.http.HttpServletResponse) throws javax.servlet.ServletException,java.io.IOException
2017-03-28 19:59:20 INFO [org.springframework.web.servlet.mvc.method.annotation.RequestMappingHandlerMapping] Mapped "{[/web/record/audiodel.do]}" onto public java.lang.String com.ictwsn.web.record.RecordAction.AudiodelServlet(javax.servlet.http.HttpServletRequest,javax.servlet.http.HttpServletResponse) throws javax.servlet.ServletException,java.io.IOException
2017-03-28 19:59:20 INFO [org.springframework.web.servlet.mvc.method.annotation.RequestMappingHandlerMapping] Mapped "{[/wx.do],methods=[POST]}" onto public java.lang.String com.ictwsn.web.WechatAction.userRecord(javax.servlet.http.HttpServletRequest,javax.servlet.http.HttpServletResponse) throws javax.servlet.ServletException,java.io.IOException
2017-03-28 19:59:20 INFO [org.springframework.web.servlet.mvc.method.annotation.RequestMappingHandlerMapping] Mapped "{[/wx.do],methods=[GET]}" onto public java.lang.String com.ictwsn.web.WechatAction.wechatVerification(javax.servlet.http.HttpServletRequest,javax.servlet.http.HttpServletResponse) throws javax.servlet.ServletException,java.io.IOException
2017-03-28 19:59:20 INFO [org.springframework.web.servlet.mvc.method.annotation.RequestMappingHandlerMapping] Mapped "{[/welcome.do]}" onto public java.lang.String com.ictwsn.WelcomeAction.welcome()
2017-03-28 19:59:20 INFO [org.springframework.web.servlet.mvc.method.annotation.RequestMappingHandlerAdapter] Looking for @ControllerAdvice: WebApplicationContext for namespace 'springMVC-servlet': startup date [Tue Mar 28 19:59:18 CST 2017]; root of context hierarchy
2017-03-28 19:59:20 INFO [org.springframework.web.servlet.mvc.method.annotation.RequestMappingHandlerAdapter] Looking for @ControllerAdvice: WebApplicationContext for namespace 'springMVC-servlet': startup date [Tue Mar 28 19:59:18 CST 2017]; root of context hierarchy
2017-03-28 19:59:20 INFO [org.springframework.web.servlet.mvc.annotation.DefaultAnnotationHandlerMapping] Mapped URL path [/rob/beacon] onto handler 'beaconAction'
2017-03-28 19:59:20 INFO [org.springframework.web.servlet.mvc.annotation.DefaultAnnotationHandlerMapping] Mapped URL path [/rob/beacon.*] onto handler 'beaconAction'
2017-03-28 19:59:20 INFO [org.springframework.web.servlet.mvc.annotation.DefaultAnnotationHandlerMapping] Mapped URL path [/rob/beacon/] onto handler 'beaconAction'
2017-03-28 19:59:20 INFO [org.springframework.web.servlet.mvc.annotation.DefaultAnnotationHandlerMapping] Mapped URL path [/user/create] onto handler 'userAction'
2017-03-28 19:59:20 INFO [org.springframework.web.servlet.mvc.annotation.DefaultAnnotationHandlerMapping] Mapped URL path [/user/create.*] onto handler 'userAction'
2017-03-28 19:59:20 INFO [org.springframework.web.servlet.mvc.annotation.DefaultAnnotationHandlerMapping] Mapped URL path [/user/create/] onto handler 'userAction'
2017-03-28 19:59:20 INFO [org.springframework.web.servlet.mvc.annotation.DefaultAnnotationHandlerMapping] Mapped URL path [/springmvcupload] onto handler 'toolAction'
2017-03-28 19:59:20 INFO [org.springframework.web.servlet.mvc.annotation.DefaultAnnotationHandlerMapping] Mapped URL path [/springmvcupload.*] onto handler 'toolAction'
2017-03-28 19:59:20 INFO [org.springframework.web.servlet.mvc.annotation.DefaultAnnotationHandlerMapping] Mapped URL path [/springmvcupload/] onto handler 'toolAction'
2017-03-28 19:59:20 INFO [org.springframework.web.servlet.mvc.annotation.DefaultAnnotationHandlerMapping] Mapped URL path [/generalupdate] onto handler 'toolAction'
2017-03-28 19:59:20 INFO [org.springframework.web.servlet.mvc.annotation.DefaultAnnotationHandlerMapping] Mapped URL path [/generalupdate.*] onto handler 'toolAction'
2017-03-28 19:59:20 INFO [org.springframework.web.servlet.mvc.annotation.DefaultAnnotationHandlerMapping] Mapped URL path [/generalupdate/] onto handler 'toolAction'
2017-03-28 19:59:20 INFO [org.springframework.web.servlet.mvc.annotation.DefaultAnnotationHandlerMapping] Mapped URL path [/web/cust/schdel.do] onto handler 'customAction'
2017-03-28 19:59:20 INFO [org.springframework.web.servlet.mvc.annotation.DefaultAnnotationHandlerMapping] Mapped URL path [/web/cust/sch.do] onto handler 'customAction'
2017-03-28 19:59:20 INFO [org.springframework.web.servlet.mvc.annotation.DefaultAnnotationHandlerMapping] Mapped URL path [/web/record/audiodel.do] onto handler 'recordAction'
2017-03-28 19:59:20 INFO [org.springframework.web.servlet.mvc.annotation.DefaultAnnotationHandlerMapping] Mapped URL path [/wx.do] onto handler 'wechatAction'
2017-03-28 19:59:20 INFO [org.springframework.web.servlet.mvc.annotation.DefaultAnnotationHandlerMapping] Mapped URL path [/welcome.do] onto handler 'welcomeAction'
2017-03-28 19:59:20 INFO [org.quartz.core.SchedulerSignalerImpl] Initialized Scheduler Signaller of type: class org.quartz.core.SchedulerSignalerImpl
2017-03-28 19:59:20 INFO [org.quartz.core.QuartzScheduler] Quartz Scheduler v.1.7.3 created.
2017-03-28 19:59:20 INFO [org.quartz.simpl.RAMJobStore] RAMJobStore initialized.
2017-03-28 19:59:20 INFO [org.quartz.impl.StdSchedulerFactory] Quartz scheduler 'startQuartz' initialized from an externally provided properties instance.
2017-03-28 19:59:20 INFO [org.quartz.impl.StdSchedulerFactory] Quartz scheduler version: 1.7.3
2017-03-28 19:59:20 INFO [org.quartz.core.QuartzScheduler] JobFactory set to: org.springframework.scheduling.quartz.AdaptableJobFactory@6cc76c05
2017-03-28 19:59:20 INFO [org.springframework.context.support.DefaultLifecycleProcessor] Starting beans in phase 2147483647
2017-03-28 19:59:20 INFO [org.springframework.scheduling.quartz.SchedulerFactoryBean] Starting Quartz Scheduler now
2017-03-28 19:59:20 INFO [org.quartz.core.QuartzScheduler] Scheduler startQuartz_$_NON_CLUSTERED started.
2017-03-28 19:59:20 INFO [com.ictwsn.utils.tools.InitialConfiguration] 初始化语音文件夹===
2017-03-28 19:59:21 INFO [com.ictwsn.utils.tools.InitialConfiguration] 语音文件夹创建完毕！
2017-03-28 19:59:21 INFO [com.ictwsn.utils.tools.InitialConfiguration] spring容器初始化完毕================================================
2017-03-28 19:59:21 INFO [org.springframework.web.servlet.DispatcherServlet] FrameworkServlet 'springMVC': initialization completed in 3010 ms
2017-03-28 19:59:21 INFO [org.quartz.utils.UpdateChecker] New update(s) found: 1.8.5 [http://www.terracotta.org/kit/reflector?kitID=default&pageID=QuartzChangeLog]
2017-03-28 20:02:06 INFO [org.quartz.simpl.SimpleThreadPool] Job execution threads will use class loader of thread: RMI TCP Connection(3)-127.0.0.1
2017-03-28 20:02:06 INFO [org.quartz.core.SchedulerSignalerImpl] Initialized Scheduler Signaller of type: class org.quartz.core.SchedulerSignalerImpl
2017-03-28 20:02:06 INFO [org.quartz.core.QuartzScheduler] Quartz Scheduler v.1.7.3 created.
2017-03-28 20:02:06 INFO [org.quartz.simpl.RAMJobStore] RAMJobStore initialized.
2017-03-28 20:02:06 INFO [org.quartz.impl.StdSchedulerFactory] Quartz scheduler 'DefaultQuartzScheduler' initialized from default resource file in Quartz package: 'quartz.properties'
2017-03-28 20:02:06 INFO [org.quartz.impl.StdSchedulerFactory] Quartz scheduler version: 1.7.3
2017-03-28 20:02:07 INFO [org.quartz.utils.UpdateChecker] New update(s) found: 1.8.5 [http://www.terracotta.org/kit/reflector?kitID=default&pageID=QuartzChangeLog]
2017-03-28 20:02:07 INFO [org.springframework.web.servlet.DispatcherServlet] FrameworkServlet 'springMVC': initialization started
2017-03-28 20:02:07 INFO [org.springframework.web.context.support.XmlWebApplicationContext] Refreshing WebApplicationContext for namespace 'springMVC-servlet': startup date [Tue Mar 28 20:02:07 CST 2017]; root of context hierarchy
2017-03-28 20:02:07 INFO [org.springframework.beans.factory.xml.XmlBeanDefinitionReader] Loading XML bean definitions from class path resource [springmvc-servlet.xml]
2017-03-28 20:02:07 INFO [org.springframework.beans.factory.xml.XmlBeanDefinitionReader] Loading XML bean definitions from class path resource [mysql-config.xml]
2017-03-28 20:02:07 INFO [org.springframework.beans.factory.xml.XmlBeanDefinitionReader] Loading XML bean definitions from class path resource [redis-config.xml]
2017-03-28 20:02:08 INFO [org.springframework.beans.factory.config.PropertyPlaceholderConfigurer] Loading properties file from class path resource [system.properties]
2017-03-28 20:02:08 INFO [org.springframework.context.support.PropertySourcesPlaceholderConfigurer] Loading properties file from class path resource [system.properties]
2017-03-28 20:02:08 INFO [com.alibaba.druid.pool.DruidDataSource] {dataSource-1} inited
2017-03-28 20:02:08 INFO [org.springframework.web.servlet.mvc.method.annotation.RequestMappingHandlerMapping] Mapped "{[/rob/beacon],methods=[GET]}" onto public java.lang.String com.ictwsn.rob.beacon.BeaconAction.beaconScenario(javax.servlet.http.HttpServletRequest,javax.servlet.http.HttpServletResponse,java.lang.String,java.lang.String,int,java.lang.String) throws java.io.IOException,javax.servlet.ServletException
2017-03-28 20:02:08 INFO [org.springframework.web.servlet.mvc.method.annotation.RequestMappingHandlerMapping] Mapped "{[/user/create],methods=[POST]}" onto public java.lang.String com.ictwsn.test.action.UserAction.createUser(javax.servlet.http.HttpServletRequest,javax.servlet.http.HttpServletResponse,com.ictwsn.test.bean.UserBean)
2017-03-28 20:02:08 INFO [org.springframework.web.servlet.mvc.method.annotation.RequestMappingHandlerMapping] Mapped "{[/springmvcupload]}" onto public java.lang.String com.ictwsn.utils.tools.ToolAction.upload2(javax.servlet.http.HttpServletRequest,javax.servlet.http.HttpServletResponse) throws java.lang.IllegalStateException,java.io.IOException
2017-03-28 20:02:08 INFO [org.springframework.web.servlet.mvc.method.annotation.RequestMappingHandlerMapping] Mapped "{[/generalupdate]}" onto public java.lang.String com.ictwsn.utils.tools.ToolAction.addUser(org.springframework.web.multipart.commons.CommonsMultipartFile[],javax.servlet.http.HttpServletRequest)
2017-03-28 20:02:08 INFO [org.springframework.web.servlet.mvc.method.annotation.RequestMappingHandlerMapping] Mapped "{[/web/cust/sch.do]}" onto public java.lang.String com.ictwsn.web.custom.CustomAction.SchServlet(javax.servlet.http.HttpServletRequest,javax.servlet.http.HttpServletResponse) throws javax.servlet.ServletException,java.io.IOException
2017-03-28 20:02:08 INFO [org.springframework.web.servlet.mvc.method.annotation.RequestMappingHandlerMapping] Mapped "{[/web/cust/schdel.do]}" onto public java.lang.String com.ictwsn.web.custom.CustomAction.SchdelServlet(javax.servlet.http.HttpServletRequest,javax.servlet.http.HttpServletResponse) throws javax.servlet.ServletException,java.io.IOException
2017-03-28 20:02:08 INFO [org.springframework.web.servlet.mvc.method.annotation.RequestMappingHandlerMapping] Mapped "{[/web/record/audiodel.do]}" onto public java.lang.String com.ictwsn.web.record.RecordAction.AudiodelServlet(javax.servlet.http.HttpServletRequest,javax.servlet.http.HttpServletResponse) throws javax.servlet.ServletException,java.io.IOException
2017-03-28 20:02:08 INFO [org.springframework.web.servlet.mvc.method.annotation.RequestMappingHandlerMapping] Mapped "{[/wx.do],methods=[GET]}" onto public java.lang.String com.ictwsn.web.WechatAction.wechatVerification(javax.servlet.http.HttpServletRequest,javax.servlet.http.HttpServletResponse) throws javax.servlet.ServletException,java.io.IOException
2017-03-28 20:02:08 INFO [org.springframework.web.servlet.mvc.method.annotation.RequestMappingHandlerMapping] Mapped "{[/wx.do],methods=[POST]}" onto public java.lang.String com.ictwsn.web.WechatAction.userRecord(javax.servlet.http.HttpServletRequest,javax.servlet.http.HttpServletResponse) throws javax.servlet.ServletException,java.io.IOException
2017-03-28 20:02:08 INFO [org.springframework.web.servlet.mvc.method.annotation.RequestMappingHandlerMapping] Mapped "{[/welcome.do]}" onto public java.lang.String com.ictwsn.WelcomeAction.welcome()
2017-03-28 20:02:08 INFO [org.springframework.web.servlet.mvc.method.annotation.RequestMappingHandlerAdapter] Looking for @ControllerAdvice: WebApplicationContext for namespace 'springMVC-servlet': startup date [Tue Mar 28 20:02:07 CST 2017]; root of context hierarchy
2017-03-28 20:02:09 INFO [org.springframework.web.servlet.mvc.method.annotation.RequestMappingHandlerAdapter] Looking for @ControllerAdvice: WebApplicationContext for namespace 'springMVC-servlet': startup date [Tue Mar 28 20:02:07 CST 2017]; root of context hierarchy
2017-03-28 20:02:09 INFO [org.springframework.web.servlet.mvc.annotation.DefaultAnnotationHandlerMapping] Mapped URL path [/rob/beacon] onto handler 'beaconAction'
2017-03-28 20:02:09 INFO [org.springframework.web.servlet.mvc.annotation.DefaultAnnotationHandlerMapping] Mapped URL path [/rob/beacon.*] onto handler 'beaconAction'
2017-03-28 20:02:09 INFO [org.springframework.web.servlet.mvc.annotation.DefaultAnnotationHandlerMapping] Mapped URL path [/rob/beacon/] onto handler 'beaconAction'
2017-03-28 20:02:09 INFO [org.springframework.web.servlet.mvc.annotation.DefaultAnnotationHandlerMapping] Mapped URL path [/user/create] onto handler 'userAction'
2017-03-28 20:02:09 INFO [org.springframework.web.servlet.mvc.annotation.DefaultAnnotationHandlerMapping] Mapped URL path [/user/create.*] onto handler 'userAction'
2017-03-28 20:02:09 INFO [org.springframework.web.servlet.mvc.annotation.DefaultAnnotationHandlerMapping] Mapped URL path [/user/create/] onto handler 'userAction'
2017-03-28 20:02:09 INFO [org.springframework.web.servlet.mvc.annotation.DefaultAnnotationHandlerMapping] Mapped URL path [/springmvcupload] onto handler 'toolAction'
2017-03-28 20:02:09 INFO [org.springframework.web.servlet.mvc.annotation.DefaultAnnotationHandlerMapping] Mapped URL path [/springmvcupload.*] onto handler 'toolAction'
2017-03-28 20:02:09 INFO [org.springframework.web.servlet.mvc.annotation.DefaultAnnotationHandlerMapping] Mapped URL path [/springmvcupload/] onto handler 'toolAction'
2017-03-28 20:02:09 INFO [org.springframework.web.servlet.mvc.annotation.DefaultAnnotationHandlerMapping] Mapped URL path [/generalupdate] onto handler 'toolAction'
2017-03-28 20:02:09 INFO [org.springframework.web.servlet.mvc.annotation.DefaultAnnotationHandlerMapping] Mapped URL path [/generalupdate.*] onto handler 'toolAction'
2017-03-28 20:02:09 INFO [org.springframework.web.servlet.mvc.annotation.DefaultAnnotationHandlerMapping] Mapped URL path [/generalupdate/] onto handler 'toolAction'
2017-03-28 20:02:09 INFO [org.springframework.web.servlet.mvc.annotation.DefaultAnnotationHandlerMapping] Mapped URL path [/web/cust/sch.do] onto handler 'customAction'
2017-03-28 20:02:09 INFO [org.springframework.web.servlet.mvc.annotation.DefaultAnnotationHandlerMapping] Mapped URL path [/web/cust/schdel.do] onto handler 'customAction'
2017-03-28 20:02:09 INFO [org.springframework.web.servlet.mvc.annotation.DefaultAnnotationHandlerMapping] Mapped URL path [/web/record/audiodel.do] onto handler 'recordAction'
2017-03-28 20:02:09 INFO [org.springframework.web.servlet.mvc.annotation.DefaultAnnotationHandlerMapping] Mapped URL path [/wx.do] onto handler 'wechatAction'
2017-03-28 20:02:09 INFO [org.springframework.web.servlet.mvc.annotation.DefaultAnnotationHandlerMapping] Mapped URL path [/welcome.do] onto handler 'welcomeAction'
2017-03-28 20:02:09 INFO [org.quartz.core.SchedulerSignalerImpl] Initialized Scheduler Signaller of type: class org.quartz.core.SchedulerSignalerImpl
2017-03-28 20:02:09 INFO [org.quartz.core.QuartzScheduler] Quartz Scheduler v.1.7.3 created.
2017-03-28 20:02:09 INFO [org.quartz.simpl.RAMJobStore] RAMJobStore initialized.
2017-03-28 20:02:09 INFO [org.quartz.impl.StdSchedulerFactory] Quartz scheduler 'startQuartz' initialized from an externally provided properties instance.
2017-03-28 20:02:09 INFO [org.quartz.impl.StdSchedulerFactory] Quartz scheduler version: 1.7.3
2017-03-28 20:02:09 INFO [org.quartz.core.QuartzScheduler] JobFactory set to: org.springframework.scheduling.quartz.AdaptableJobFactory@682b065
2017-03-28 20:02:09 INFO [org.springframework.context.support.DefaultLifecycleProcessor] Starting beans in phase 2147483647
2017-03-28 20:02:09 INFO [org.springframework.scheduling.quartz.SchedulerFactoryBean] Starting Quartz Scheduler now
2017-03-28 20:02:09 INFO [org.quartz.core.QuartzScheduler] Scheduler startQuartz_$_NON_CLUSTERED started.
2017-03-28 20:02:09 INFO [com.ictwsn.utils.tools.InitialConfiguration] 初始化语音文件夹===
2017-03-28 20:02:09 INFO [com.ictwsn.utils.tools.InitialConfiguration] 语音文件夹创建完毕！
2017-03-28 20:02:09 INFO [com.ictwsn.utils.tools.InitialConfiguration] spring容器初始化完毕================================================
2017-03-28 20:02:09 INFO [org.springframework.web.servlet.DispatcherServlet] FrameworkServlet 'springMVC': initialization completed in 1979 ms
2017-03-28 20:02:09 INFO [org.quartz.utils.UpdateChecker] New update(s) found: 1.8.5 [http://www.terracotta.org/kit/reflector?kitID=default&pageID=QuartzChangeLog]
2017-03-28 20:04:27 INFO [org.quartz.simpl.SimpleThreadPool] Job execution threads will use class loader of thread: RMI TCP Connection(3)-127.0.0.1
2017-03-28 20:04:27 INFO [org.quartz.core.SchedulerSignalerImpl] Initialized Scheduler Signaller of type: class org.quartz.core.SchedulerSignalerImpl
2017-03-28 20:04:27 INFO [org.quartz.core.QuartzScheduler] Quartz Scheduler v.1.7.3 created.
2017-03-28 20:04:27 INFO [org.quartz.simpl.RAMJobStore] RAMJobStore initialized.
2017-03-28 20:04:27 INFO [org.quartz.impl.StdSchedulerFactory] Quartz scheduler 'DefaultQuartzScheduler' initialized from default resource file in Quartz package: 'quartz.properties'
2017-03-28 20:04:27 INFO [org.quartz.impl.StdSchedulerFactory] Quartz scheduler version: 1.7.3
2017-03-28 20:04:28 INFO [org.quartz.utils.UpdateChecker] New update(s) found: 1.8.5 [http://www.terracotta.org/kit/reflector?kitID=default&pageID=QuartzChangeLog]
2017-03-28 20:04:28 INFO [org.springframework.web.servlet.DispatcherServlet] FrameworkServlet 'springMVC': initialization started
2017-03-28 20:04:28 INFO [org.springframework.web.context.support.XmlWebApplicationContext] Refreshing WebApplicationContext for namespace 'springMVC-servlet': startup date [Tue Mar 28 20:04:28 CST 2017]; root of context hierarchy
2017-03-28 20:04:28 INFO [org.springframework.beans.factory.xml.XmlBeanDefinitionReader] Loading XML bean definitions from class path resource [springmvc-servlet.xml]
2017-03-28 20:04:28 INFO [org.springframework.beans.factory.xml.XmlBeanDefinitionReader] Loading XML bean definitions from class path resource [mysql-config.xml]
2017-03-28 20:04:28 INFO [org.springframework.beans.factory.xml.XmlBeanDefinitionReader] Loading XML bean definitions from class path resource [redis-config.xml]
2017-03-28 20:04:29 INFO [org.springframework.beans.factory.config.PropertyPlaceholderConfigurer] Loading properties file from class path resource [system.properties]
2017-03-28 20:04:29 INFO [org.springframework.context.support.PropertySourcesPlaceholderConfigurer] Loading properties file from class path resource [system.properties]
2017-03-28 20:04:29 INFO [com.alibaba.druid.pool.DruidDataSource] {dataSource-1} inited
2017-03-28 20:04:29 INFO [org.springframework.web.servlet.mvc.method.annotation.RequestMappingHandlerMapping] Mapped "{[/rob/beacon],methods=[GET]}" onto public java.lang.String com.ictwsn.rob.beacon.BeaconAction.beaconScenario(javax.servlet.http.HttpServletRequest,javax.servlet.http.HttpServletResponse,java.lang.String,java.lang.String,int,java.lang.String) throws java.io.IOException,javax.servlet.ServletException
2017-03-28 20:04:29 INFO [org.springframework.web.servlet.mvc.method.annotation.RequestMappingHandlerMapping] Mapped "{[/user/create],methods=[POST]}" onto public java.lang.String com.ictwsn.test.action.UserAction.createUser(javax.servlet.http.HttpServletRequest,javax.servlet.http.HttpServletResponse,com.ictwsn.test.bean.UserBean)
2017-03-28 20:04:29 INFO [org.springframework.web.servlet.mvc.method.annotation.RequestMappingHandlerMapping] Mapped "{[/generalupdate]}" onto public java.lang.String com.ictwsn.utils.tools.ToolAction.addUser(org.springframework.web.multipart.commons.CommonsMultipartFile[],javax.servlet.http.HttpServletRequest)
2017-03-28 20:04:29 INFO [org.springframework.web.servlet.mvc.method.annotation.RequestMappingHandlerMapping] Mapped "{[/springmvcupload]}" onto public java.lang.String com.ictwsn.utils.tools.ToolAction.upload2(javax.servlet.http.HttpServletRequest,javax.servlet.http.HttpServletResponse) throws java.lang.IllegalStateException,java.io.IOException
2017-03-28 20:04:29 INFO [org.springframework.web.servlet.mvc.method.annotation.RequestMappingHandlerMapping] Mapped "{[/web/cust/sch.do]}" onto public java.lang.String com.ictwsn.web.custom.CustomAction.SchServlet(javax.servlet.http.HttpServletRequest,javax.servlet.http.HttpServletResponse) throws javax.servlet.ServletException,java.io.IOException
2017-03-28 20:04:29 INFO [org.springframework.web.servlet.mvc.method.annotation.RequestMappingHandlerMapping] Mapped "{[/web/cust/schdel.do]}" onto public java.lang.String com.ictwsn.web.custom.CustomAction.SchdelServlet(javax.servlet.http.HttpServletRequest,javax.servlet.http.HttpServletResponse) throws javax.servlet.ServletException,java.io.IOException
2017-03-28 20:04:29 INFO [org.springframework.web.servlet.mvc.method.annotation.RequestMappingHandlerMapping] Mapped "{[/web/record/audiodel.do]}" onto public java.lang.String com.ictwsn.web.record.RecordAction.AudiodelServlet(javax.servlet.http.HttpServletRequest,javax.servlet.http.HttpServletResponse) throws javax.servlet.ServletException,java.io.IOException
2017-03-28 20:04:29 INFO [org.springframework.web.servlet.mvc.method.annotation.RequestMappingHandlerMapping] Mapped "{[/wx.do],methods=[POST]}" onto public java.lang.String com.ictwsn.web.WechatAction.userRecord(javax.servlet.http.HttpServletRequest,javax.servlet.http.HttpServletResponse) throws javax.servlet.ServletException,java.io.IOException
2017-03-28 20:04:29 INFO [org.springframework.web.servlet.mvc.method.annotation.RequestMappingHandlerMapping] Mapped "{[/wx.do],methods=[GET]}" onto public java.lang.String com.ictwsn.web.WechatAction.wechatVerification(javax.servlet.http.HttpServletRequest,javax.servlet.http.HttpServletResponse) throws javax.servlet.ServletException,java.io.IOException
2017-03-28 20:04:29 INFO [org.springframework.web.servlet.mvc.method.annotation.RequestMappingHandlerMapping] Mapped "{[/welcome.do]}" onto public java.lang.String com.ictwsn.WelcomeAction.welcome()
2017-03-28 20:04:30 INFO [org.springframework.web.servlet.mvc.method.annotation.RequestMappingHandlerAdapter] Looking for @ControllerAdvice: WebApplicationContext for namespace 'springMVC-servlet': startup date [Tue Mar 28 20:04:28 CST 2017]; root of context hierarchy
2017-03-28 20:04:30 INFO [org.springframework.web.servlet.mvc.method.annotation.RequestMappingHandlerAdapter] Looking for @ControllerAdvice: WebApplicationContext for namespace 'springMVC-servlet': startup date [Tue Mar 28 20:04:28 CST 2017]; root of context hierarchy
2017-03-28 20:04:30 INFO [org.springframework.web.servlet.mvc.annotation.DefaultAnnotationHandlerMapping] Mapped URL path [/rob/beacon] onto handler 'beaconAction'
2017-03-28 20:04:30 INFO [org.springframework.web.servlet.mvc.annotation.DefaultAnnotationHandlerMapping] Mapped URL path [/rob/beacon.*] onto handler 'beaconAction'
2017-03-28 20:04:30 INFO [org.springframework.web.servlet.mvc.annotation.DefaultAnnotationHandlerMapping] Mapped URL path [/rob/beacon/] onto handler 'beaconAction'
2017-03-28 20:04:30 INFO [org.springframework.web.servlet.mvc.annotation.DefaultAnnotationHandlerMapping] Mapped URL path [/user/create] onto handler 'userAction'
2017-03-28 20:04:30 INFO [org.springframework.web.servlet.mvc.annotation.DefaultAnnotationHandlerMapping] Mapped URL path [/user/create.*] onto handler 'userAction'
2017-03-28 20:04:30 INFO [org.springframework.web.servlet.mvc.annotation.DefaultAnnotationHandlerMapping] Mapped URL path [/user/create/] onto handler 'userAction'
2017-03-28 20:04:30 INFO [org.springframework.web.servlet.mvc.annotation.DefaultAnnotationHandlerMapping] Mapped URL path [/generalupdate] onto handler 'toolAction'
2017-03-28 20:04:30 INFO [org.springframework.web.servlet.mvc.annotation.DefaultAnnotationHandlerMapping] Mapped URL path [/generalupdate.*] onto handler 'toolAction'
2017-03-28 20:04:30 INFO [org.springframework.web.servlet.mvc.annotation.DefaultAnnotationHandlerMapping] Mapped URL path [/generalupdate/] onto handler 'toolAction'
2017-03-28 20:04:30 INFO [org.springframework.web.servlet.mvc.annotation.DefaultAnnotationHandlerMapping] Mapped URL path [/springmvcupload] onto handler 'toolAction'
2017-03-28 20:04:30 INFO [org.springframework.web.servlet.mvc.annotation.DefaultAnnotationHandlerMapping] Mapped URL path [/springmvcupload.*] onto handler 'toolAction'
2017-03-28 20:04:30 INFO [org.springframework.web.servlet.mvc.annotation.DefaultAnnotationHandlerMapping] Mapped URL path [/springmvcupload/] onto handler 'toolAction'
2017-03-28 20:04:30 INFO [org.springframework.web.servlet.mvc.annotation.DefaultAnnotationHandlerMapping] Mapped URL path [/web/cust/sch.do] onto handler 'customAction'
2017-03-28 20:04:30 INFO [org.springframework.web.servlet.mvc.annotation.DefaultAnnotationHandlerMapping] Mapped URL path [/web/cust/schdel.do] onto handler 'customAction'
2017-03-28 20:04:30 INFO [org.springframework.web.servlet.mvc.annotation.DefaultAnnotationHandlerMapping] Mapped URL path [/web/record/audiodel.do] onto handler 'recordAction'
2017-03-28 20:04:30 INFO [org.springframework.web.servlet.mvc.annotation.DefaultAnnotationHandlerMapping] Mapped URL path [/wx.do] onto handler 'wechatAction'
2017-03-28 20:04:30 INFO [org.springframework.web.servlet.mvc.annotation.DefaultAnnotationHandlerMapping] Mapped URL path [/welcome.do] onto handler 'welcomeAction'
2017-03-28 20:04:30 INFO [org.quartz.core.SchedulerSignalerImpl] Initialized Scheduler Signaller of type: class org.quartz.core.SchedulerSignalerImpl
2017-03-28 20:04:30 INFO [org.quartz.core.QuartzScheduler] Quartz Scheduler v.1.7.3 created.
2017-03-28 20:04:30 INFO [org.quartz.simpl.RAMJobStore] RAMJobStore initialized.
2017-03-28 20:04:30 INFO [org.quartz.impl.StdSchedulerFactory] Quartz scheduler 'startQuartz' initialized from an externally provided properties instance.
2017-03-28 20:04:30 INFO [org.quartz.impl.StdSchedulerFactory] Quartz scheduler version: 1.7.3
2017-03-28 20:04:30 INFO [org.quartz.core.QuartzScheduler] JobFactory set to: org.springframework.scheduling.quartz.AdaptableJobFactory@4d111875
2017-03-28 20:04:30 INFO [org.springframework.context.support.DefaultLifecycleProcessor] Starting beans in phase 2147483647
2017-03-28 20:04:30 INFO [org.springframework.scheduling.quartz.SchedulerFactoryBean] Starting Quartz Scheduler now
2017-03-28 20:04:30 INFO [org.quartz.core.QuartzScheduler] Scheduler startQuartz_$_NON_CLUSTERED started.
2017-03-28 20:04:30 INFO [com.ictwsn.utils.tools.InitialConfiguration] 初始化语音文件夹===
2017-03-28 20:04:30 INFO [com.ictwsn.utils.tools.InitialConfiguration] 语音文件夹创建完毕！
2017-03-28 20:04:30 INFO [com.ictwsn.utils.tools.InitialConfiguration] spring容器初始化完毕================================================
2017-03-28 20:04:30 INFO [org.springframework.web.servlet.DispatcherServlet] FrameworkServlet 'springMVC': initialization completed in 1973 ms
2017-03-28 20:04:30 INFO [org.quartz.utils.UpdateChecker] New update(s) found: 1.8.5 [http://www.terracotta.org/kit/reflector?kitID=default&pageID=QuartzChangeLog]
2017-03-28 20:25:23 INFO [org.quartz.simpl.SimpleThreadPool] Job execution threads will use class loader of thread: RMI TCP Connection(3)-127.0.0.1
2017-03-28 20:25:23 INFO [org.quartz.core.SchedulerSignalerImpl] Initialized Scheduler Signaller of type: class org.quartz.core.SchedulerSignalerImpl
2017-03-28 20:25:23 INFO [org.quartz.core.QuartzScheduler] Quartz Scheduler v.1.7.3 created.
2017-03-28 20:25:23 INFO [org.quartz.simpl.RAMJobStore] RAMJobStore initialized.
2017-03-28 20:25:23 INFO [org.quartz.impl.StdSchedulerFactory] Quartz scheduler 'DefaultQuartzScheduler' initialized from default resource file in Quartz package: 'quartz.properties'
2017-03-28 20:25:23 INFO [org.quartz.impl.StdSchedulerFactory] Quartz scheduler version: 1.7.3
2017-03-28 20:25:24 INFO [org.quartz.utils.UpdateChecker] New update(s) found: 1.8.5 [http://www.terracotta.org/kit/reflector?kitID=default&pageID=QuartzChangeLog]
2017-03-28 20:25:24 INFO [org.springframework.web.servlet.DispatcherServlet] FrameworkServlet 'springMVC': initialization started
2017-03-28 20:25:24 INFO [org.springframework.web.context.support.XmlWebApplicationContext] Refreshing WebApplicationContext for namespace 'springMVC-servlet': startup date [Tue Mar 28 20:25:24 CST 2017]; root of context hierarchy
2017-03-28 20:25:24 INFO [org.springframework.beans.factory.xml.XmlBeanDefinitionReader] Loading XML bean definitions from class path resource [springmvc-servlet.xml]
2017-03-28 20:25:24 INFO [org.springframework.beans.factory.xml.XmlBeanDefinitionReader] Loading XML bean definitions from class path resource [mysql-config.xml]
2017-03-28 20:25:24 INFO [org.springframework.beans.factory.xml.XmlBeanDefinitionReader] Loading XML bean definitions from class path resource [redis-config.xml]
2017-03-28 20:25:25 INFO [org.springframework.beans.factory.config.PropertyPlaceholderConfigurer] Loading properties file from class path resource [system.properties]
2017-03-28 20:25:25 INFO [org.springframework.context.support.PropertySourcesPlaceholderConfigurer] Loading properties file from class path resource [system.properties]
2017-03-28 20:25:25 INFO [com.alibaba.druid.pool.DruidDataSource] {dataSource-1} inited
2017-03-28 20:25:26 INFO [org.springframework.web.servlet.mvc.method.annotation.RequestMappingHandlerMapping] Mapped "{[/rob/beacon],methods=[GET]}" onto public java.lang.String com.ictwsn.rob.beacon.BeaconAction.beaconScenario(javax.servlet.http.HttpServletRequest,javax.servlet.http.HttpServletResponse,java.lang.String,java.lang.String,int,java.lang.String) throws java.io.IOException,javax.servlet.ServletException
2017-03-28 20:25:26 INFO [org.springframework.web.servlet.mvc.method.annotation.RequestMappingHandlerMapping] Mapped "{[/user/create],methods=[POST]}" onto public java.lang.String com.ictwsn.test.action.UserAction.createUser(javax.servlet.http.HttpServletRequest,javax.servlet.http.HttpServletResponse,com.ictwsn.test.bean.UserBean)
2017-03-28 20:25:26 INFO [org.springframework.web.servlet.mvc.method.annotation.RequestMappingHandlerMapping] Mapped "{[/springmvcupload]}" onto public java.lang.String com.ictwsn.utils.tools.ToolAction.upload2(javax.servlet.http.HttpServletRequest,javax.servlet.http.HttpServletResponse) throws java.lang.IllegalStateException,java.io.IOException
2017-03-28 20:25:26 INFO [org.springframework.web.servlet.mvc.method.annotation.RequestMappingHandlerMapping] Mapped "{[/generalupdate]}" onto public java.lang.String com.ictwsn.utils.tools.ToolAction.addUser(org.springframework.web.multipart.commons.CommonsMultipartFile[],javax.servlet.http.HttpServletRequest)
2017-03-28 20:25:26 INFO [org.springframework.web.servlet.mvc.method.annotation.RequestMappingHandlerMapping] Mapped "{[/web/cust/sch.do]}" onto public java.lang.String com.ictwsn.web.custom.CustomAction.SchServlet(javax.servlet.http.HttpServletRequest,javax.servlet.http.HttpServletResponse) throws javax.servlet.ServletException,java.io.IOException
2017-03-28 20:25:26 INFO [org.springframework.web.servlet.mvc.method.annotation.RequestMappingHandlerMapping] Mapped "{[/web/cust/schdel.do]}" onto public java.lang.String com.ictwsn.web.custom.CustomAction.SchdelServlet(javax.servlet.http.HttpServletRequest,javax.servlet.http.HttpServletResponse) throws javax.servlet.ServletException,java.io.IOException
2017-03-28 20:25:26 INFO [org.springframework.web.servlet.mvc.method.annotation.RequestMappingHandlerMapping] Mapped "{[/web/record/audiodel.do]}" onto public java.lang.String com.ictwsn.web.record.RecordAction.AudiodelServlet(javax.servlet.http.HttpServletRequest,javax.servlet.http.HttpServletResponse) throws javax.servlet.ServletException,java.io.IOException
2017-03-28 20:25:26 INFO [org.springframework.web.servlet.mvc.method.annotation.RequestMappingHandlerMapping] Mapped "{[/wx.do],methods=[GET]}" onto public java.lang.String com.ictwsn.web.WechatAction.wechatVerification(javax.servlet.http.HttpServletRequest,javax.servlet.http.HttpServletResponse) throws javax.servlet.ServletException,java.io.IOException
2017-03-28 20:25:26 INFO [org.springframework.web.servlet.mvc.method.annotation.RequestMappingHandlerMapping] Mapped "{[/wx.do],methods=[POST]}" onto public java.lang.String com.ictwsn.web.WechatAction.userRecord(javax.servlet.http.HttpServletRequest,javax.servlet.http.HttpServletResponse) throws javax.servlet.ServletException,java.io.IOException
2017-03-28 20:25:26 INFO [org.springframework.web.servlet.mvc.method.annotation.RequestMappingHandlerMapping] Mapped "{[/welcome.do]}" onto public java.lang.String com.ictwsn.WelcomeAction.welcome()
2017-03-28 20:25:26 INFO [org.springframework.web.servlet.mvc.method.annotation.RequestMappingHandlerAdapter] Looking for @ControllerAdvice: WebApplicationContext for namespace 'springMVC-servlet': startup date [Tue Mar 28 20:25:24 CST 2017]; root of context hierarchy
2017-03-28 20:25:26 INFO [org.springframework.web.servlet.mvc.method.annotation.RequestMappingHandlerAdapter] Looking for @ControllerAdvice: WebApplicationContext for namespace 'springMVC-servlet': startup date [Tue Mar 28 20:25:24 CST 2017]; root of context hierarchy
2017-03-28 20:25:26 INFO [org.springframework.web.servlet.mvc.annotation.DefaultAnnotationHandlerMapping] Mapped URL path [/rob/beacon] onto handler 'beaconAction'
2017-03-28 20:25:26 INFO [org.springframework.web.servlet.mvc.annotation.DefaultAnnotationHandlerMapping] Mapped URL path [/rob/beacon.*] onto handler 'beaconAction'
2017-03-28 20:25:26 INFO [org.springframework.web.servlet.mvc.annotation.DefaultAnnotationHandlerMapping] Mapped URL path [/rob/beacon/] onto handler 'beaconAction'
2017-03-28 20:25:26 INFO [org.springframework.web.servlet.mvc.annotation.DefaultAnnotationHandlerMapping] Mapped URL path [/user/create] onto handler 'userAction'
2017-03-28 20:25:26 INFO [org.springframework.web.servlet.mvc.annotation.DefaultAnnotationHandlerMapping] Mapped URL path [/user/create.*] onto handler 'userAction'
2017-03-28 20:25:26 INFO [org.springframework.web.servlet.mvc.annotation.DefaultAnnotationHandlerMapping] Mapped URL path [/user/create/] onto handler 'userAction'
2017-03-28 20:25:26 INFO [org.springframework.web.servlet.mvc.annotation.DefaultAnnotationHandlerMapping] Mapped URL path [/springmvcupload] onto handler 'toolAction'
2017-03-28 20:25:26 INFO [org.springframework.web.servlet.mvc.annotation.DefaultAnnotationHandlerMapping] Mapped URL path [/springmvcupload.*] onto handler 'toolAction'
2017-03-28 20:25:26 INFO [org.springframework.web.servlet.mvc.annotation.DefaultAnnotationHandlerMapping] Mapped URL path [/springmvcupload/] onto handler 'toolAction'
2017-03-28 20:25:26 INFO [org.springframework.web.servlet.mvc.annotation.DefaultAnnotationHandlerMapping] Mapped URL path [/generalupdate] onto handler 'toolAction'
2017-03-28 20:25:26 INFO [org.springframework.web.servlet.mvc.annotation.DefaultAnnotationHandlerMapping] Mapped URL path [/generalupdate.*] onto handler 'toolAction'
2017-03-28 20:25:26 INFO [org.springframework.web.servlet.mvc.annotation.DefaultAnnotationHandlerMapping] Mapped URL path [/generalupdate/] onto handler 'toolAction'
2017-03-28 20:25:26 INFO [org.springframework.web.servlet.mvc.annotation.DefaultAnnotationHandlerMapping] Mapped URL path [/web/cust/sch.do] onto handler 'customAction'
2017-03-28 20:25:26 INFO [org.springframework.web.servlet.mvc.annotation.DefaultAnnotationHandlerMapping] Mapped URL path [/web/cust/schdel.do] onto handler 'customAction'
2017-03-28 20:25:26 INFO [org.springframework.web.servlet.mvc.annotation.DefaultAnnotationHandlerMapping] Mapped URL path [/web/record/audiodel.do] onto handler 'recordAction'
2017-03-28 20:25:26 INFO [org.springframework.web.servlet.mvc.annotation.DefaultAnnotationHandlerMapping] Mapped URL path [/wx.do] onto handler 'wechatAction'
2017-03-28 20:25:26 INFO [org.springframework.web.servlet.mvc.annotation.DefaultAnnotationHandlerMapping] Mapped URL path [/welcome.do] onto handler 'welcomeAction'
2017-03-28 20:25:26 INFO [org.quartz.core.SchedulerSignalerImpl] Initialized Scheduler Signaller of type: class org.quartz.core.SchedulerSignalerImpl
2017-03-28 20:25:26 INFO [org.quartz.core.QuartzScheduler] Quartz Scheduler v.1.7.3 created.
2017-03-28 20:25:26 INFO [org.quartz.simpl.RAMJobStore] RAMJobStore initialized.
2017-03-28 20:25:26 INFO [org.quartz.impl.StdSchedulerFactory] Quartz scheduler 'startQuartz' initialized from an externally provided properties instance.
2017-03-28 20:25:26 INFO [org.quartz.impl.StdSchedulerFactory] Quartz scheduler version: 1.7.3
2017-03-28 20:25:26 INFO [org.quartz.core.QuartzScheduler] JobFactory set to: org.springframework.scheduling.quartz.AdaptableJobFactory@75cb2bc9
2017-03-28 20:25:26 INFO [org.springframework.context.support.DefaultLifecycleProcessor] Starting beans in phase 2147483647
2017-03-28 20:25:26 INFO [org.springframework.scheduling.quartz.SchedulerFactoryBean] Starting Quartz Scheduler now
2017-03-28 20:25:26 INFO [org.quartz.core.QuartzScheduler] Scheduler startQuartz_$_NON_CLUSTERED started.
2017-03-28 20:25:26 INFO [com.ictwsn.utils.tools.InitialConfiguration] 初始化语音文件夹===
2017-03-28 20:25:26 INFO [com.ictwsn.utils.tools.InitialConfiguration] 语音文件夹创建完毕！
2017-03-28 20:25:26 INFO [com.ictwsn.utils.tools.InitialConfiguration] spring容器初始化完毕================================================
2017-03-28 20:25:26 INFO [org.springframework.web.servlet.DispatcherServlet] FrameworkServlet 'springMVC': initialization completed in 2339 ms
2017-03-28 20:25:27 INFO [org.quartz.utils.UpdateChecker] New update(s) found: 1.8.5 [http://www.terracotta.org/kit/reflector?kitID=default&pageID=QuartzChangeLog]
2017-03-28 20:25:56 INFO [com.ictwsn.utils.speech.TextToSpeech] 合并长度为：1
2017-03-28 20:25:56 INFO [com.ictwsn.utils.speech.TextToSpeech] 已进入第1次合并
2017-03-28 20:35:03 INFO [org.quartz.simpl.SimpleThreadPool] Job execution threads will use class loader of thread: RMI TCP Connection(3)-127.0.0.1
2017-03-28 20:35:03 INFO [org.quartz.core.SchedulerSignalerImpl] Initialized Scheduler Signaller of type: class org.quartz.core.SchedulerSignalerImpl
2017-03-28 20:35:03 INFO [org.quartz.core.QuartzScheduler] Quartz Scheduler v.1.7.3 created.
2017-03-28 20:35:03 INFO [org.quartz.simpl.RAMJobStore] RAMJobStore initialized.
2017-03-28 20:35:03 INFO [org.quartz.impl.StdSchedulerFactory] Quartz scheduler 'DefaultQuartzScheduler' initialized from default resource file in Quartz package: 'quartz.properties'
2017-03-28 20:35:03 INFO [org.quartz.impl.StdSchedulerFactory] Quartz scheduler version: 1.7.3
2017-03-28 20:35:03 INFO [org.springframework.web.servlet.DispatcherServlet] FrameworkServlet 'springMVC': initialization started
2017-03-28 20:35:03 INFO [org.springframework.web.context.support.XmlWebApplicationContext] Refreshing WebApplicationContext for namespace 'springMVC-servlet': startup date [Tue Mar 28 20:35:03 CST 2017]; root of context hierarchy
2017-03-28 20:35:03 INFO [org.springframework.beans.factory.xml.XmlBeanDefinitionReader] Loading XML bean definitions from class path resource [springmvc-servlet.xml]
2017-03-28 20:35:04 INFO [org.springframework.beans.factory.xml.XmlBeanDefinitionReader] Loading XML bean definitions from class path resource [mysql-config.xml]
2017-03-28 20:35:04 INFO [org.springframework.beans.factory.xml.XmlBeanDefinitionReader] Loading XML bean definitions from class path resource [redis-config.xml]
2017-03-28 20:35:04 INFO [org.springframework.beans.factory.config.PropertyPlaceholderConfigurer] Loading properties file from class path resource [system.properties]
2017-03-28 20:35:04 INFO [org.springframework.context.support.PropertySourcesPlaceholderConfigurer] Loading properties file from class path resource [system.properties]
2017-03-28 20:35:04 INFO [com.alibaba.druid.pool.DruidDataSource] {dataSource-1} inited
2017-03-28 20:35:05 INFO [org.springframework.web.servlet.mvc.method.annotation.RequestMappingHandlerMapping] Mapped "{[/rob/beacon],methods=[GET]}" onto public java.lang.String com.ictwsn.rob.beacon.BeaconAction.beaconScenario(javax.servlet.http.HttpServletRequest,javax.servlet.http.HttpServletResponse,java.lang.String,java.lang.String,int,java.lang.String) throws java.io.IOException,javax.servlet.ServletException
2017-03-28 20:35:05 INFO [org.springframework.web.servlet.mvc.method.annotation.RequestMappingHandlerMapping] Mapped "{[/user/create],methods=[POST]}" onto public java.lang.String com.ictwsn.test.action.UserAction.createUser(javax.servlet.http.HttpServletRequest,javax.servlet.http.HttpServletResponse,com.ictwsn.test.bean.UserBean)
2017-03-28 20:35:05 INFO [org.springframework.web.servlet.mvc.method.annotation.RequestMappingHandlerMapping] Mapped "{[/generalupdate]}" onto public java.lang.String com.ictwsn.utils.tools.ToolAction.addUser(org.springframework.web.multipart.commons.CommonsMultipartFile[],javax.servlet.http.HttpServletRequest)
2017-03-28 20:35:05 INFO [org.springframework.web.servlet.mvc.method.annotation.RequestMappingHandlerMapping] Mapped "{[/springmvcupload]}" onto public java.lang.String com.ictwsn.utils.tools.ToolAction.upload2(javax.servlet.http.HttpServletRequest,javax.servlet.http.HttpServletResponse) throws java.lang.IllegalStateException,java.io.IOException
2017-03-28 20:35:05 INFO [org.springframework.web.servlet.mvc.method.annotation.RequestMappingHandlerMapping] Mapped "{[/web/cust/schdel.do]}" onto public java.lang.String com.ictwsn.web.custom.CustomAction.SchdelServlet(javax.servlet.http.HttpServletRequest,javax.servlet.http.HttpServletResponse) throws javax.servlet.ServletException,java.io.IOException
2017-03-28 20:35:05 INFO [org.springframework.web.servlet.mvc.method.annotation.RequestMappingHandlerMapping] Mapped "{[/web/cust/sch.do]}" onto public java.lang.String com.ictwsn.web.custom.CustomAction.SchServlet(javax.servlet.http.HttpServletRequest,javax.servlet.http.HttpServletResponse) throws javax.servlet.ServletException,java.io.IOException
2017-03-28 20:35:05 INFO [org.springframework.web.servlet.mvc.method.annotation.RequestMappingHandlerMapping] Mapped "{[/web/record/audiodel.do]}" onto public java.lang.String com.ictwsn.web.record.RecordAction.AudiodelServlet(javax.servlet.http.HttpServletRequest,javax.servlet.http.HttpServletResponse) throws javax.servlet.ServletException,java.io.IOException
2017-03-28 20:35:05 INFO [org.springframework.web.servlet.mvc.method.annotation.RequestMappingHandlerMapping] Mapped "{[/wx.do],methods=[GET]}" onto public java.lang.String com.ictwsn.web.WechatAction.wechatVerification(javax.servlet.http.HttpServletRequest,javax.servlet.http.HttpServletResponse) throws javax.servlet.ServletException,java.io.IOException
2017-03-28 20:35:05 INFO [org.springframework.web.servlet.mvc.method.annotation.RequestMappingHandlerMapping] Mapped "{[/wx.do],methods=[POST]}" onto public java.lang.String com.ictwsn.web.WechatAction.userRecord(javax.servlet.http.HttpServletRequest,javax.servlet.http.HttpServletResponse) throws javax.servlet.ServletException,java.io.IOException
2017-03-28 20:35:05 INFO [org.springframework.web.servlet.mvc.method.annotation.RequestMappingHandlerMapping] Mapped "{[/welcome.do]}" onto public java.lang.String com.ictwsn.WelcomeAction.welcome()
2017-03-28 20:35:05 INFO [org.springframework.web.servlet.mvc.method.annotation.RequestMappingHandlerAdapter] Looking for @ControllerAdvice: WebApplicationContext for namespace 'springMVC-servlet': startup date [Tue Mar 28 20:35:03 CST 2017]; root of context hierarchy
2017-03-28 20:35:05 INFO [org.springframework.web.servlet.mvc.method.annotation.RequestMappingHandlerAdapter] Looking for @ControllerAdvice: WebApplicationContext for namespace 'springMVC-servlet': startup date [Tue Mar 28 20:35:03 CST 2017]; root of context hierarchy
2017-03-28 20:35:05 INFO [org.springframework.web.servlet.mvc.annotation.DefaultAnnotationHandlerMapping] Mapped URL path [/rob/beacon] onto handler 'beaconAction'
2017-03-28 20:35:05 INFO [org.springframework.web.servlet.mvc.annotation.DefaultAnnotationHandlerMapping] Mapped URL path [/rob/beacon.*] onto handler 'beaconAction'
2017-03-28 20:35:05 INFO [org.springframework.web.servlet.mvc.annotation.DefaultAnnotationHandlerMapping] Mapped URL path [/rob/beacon/] onto handler 'beaconAction'
2017-03-28 20:35:05 INFO [org.springframework.web.servlet.mvc.annotation.DefaultAnnotationHandlerMapping] Mapped URL path [/user/create] onto handler 'userAction'
2017-03-28 20:35:05 INFO [org.springframework.web.servlet.mvc.annotation.DefaultAnnotationHandlerMapping] Mapped URL path [/user/create.*] onto handler 'userAction'
2017-03-28 20:35:05 INFO [org.springframework.web.servlet.mvc.annotation.DefaultAnnotationHandlerMapping] Mapped URL path [/user/create/] onto handler 'userAction'
2017-03-28 20:35:05 INFO [org.springframework.web.servlet.mvc.annotation.DefaultAnnotationHandlerMapping] Mapped URL path [/generalupdate] onto handler 'toolAction'
2017-03-28 20:35:05 INFO [org.springframework.web.servlet.mvc.annotation.DefaultAnnotationHandlerMapping] Mapped URL path [/generalupdate.*] onto handler 'toolAction'
2017-03-28 20:35:05 INFO [org.springframework.web.servlet.mvc.annotation.DefaultAnnotationHandlerMapping] Mapped URL path [/generalupdate/] onto handler 'toolAction'
2017-03-28 20:35:05 INFO [org.springframework.web.servlet.mvc.annotation.DefaultAnnotationHandlerMapping] Mapped URL path [/springmvcupload] onto handler 'toolAction'
2017-03-28 20:35:05 INFO [org.springframework.web.servlet.mvc.annotation.DefaultAnnotationHandlerMapping] Mapped URL path [/springmvcupload.*] onto handler 'toolAction'
2017-03-28 20:35:05 INFO [org.springframework.web.servlet.mvc.annotation.DefaultAnnotationHandlerMapping] Mapped URL path [/springmvcupload/] onto handler 'toolAction'
2017-03-28 20:35:05 INFO [org.springframework.web.servlet.mvc.annotation.DefaultAnnotationHandlerMapping] Mapped URL path [/web/cust/schdel.do] onto handler 'customAction'
2017-03-28 20:35:05 INFO [org.springframework.web.servlet.mvc.annotation.DefaultAnnotationHandlerMapping] Mapped URL path [/web/cust/sch.do] onto handler 'customAction'
2017-03-28 20:35:05 INFO [org.springframework.web.servlet.mvc.annotation.DefaultAnnotationHandlerMapping] Mapped URL path [/web/record/audiodel.do] onto handler 'recordAction'
2017-03-28 20:35:05 INFO [org.springframework.web.servlet.mvc.annotation.DefaultAnnotationHandlerMapping] Mapped URL path [/wx.do] onto handler 'wechatAction'
2017-03-28 20:35:05 INFO [org.springframework.web.servlet.mvc.annotation.DefaultAnnotationHandlerMapping] Mapped URL path [/welcome.do] onto handler 'welcomeAction'
2017-03-28 20:35:05 INFO [org.quartz.core.SchedulerSignalerImpl] Initialized Scheduler Signaller of type: class org.quartz.core.SchedulerSignalerImpl
2017-03-28 20:35:05 INFO [org.quartz.core.QuartzScheduler] Quartz Scheduler v.1.7.3 created.
2017-03-28 20:35:05 INFO [org.quartz.simpl.RAMJobStore] RAMJobStore initialized.
2017-03-28 20:35:05 INFO [org.quartz.impl.StdSchedulerFactory] Quartz scheduler 'startQuartz' initialized from an externally provided properties instance.
2017-03-28 20:35:05 INFO [org.quartz.impl.StdSchedulerFactory] Quartz scheduler version: 1.7.3
2017-03-28 20:35:05 INFO [org.quartz.core.QuartzScheduler] JobFactory set to: org.springframework.scheduling.quartz.AdaptableJobFactory@87c4153
2017-03-28 20:35:05 INFO [org.springframework.context.support.DefaultLifecycleProcessor] Starting beans in phase 2147483647
2017-03-28 20:35:05 INFO [org.springframework.scheduling.quartz.SchedulerFactoryBean] Starting Quartz Scheduler now
2017-03-28 20:35:05 INFO [org.quartz.core.QuartzScheduler] Scheduler startQuartz_$_NON_CLUSTERED started.
2017-03-28 20:35:05 INFO [com.ictwsn.utils.tools.InitialConfiguration] 初始化语音文件夹===
2017-03-28 20:35:05 INFO [com.ictwsn.utils.tools.InitialConfiguration] 语音文件夹创建完毕！
2017-03-28 20:35:05 INFO [com.ictwsn.utils.tools.InitialConfiguration] spring容器初始化完毕================================================
2017-03-28 20:35:05 INFO [org.springframework.web.servlet.DispatcherServlet] FrameworkServlet 'springMVC': initialization completed in 1867 ms
2017-03-28 20:35:06 INFO [org.quartz.utils.UpdateChecker] New update(s) found: 1.8.5 [http://www.terracotta.org/kit/reflector?kitID=default&pageID=QuartzChangeLog]
2017-03-28 20:35:06 INFO [org.quartz.utils.UpdateChecker] New update(s) found: 1.8.5 [http://www.terracotta.org/kit/reflector?kitID=default&pageID=QuartzChangeLog]
2017-03-28 20:35:32 WARN [org.springframework.web.servlet.PageNotFound] No mapping found for HTTP request with URI [/favicon.ico] in DispatcherServlet with name 'springMVC'
2017-03-28 20:35:35 INFO [com.ictwsn.rob.beacon.BeaconTool] 音频文件已存在
2017-03-28 20:35:43 INFO [com.ictwsn.utils.speech.TextToSpeech] 合并长度为：1
2017-03-28 20:35:43 INFO [com.ictwsn.utils.speech.TextToSpeech] 已进入第1次合并
2017-03-28 20:36:13 INFO [com.ictwsn.rob.beacon.BeaconTool] 音频文件已存在
2017-03-28 20:36:43 INFO [org.springframework.web.context.support.XmlWebApplicationContext] Closing WebApplicationContext for namespace 'springMVC-servlet': startup date [Tue Mar 28 20:35:03 CST 2017]; root of context hierarchy
2017-03-28 20:36:43 INFO [org.springframework.context.support.DefaultLifecycleProcessor] Stopping beans in phase 2147483647
2017-03-28 20:36:43 INFO [org.quartz.core.QuartzScheduler] Scheduler startQuartz_$_NON_CLUSTERED paused.
2017-03-28 20:36:43 INFO [org.springframework.scheduling.quartz.SchedulerFactoryBean] Shutting down Quartz Scheduler
2017-03-28 20:36:43 INFO [org.quartz.core.QuartzScheduler] Scheduler startQuartz_$_NON_CLUSTERED shutting down.
2017-03-28 20:36:43 INFO [org.quartz.core.QuartzScheduler] Scheduler startQuartz_$_NON_CLUSTERED paused.
2017-03-28 20:36:43 INFO [org.quartz.core.QuartzScheduler] Scheduler startQuartz_$_NON_CLUSTERED shutdown complete.
2017-03-28 20:36:43 INFO [com.alibaba.druid.pool.DruidDataSource] {dataSource-1} closed
2017-03-28 20:37:59 INFO [org.quartz.simpl.SimpleThreadPool] Job execution threads will use class loader of thread: RMI TCP Connection(3)-127.0.0.1
2017-03-28 20:37:59 INFO [org.quartz.core.SchedulerSignalerImpl] Initialized Scheduler Signaller of type: class org.quartz.core.SchedulerSignalerImpl
2017-03-28 20:37:59 INFO [org.quartz.core.QuartzScheduler] Quartz Scheduler v.1.7.3 created.
2017-03-28 20:37:59 INFO [org.quartz.simpl.RAMJobStore] RAMJobStore initialized.
2017-03-28 20:37:59 INFO [org.quartz.impl.StdSchedulerFactory] Quartz scheduler 'DefaultQuartzScheduler' initialized from default resource file in Quartz package: 'quartz.properties'
2017-03-28 20:37:59 INFO [org.quartz.impl.StdSchedulerFactory] Quartz scheduler version: 1.7.3
2017-03-28 20:37:59 INFO [org.quartz.utils.UpdateChecker] New update(s) found: 1.8.5 [http://www.terracotta.org/kit/reflector?kitID=default&pageID=QuartzChangeLog]
2017-03-28 20:38:00 INFO [org.springframework.web.servlet.DispatcherServlet] FrameworkServlet 'springMVC': initialization started
2017-03-28 20:38:00 INFO [org.springframework.web.context.support.XmlWebApplicationContext] Refreshing WebApplicationContext for namespace 'springMVC-servlet': startup date [Tue Mar 28 20:38:00 CST 2017]; root of context hierarchy
2017-03-28 20:38:00 INFO [org.springframework.beans.factory.xml.XmlBeanDefinitionReader] Loading XML bean definitions from class path resource [springmvc-servlet.xml]
2017-03-28 20:38:00 INFO [org.springframework.beans.factory.xml.XmlBeanDefinitionReader] Loading XML bean definitions from class path resource [mysql-config.xml]
2017-03-28 20:38:00 INFO [org.springframework.beans.factory.xml.XmlBeanDefinitionReader] Loading XML bean definitions from class path resource [redis-config.xml]
2017-03-28 20:38:00 INFO [org.springframework.beans.factory.config.PropertyPlaceholderConfigurer] Loading properties file from class path resource [system.properties]
2017-03-28 20:38:00 INFO [org.springframework.context.support.PropertySourcesPlaceholderConfigurer] Loading properties file from class path resource [system.properties]
2017-03-28 20:38:01 INFO [com.alibaba.druid.pool.DruidDataSource] {dataSource-1} inited
2017-03-28 20:38:01 INFO [org.springframework.web.servlet.mvc.method.annotation.RequestMappingHandlerMapping] Mapped "{[/rob/beacon],methods=[GET]}" onto public java.lang.String com.ictwsn.rob.beacon.BeaconAction.beaconScenario(javax.servlet.http.HttpServletRequest,javax.servlet.http.HttpServletResponse,java.lang.String,java.lang.String,int,java.lang.String) throws java.io.IOException,javax.servlet.ServletException
2017-03-28 20:38:01 INFO [org.springframework.web.servlet.mvc.method.annotation.RequestMappingHandlerMapping] Mapped "{[/user/create],methods=[POST]}" onto public java.lang.String com.ictwsn.test.action.UserAction.createUser(javax.servlet.http.HttpServletRequest,javax.servlet.http.HttpServletResponse,com.ictwsn.test.bean.UserBean)
2017-03-28 20:38:01 INFO [org.springframework.web.servlet.mvc.method.annotation.RequestMappingHandlerMapping] Mapped "{[/springmvcupload]}" onto public java.lang.String com.ictwsn.utils.tools.ToolAction.upload2(javax.servlet.http.HttpServletRequest,javax.servlet.http.HttpServletResponse) throws java.lang.IllegalStateException,java.io.IOException
2017-03-28 20:38:01 INFO [org.springframework.web.servlet.mvc.method.annotation.RequestMappingHandlerMapping] Mapped "{[/generalupdate]}" onto public java.lang.String com.ictwsn.utils.tools.ToolAction.addUser(org.springframework.web.multipart.commons.CommonsMultipartFile[],javax.servlet.http.HttpServletRequest)
2017-03-28 20:38:01 INFO [org.springframework.web.servlet.mvc.method.annotation.RequestMappingHandlerMapping] Mapped "{[/web/cust/schdel.do]}" onto public java.lang.String com.ictwsn.web.custom.CustomAction.SchdelServlet(javax.servlet.http.HttpServletRequest,javax.servlet.http.HttpServletResponse) throws javax.servlet.ServletException,java.io.IOException
2017-03-28 20:38:01 INFO [org.springframework.web.servlet.mvc.method.annotation.RequestMappingHandlerMapping] Mapped "{[/web/cust/sch.do]}" onto public java.lang.String com.ictwsn.web.custom.CustomAction.SchServlet(javax.servlet.http.HttpServletRequest,javax.servlet.http.HttpServletResponse) throws javax.servlet.ServletException,java.io.IOException
2017-03-28 20:38:01 INFO [org.springframework.web.servlet.mvc.method.annotation.RequestMappingHandlerMapping] Mapped "{[/web/record/audiodel.do]}" onto public java.lang.String com.ictwsn.web.record.RecordAction.AudiodelServlet(javax.servlet.http.HttpServletRequest,javax.servlet.http.HttpServletResponse) throws javax.servlet.ServletException,java.io.IOException
2017-03-28 20:38:01 INFO [org.springframework.web.servlet.mvc.method.annotation.RequestMappingHandlerMapping] Mapped "{[/wx.do],methods=[POST]}" onto public java.lang.String com.ictwsn.web.WechatAction.userRecord(javax.servlet.http.HttpServletRequest,javax.servlet.http.HttpServletResponse) throws javax.servlet.ServletException,java.io.IOException
2017-03-28 20:38:01 INFO [org.springframework.web.servlet.mvc.method.annotation.RequestMappingHandlerMapping] Mapped "{[/wx.do],methods=[GET]}" onto public java.lang.String com.ictwsn.web.WechatAction.wechatVerification(javax.servlet.http.HttpServletRequest,javax.servlet.http.HttpServletResponse) throws javax.servlet.ServletException,java.io.IOException
2017-03-28 20:38:01 INFO [org.springframework.web.servlet.mvc.method.annotation.RequestMappingHandlerMapping] Mapped "{[/welcome.do]}" onto public java.lang.String com.ictwsn.WelcomeAction.welcome()
2017-03-28 20:38:01 INFO [org.springframework.web.servlet.mvc.method.annotation.RequestMappingHandlerAdapter] Looking for @ControllerAdvice: WebApplicationContext for namespace 'springMVC-servlet': startup date [Tue Mar 28 20:38:00 CST 2017]; root of context hierarchy
2017-03-28 20:38:01 INFO [org.springframework.web.servlet.mvc.method.annotation.RequestMappingHandlerAdapter] Looking for @ControllerAdvice: WebApplicationContext for namespace 'springMVC-servlet': startup date [Tue Mar 28 20:38:00 CST 2017]; root of context hierarchy
2017-03-28 20:38:01 INFO [org.springframework.web.servlet.mvc.annotation.DefaultAnnotationHandlerMapping] Mapped URL path [/rob/beacon] onto handler 'beaconAction'
2017-03-28 20:38:01 INFO [org.springframework.web.servlet.mvc.annotation.DefaultAnnotationHandlerMapping] Mapped URL path [/rob/beacon.*] onto handler 'beaconAction'
2017-03-28 20:38:01 INFO [org.springframework.web.servlet.mvc.annotation.DefaultAnnotationHandlerMapping] Mapped URL path [/rob/beacon/] onto handler 'beaconAction'
2017-03-28 20:38:01 INFO [org.springframework.web.servlet.mvc.annotation.DefaultAnnotationHandlerMapping] Mapped URL path [/user/create] onto handler 'userAction'
2017-03-28 20:38:01 INFO [org.springframework.web.servlet.mvc.annotation.DefaultAnnotationHandlerMapping] Mapped URL path [/user/create.*] onto handler 'userAction'
2017-03-28 20:38:01 INFO [org.springframework.web.servlet.mvc.annotation.DefaultAnnotationHandlerMapping] Mapped URL path [/user/create/] onto handler 'userAction'
2017-03-28 20:38:01 INFO [org.springframework.web.servlet.mvc.annotation.DefaultAnnotationHandlerMapping] Mapped URL path [/springmvcupload] onto handler 'toolAction'
2017-03-28 20:38:01 INFO [org.springframework.web.servlet.mvc.annotation.DefaultAnnotationHandlerMapping] Mapped URL path [/springmvcupload.*] onto handler 'toolAction'
2017-03-28 20:38:01 INFO [org.springframework.web.servlet.mvc.annotation.DefaultAnnotationHandlerMapping] Mapped URL path [/springmvcupload/] onto handler 'toolAction'
2017-03-28 20:38:01 INFO [org.springframework.web.servlet.mvc.annotation.DefaultAnnotationHandlerMapping] Mapped URL path [/generalupdate] onto handler 'toolAction'
2017-03-28 20:38:01 INFO [org.springframework.web.servlet.mvc.annotation.DefaultAnnotationHandlerMapping] Mapped URL path [/generalupdate.*] onto handler 'toolAction'
2017-03-28 20:38:01 INFO [org.springframework.web.servlet.mvc.annotation.DefaultAnnotationHandlerMapping] Mapped URL path [/generalupdate/] onto handler 'toolAction'
2017-03-28 20:38:01 INFO [org.springframework.web.servlet.mvc.annotation.DefaultAnnotationHandlerMapping] Mapped URL path [/web/cust/schdel.do] onto handler 'customAction'
2017-03-28 20:38:01 INFO [org.springframework.web.servlet.mvc.annotation.DefaultAnnotationHandlerMapping] Mapped URL path [/web/cust/sch.do] onto handler 'customAction'
2017-03-28 20:38:01 INFO [org.springframework.web.servlet.mvc.annotation.DefaultAnnotationHandlerMapping] Mapped URL path [/web/record/audiodel.do] onto handler 'recordAction'
2017-03-28 20:38:01 INFO [org.springframework.web.servlet.mvc.annotation.DefaultAnnotationHandlerMapping] Mapped URL path [/wx.do] onto handler 'wechatAction'
2017-03-28 20:38:01 INFO [org.springframework.web.servlet.mvc.annotation.DefaultAnnotationHandlerMapping] Mapped URL path [/welcome.do] onto handler 'welcomeAction'
2017-03-28 20:38:01 INFO [org.quartz.core.SchedulerSignalerImpl] Initialized Scheduler Signaller of type: class org.quartz.core.SchedulerSignalerImpl
2017-03-28 20:38:01 INFO [org.quartz.core.QuartzScheduler] Quartz Scheduler v.1.7.3 created.
2017-03-28 20:38:01 INFO [org.quartz.simpl.RAMJobStore] RAMJobStore initialized.
2017-03-28 20:38:01 INFO [org.quartz.impl.StdSchedulerFactory] Quartz scheduler 'startQuartz' initialized from an externally provided properties instance.
2017-03-28 20:38:01 INFO [org.quartz.impl.StdSchedulerFactory] Quartz scheduler version: 1.7.3
2017-03-28 20:38:01 INFO [org.quartz.core.QuartzScheduler] JobFactory set to: org.springframework.scheduling.quartz.AdaptableJobFactory@7c3b4197
2017-03-28 20:38:01 INFO [org.springframework.context.support.DefaultLifecycleProcessor] Starting beans in phase 2147483647
2017-03-28 20:38:01 INFO [org.springframework.scheduling.quartz.SchedulerFactoryBean] Starting Quartz Scheduler now
2017-03-28 20:38:01 INFO [org.quartz.core.QuartzScheduler] Scheduler startQuartz_$_NON_CLUSTERED started.
2017-03-28 20:38:01 INFO [com.ictwsn.utils.tools.InitialConfiguration] 初始化语音文件夹===
2017-03-28 20:38:02 INFO [com.ictwsn.utils.tools.InitialConfiguration] 语音文件夹创建完毕！
2017-03-28 20:38:02 INFO [com.ictwsn.utils.tools.InitialConfiguration] spring容器初始化完毕================================================
2017-03-28 20:38:02 INFO [org.springframework.web.servlet.DispatcherServlet] FrameworkServlet 'springMVC': initialization completed in 2051 ms
2017-03-28 20:38:02 INFO [org.quartz.utils.UpdateChecker] New update(s) found: 1.8.5 [http://www.terracotta.org/kit/reflector?kitID=default&pageID=QuartzChangeLog]
2017-03-28 20:38:46 INFO [com.ictwsn.utils.speech.TextToSpeech] 合并长度为：1
2017-03-28 20:38:46 INFO [com.ictwsn.utils.speech.TextToSpeech] 已进入第1次合并
2017-03-28 20:39:26 INFO [com.ictwsn.utils.tools.Tools] /root/audio/beacon/sofa不存在，已创建
2017-03-28 20:39:26 INFO [com.ictwsn.rob.beacon.BeaconTool] 音频文件:sofa-2.mp3不存在，正在合成语音...
2017-03-28 20:39:26 INFO [com.ictwsn.rob.beacon.BeaconTool] 语音合成完毕
2017-03-28 20:45:41 INFO [org.quartz.simpl.SimpleThreadPool] Job execution threads will use class loader of thread: RMI TCP Connection(5)-127.0.0.1
2017-03-28 20:45:41 INFO [org.quartz.core.SchedulerSignalerImpl] Initialized Scheduler Signaller of type: class org.quartz.core.SchedulerSignalerImpl
2017-03-28 20:45:41 INFO [org.quartz.core.QuartzScheduler] Quartz Scheduler v.1.7.3 created.
2017-03-28 20:45:41 INFO [org.quartz.simpl.RAMJobStore] RAMJobStore initialized.
2017-03-28 20:45:41 INFO [org.quartz.impl.StdSchedulerFactory] Quartz scheduler 'DefaultQuartzScheduler' initialized from default resource file in Quartz package: 'quartz.properties'
2017-03-28 20:45:41 INFO [org.quartz.impl.StdSchedulerFactory] Quartz scheduler version: 1.7.3
2017-03-28 20:45:41 INFO [org.quartz.utils.UpdateChecker] New update(s) found: 1.8.5 [http://www.terracotta.org/kit/reflector?kitID=default&pageID=QuartzChangeLog]
2017-03-28 20:45:42 INFO [org.springframework.web.servlet.DispatcherServlet] FrameworkServlet 'springMVC': initialization started
2017-03-28 20:45:42 INFO [org.springframework.web.context.support.XmlWebApplicationContext] Refreshing WebApplicationContext for namespace 'springMVC-servlet': startup date [Tue Mar 28 20:45:42 CST 2017]; root of context hierarchy
2017-03-28 20:45:42 INFO [org.springframework.beans.factory.xml.XmlBeanDefinitionReader] Loading XML bean definitions from class path resource [springmvc-servlet.xml]
2017-03-28 20:45:42 INFO [org.springframework.beans.factory.xml.XmlBeanDefinitionReader] Loading XML bean definitions from class path resource [mysql-config.xml]
2017-03-28 20:45:42 INFO [org.springframework.beans.factory.xml.XmlBeanDefinitionReader] Loading XML bean definitions from class path resource [redis-config.xml]
2017-03-28 20:45:42 INFO [org.springframework.beans.factory.config.PropertyPlaceholderConfigurer] Loading properties file from class path resource [system.properties]
2017-03-28 20:45:42 INFO [org.springframework.context.support.PropertySourcesPlaceholderConfigurer] Loading properties file from class path resource [system.properties]
2017-03-28 20:45:43 INFO [com.alibaba.druid.pool.DruidDataSource] {dataSource-1} inited
2017-03-28 20:45:43 INFO [org.springframework.web.servlet.mvc.method.annotation.RequestMappingHandlerMapping] Mapped "{[/rob/beacon],methods=[GET]}" onto public java.lang.String com.ictwsn.rob.beacon.BeaconAction.beaconScenario(javax.servlet.http.HttpServletRequest,javax.servlet.http.HttpServletResponse,java.lang.String,java.lang.String,int,java.lang.String) throws java.io.IOException,javax.servlet.ServletException
2017-03-28 20:45:43 INFO [org.springframework.web.servlet.mvc.method.annotation.RequestMappingHandlerMapping] Mapped "{[/rob/voice]}" onto public void com.ictwsn.rob.voice.action.VoiceAction.voiceAnalysis(javax.servlet.http.HttpServletRequest,javax.servlet.http.HttpServletResponse,java.lang.String) throws javax.servlet.ServletException,java.io.IOException
2017-03-28 20:45:43 INFO [org.springframework.web.servlet.mvc.method.annotation.RequestMappingHandlerMapping] Mapped "{[/user/create],methods=[POST]}" onto public java.lang.String com.ictwsn.test.action.UserAction.createUser(javax.servlet.http.HttpServletRequest,javax.servlet.http.HttpServletResponse,com.ictwsn.test.bean.UserBean)
2017-03-28 20:45:43 INFO [org.springframework.web.servlet.mvc.method.annotation.RequestMappingHandlerMapping] Mapped "{[/generalupdate]}" onto public java.lang.String com.ictwsn.utils.tools.ToolAction.addUser(org.springframework.web.multipart.commons.CommonsMultipartFile[],javax.servlet.http.HttpServletRequest)
2017-03-28 20:45:43 INFO [org.springframework.web.servlet.mvc.method.annotation.RequestMappingHandlerMapping] Mapped "{[/springmvcupload]}" onto public java.lang.String com.ictwsn.utils.tools.ToolAction.upload2(javax.servlet.http.HttpServletRequest,javax.servlet.http.HttpServletResponse) throws java.lang.IllegalStateException,java.io.IOException
2017-03-28 20:45:43 INFO [org.springframework.web.servlet.mvc.method.annotation.RequestMappingHandlerMapping] Mapped "{[/web/cust/sch.do]}" onto public java.lang.String com.ictwsn.web.custom.CustomAction.SchServlet(javax.servlet.http.HttpServletRequest,javax.servlet.http.HttpServletResponse) throws javax.servlet.ServletException,java.io.IOException
2017-03-28 20:45:43 INFO [org.springframework.web.servlet.mvc.method.annotation.RequestMappingHandlerMapping] Mapped "{[/web/cust/schdel.do]}" onto public java.lang.String com.ictwsn.web.custom.CustomAction.SchdelServlet(javax.servlet.http.HttpServletRequest,javax.servlet.http.HttpServletResponse) throws javax.servlet.ServletException,java.io.IOException
2017-03-28 20:45:43 INFO [org.springframework.web.servlet.mvc.method.annotation.RequestMappingHandlerMapping] Mapped "{[/web/record/audiodel.do]}" onto public java.lang.String com.ictwsn.web.record.RecordAction.AudiodelServlet(javax.servlet.http.HttpServletRequest,javax.servlet.http.HttpServletResponse) throws javax.servlet.ServletException,java.io.IOException
2017-03-28 20:45:43 INFO [org.springframework.web.servlet.mvc.method.annotation.RequestMappingHandlerMapping] Mapped "{[/wx.do],methods=[GET]}" onto public java.lang.String com.ictwsn.web.WechatAction.wechatVerification(javax.servlet.http.HttpServletRequest,javax.servlet.http.HttpServletResponse) throws javax.servlet.ServletException,java.io.IOException
2017-03-28 20:45:43 INFO [org.springframework.web.servlet.mvc.method.annotation.RequestMappingHandlerMapping] Mapped "{[/wx.do],methods=[POST]}" onto public java.lang.String com.ictwsn.web.WechatAction.userRecord(javax.servlet.http.HttpServletRequest,javax.servlet.http.HttpServletResponse) throws javax.servlet.ServletException,java.io.IOException
2017-03-28 20:45:43 INFO [org.springframework.web.servlet.mvc.method.annotation.RequestMappingHandlerMapping] Mapped "{[/welcome.do]}" onto public java.lang.String com.ictwsn.WelcomeAction.welcome()
2017-03-28 20:45:43 INFO [org.springframework.web.servlet.mvc.method.annotation.RequestMappingHandlerAdapter] Looking for @ControllerAdvice: WebApplicationContext for namespace 'springMVC-servlet': startup date [Tue Mar 28 20:45:42 CST 2017]; root of context hierarchy
2017-03-28 20:45:43 INFO [org.springframework.web.servlet.mvc.method.annotation.RequestMappingHandlerAdapter] Looking for @ControllerAdvice: WebApplicationContext for namespace 'springMVC-servlet': startup date [Tue Mar 28 20:45:42 CST 2017]; root of context hierarchy
2017-03-28 20:45:43 INFO [org.springframework.web.servlet.mvc.annotation.DefaultAnnotationHandlerMapping] Mapped URL path [/rob/beacon] onto handler 'beaconAction'
2017-03-28 20:45:43 INFO [org.springframework.web.servlet.mvc.annotation.DefaultAnnotationHandlerMapping] Mapped URL path [/rob/beacon.*] onto handler 'beaconAction'
2017-03-28 20:45:43 INFO [org.springframework.web.servlet.mvc.annotation.DefaultAnnotationHandlerMapping] Mapped URL path [/rob/beacon/] onto handler 'beaconAction'
2017-03-28 20:45:43 INFO [org.springframework.web.servlet.mvc.annotation.DefaultAnnotationHandlerMapping] Mapped URL path [/rob/voice] onto handler 'voiceAction'
2017-03-28 20:45:43 INFO [org.springframework.web.servlet.mvc.annotation.DefaultAnnotationHandlerMapping] Mapped URL path [/rob/voice.*] onto handler 'voiceAction'
2017-03-28 20:45:43 INFO [org.springframework.web.servlet.mvc.annotation.DefaultAnnotationHandlerMapping] Mapped URL path [/rob/voice/] onto handler 'voiceAction'
2017-03-28 20:45:43 INFO [org.springframework.web.servlet.mvc.annotation.DefaultAnnotationHandlerMapping] Mapped URL path [/user/create] onto handler 'userAction'
2017-03-28 20:45:43 INFO [org.springframework.web.servlet.mvc.annotation.DefaultAnnotationHandlerMapping] Mapped URL path [/user/create.*] onto handler 'userAction'
2017-03-28 20:45:43 INFO [org.springframework.web.servlet.mvc.annotation.DefaultAnnotationHandlerMapping] Mapped URL path [/user/create/] onto handler 'userAction'
2017-03-28 20:45:43 INFO [org.springframework.web.servlet.mvc.annotation.DefaultAnnotationHandlerMapping] Mapped URL path [/generalupdate] onto handler 'toolAction'
2017-03-28 20:45:43 INFO [org.springframework.web.servlet.mvc.annotation.DefaultAnnotationHandlerMapping] Mapped URL path [/generalupdate.*] onto handler 'toolAction'
2017-03-28 20:45:43 INFO [org.springframework.web.servlet.mvc.annotation.DefaultAnnotationHandlerMapping] Mapped URL path [/generalupdate/] onto handler 'toolAction'
2017-03-28 20:45:43 INFO [org.springframework.web.servlet.mvc.annotation.DefaultAnnotationHandlerMapping] Mapped URL path [/springmvcupload] onto handler 'toolAction'
2017-03-28 20:45:43 INFO [org.springframework.web.servlet.mvc.annotation.DefaultAnnotationHandlerMapping] Mapped URL path [/springmvcupload.*] onto handler 'toolAction'
2017-03-28 20:45:43 INFO [org.springframework.web.servlet.mvc.annotation.DefaultAnnotationHandlerMapping] Mapped URL path [/springmvcupload/] onto handler 'toolAction'
2017-03-28 20:45:43 INFO [org.springframework.web.servlet.mvc.annotation.DefaultAnnotationHandlerMapping] Mapped URL path [/web/cust/sch.do] onto handler 'customAction'
2017-03-28 20:45:43 INFO [org.springframework.web.servlet.mvc.annotation.DefaultAnnotationHandlerMapping] Mapped URL path [/web/cust/schdel.do] onto handler 'customAction'
2017-03-28 20:45:43 INFO [org.springframework.web.servlet.mvc.annotation.DefaultAnnotationHandlerMapping] Mapped URL path [/web/record/audiodel.do] onto handler 'recordAction'
2017-03-28 20:45:43 INFO [org.springframework.web.servlet.mvc.annotation.DefaultAnnotationHandlerMapping] Mapped URL path [/wx.do] onto handler 'wechatAction'
2017-03-28 20:45:43 INFO [org.springframework.web.servlet.mvc.annotation.DefaultAnnotationHandlerMapping] Mapped URL path [/welcome.do] onto handler 'welcomeAction'
2017-03-28 20:45:43 INFO [org.quartz.core.SchedulerSignalerImpl] Initialized Scheduler Signaller of type: class org.quartz.core.SchedulerSignalerImpl
2017-03-28 20:45:43 INFO [org.quartz.core.QuartzScheduler] Quartz Scheduler v.1.7.3 created.
2017-03-28 20:45:43 INFO [org.quartz.simpl.RAMJobStore] RAMJobStore initialized.
2017-03-28 20:45:43 INFO [org.quartz.impl.StdSchedulerFactory] Quartz scheduler 'startQuartz' initialized from an externally provided properties instance.
2017-03-28 20:45:43 INFO [org.quartz.impl.StdSchedulerFactory] Quartz scheduler version: 1.7.3
2017-03-28 20:45:43 INFO [org.quartz.core.QuartzScheduler] JobFactory set to: org.springframework.scheduling.quartz.AdaptableJobFactory@7dfaac93
2017-03-28 20:45:44 INFO [org.springframework.context.support.DefaultLifecycleProcessor] Starting beans in phase 2147483647
2017-03-28 20:45:44 INFO [org.springframework.scheduling.quartz.SchedulerFactoryBean] Starting Quartz Scheduler now
2017-03-28 20:45:44 INFO [org.quartz.core.QuartzScheduler] Scheduler startQuartz_$_NON_CLUSTERED started.
2017-03-28 20:45:44 INFO [com.ictwsn.utils.tools.InitialConfiguration] 初始化语音文件夹===
2017-03-28 20:45:44 INFO [com.ictwsn.utils.tools.InitialConfiguration] 语音文件夹创建完毕！
2017-03-28 20:45:44 INFO [com.ictwsn.utils.tools.InitialConfiguration] spring容器初始化完毕================================================
2017-03-28 20:45:44 INFO [org.springframework.web.servlet.DispatcherServlet] FrameworkServlet 'springMVC': initialization completed in 1931 ms
2017-03-28 20:45:44 INFO [org.quartz.utils.UpdateChecker] New update(s) found: 1.8.5 [http://www.terracotta.org/kit/reflector?kitID=default&pageID=QuartzChangeLog]
2017-03-28 20:45:55 WARN [org.springframework.web.servlet.PageNotFound] No mapping found for HTTP request with URI [/favicon.ico] in DispatcherServlet with name 'springMVC'
2017-03-28 20:46:00 INFO [com.ictwsn.rob.voice.action.VoiceAction] 处理完成
2017-03-28 20:46:39 INFO [org.mongodb.driver.cluster] Cluster created with settings {hosts=[localhost:27017], mode=MULTIPLE, requiredClusterType=UNKNOWN, serverSelectionTimeout='30000 ms', maxWaitQueueSize=500}
2017-03-28 20:46:39 INFO [org.mongodb.driver.cluster] Adding discovered server localhost:27017 to client view of cluster
2017-03-28 20:46:39 INFO [org.mongodb.driver.cluster] No server chosen by ReadPreferenceServerSelector{readPreference=primary} from cluster description ClusterDescription{type=UNKNOWN, connectionMode=MULTIPLE, all=[ServerDescription{address=localhost:27017, type=UNKNOWN, state=CONNECTING}]}. Waiting for 30000 ms before timing out
2017-03-28 20:46:39 INFO [org.mongodb.driver.connection] Opened connection [connectionId{localValue:1, serverValue:48}] to localhost:27017
2017-03-28 20:46:39 INFO [org.mongodb.driver.cluster] Monitor thread successfully connected to server with description ServerDescription{address=localhost:27017, type=STANDALONE, state=CONNECTED, ok=true, version=ServerVersion{versionList=[3, 2, 4]}, minWireVersion=0, maxWireVersion=4, maxDocumentSize=16777216, roundTripTimeNanos=479573}
2017-03-28 20:46:39 INFO [org.mongodb.driver.cluster] Discovered cluster type of STANDALONE
2017-03-28 20:46:39 INFO [org.mongodb.driver.connection] Opened connection [connectionId{localValue:2, serverValue:49}] to localhost:27017
2017-03-28 20:46:39 INFO [com.ictwsn.utils.library.Library] joke：随机获取第246条数据，条件：军事笑话
2017-03-28 20:46:40 INFO [com.ictwsn.rob.voice.action.VoiceAction] 处理完成
2017-03-28 20:47:27 INFO [com.ictwsn.rob.voice.action.VoiceAction] 处理完成
2017-03-28 20:48:03 INFO [com.ictwsn.rob.voice.action.VoiceAction] 处理完成
2017-03-28 20:48:35 INFO [com.ictwsn.rob.voice.action.VoiceAction] 处理完成
2017-03-28 20:48:49 INFO [com.ictwsn.rob.voice.action.VoiceAction] 处理完成
2017-03-28 20:49:20 INFO [com.ictwsn.rob.voice.action.VoiceAction] 处理完成
2017-03-28 20:49:44 INFO [com.ictwsn.rob.voice.action.VoiceAction] 处理完成
2017-03-28 20:50:47 INFO [org.springframework.web.context.support.XmlWebApplicationContext] Closing WebApplicationContext for namespace 'springMVC-servlet': startup date [Tue Mar 28 20:45:42 CST 2017]; root of context hierarchy
2017-03-28 20:50:47 INFO [org.springframework.context.support.DefaultLifecycleProcessor] Stopping beans in phase 2147483647
2017-03-28 20:50:47 INFO [org.quartz.core.QuartzScheduler] Scheduler startQuartz_$_NON_CLUSTERED paused.
2017-03-28 20:50:47 INFO [org.springframework.scheduling.quartz.SchedulerFactoryBean] Shutting down Quartz Scheduler
2017-03-28 20:50:47 INFO [org.quartz.core.QuartzScheduler] Scheduler startQuartz_$_NON_CLUSTERED shutting down.
2017-03-28 20:50:47 INFO [org.quartz.core.QuartzScheduler] Scheduler startQuartz_$_NON_CLUSTERED paused.
2017-03-28 20:50:47 INFO [org.quartz.core.QuartzScheduler] Scheduler startQuartz_$_NON_CLUSTERED shutdown complete.
2017-03-28 20:50:47 INFO [com.alibaba.druid.pool.DruidDataSource] {dataSource-1} closed
